RUN	LPS.UserLoginPragiti	userloginpragiti	1564126822945	 	3.1.2
USER	UserLoginPragiti	1	START	1564126824526	1564126824526
REQUEST	1		request_0	1564126824569	1564126825177	OK	 
REQUEST	1		favicon.ico	1564126825388	1564126825505	OK	 
REQUEST	1		owl.carousel.min.css	1564126825529	1564126825579	OK	 
REQUEST	1		owl.theme.default.min.css	1564126825623	1564126825672	OK	 
REQUEST	1		intlTelInput.css	1564126825675	1564126825730	OK	 
REQUEST	1		jquery.mCustomScrollbar.min.css	1564126825737	1564126825832	OK	 
REQUEST	1		fsxmirakladdon.css	1564126825391	1564126825880	OK	 
REQUEST	1		easydropdown.flat.css	1564126825842	1564126825891	OK	 
REQUEST	1		mirakladdon.css	1564126825390	1564126825905	OK	 
REQUEST	1		xzoom.css	1564126825881	1564126825932	OK	 
REQUEST	1		fsxwishlistaddon.css	1564126825390	1564126825935	OK	 
REQUEST	1		smarteditaddon.css	1564126825391	1564126825982	OK	 
REQUEST	1		application-custom.css	1564126825934	1564126826012	OK	 
REQUEST	1		analyticsmediator.js	1564126825936	1564126826017	OK	 
REQUEST	1		bootstrap-3.3.7.min.css	1564126825893	1564126826173	OK	 
REQUEST	1		FSX-logo.png?context=bWFzdGVyfGltYWdlc3wyNTcyNHxpbWFnZS9wbmd8aW1hZ2VzL2gyMy9oYTYvODc5ODgyODg4ODA5NC5wbmd8ZjM4YTNkMDcwYTFjODM4NDI0YzlmMjE4MTVhOWI0N2VmZWQ1ZTE0YWJjMzdkMzUyMGYzZGZjOTlmNzA1N2ZjYg	1564126825984	1564126826182	OK	 
REQUEST	1		css?family=Open+Sans:400,300,300italic,400italic,600,600italic,700,700italic,800,800italic	1564126825493	1564126826213	OK	 
REQUEST	1		css?family=Open+Sans:300,400,600,700,800	1564126825392	1564126826321	OK	 
REQUEST	1		Home-Page-Carousel-1-shutterstock-792066871.jpg?context=bWFzdGVyfHJvb3R8OTQ4MDZ8aW1hZ2UvanBlZ3xoYzYvaDkxLzg3OTg5MTEzOTc5MTguanBnfGYwNGJiZDVhZTFjMDgwMzhiYmNlNTdlMWI0MjNlNWVhYjNhMzkxYzI3OTY0ODBhOWQ2MmI0ZjUzNjEwYWU3MjY	1564126826015	1564126826370	OK	 
REQUEST	1		Home-Page-Carousel-2-shutterstock-687081655.jpg?context=bWFzdGVyfHJvb3R8MTc4NzA1fGltYWdlL2pwZWd8aDVmL2g5YS84Nzk4OTExNDYzNDU0LmpwZ3w2MWM1YjFiMmMyZjZmMzQ2OTM3MWFiNmNmYzQ3NjM3ZDMzMTgzYmRiOTQxMjkwYTc4ZTI4OGVmZjBmNWYwOTgx	1564126826018	1564126826640	OK	 
REQUEST	1		Home-Page-Carousel-3-shutterstock-1119898184.jpg?context=bWFzdGVyfHJvb3R8MTgzNjE2fGltYWdlL2pwZWd8aGNmL2gwZC84Nzk4OTExNTI4OTkwLmpwZ3xmYTc4YWNlYWRkNGE3ZjI4MWJlYWJhNGU2ZGZiZjQyNTk1ZTBhOTQxOWFkMjBhMjUzNDA5NGRkZTdhYzk3YWNl	1564126826181	1564126826815	OK	 
REQUEST	1		Home-Page-Carousel-4-shutterstock-273567461.jpg?context=bWFzdGVyfHJvb3R8MjEwNTczfGltYWdlL2pwZWd8aGU4L2hkMy84Nzk4OTExNTk0NTI2LmpwZ3xlY2YyMjU0ZjQyMmY0Y2Y1YmE4NmU3NDA1NTJmMGRhNDk1NzU1YTc2ZWMyYWQ3ODhjZmY2ZDViYzZmMzBiMjhl	1564126826190	1564126826920	OK	 
REQUEST	1		Light-Counter-Equipment.jpg?context=bWFzdGVyfHJvb3R8MzAyNzJ8aW1hZ2UvanBlZ3xoNzAvaDg3Lzg3OTg2Njc4OTg5MTAuanBnfDU4ODhmN2ZlYTk2OTYwYzg0YTY0OGI0ZjMwMWQ5ZmFiYjM1ZDJjODg5N2M1ZWEyZmJlOGI1MjFjNjY0ODc3ZWQ	1564126826816	1564126826988	OK	 
REQUEST	1		style.css	1564126825389	1564126827010	OK	 
REQUEST	1		Home-Page-Carousel-5-shutterstock-121103542.jpg?context=bWFzdGVyfHJvb3R8MjEzMjk0fGltYWdlL2pwZWd8aDNkL2g1OC84Nzk4OTExNjYwMDYyLmpwZ3xjYmQ0MGVmM2I4NTRlNjIwNGI1ZTI2ZjI0OWZjYjk1NjNiOTNlYWJlNjYyOWEyMTIwYTgxMGVmOTcxYWZjZjM5	1564126826372	1564126827077	OK	 
REQUEST	1		application.min.css	1564126825907	1564126827083	OK	 
REQUEST	1		KitchenEquipment.jpg?context=bWFzdGVyfGltYWdlc3wxNTI4MTZ8aW1hZ2UvanBlZ3xpbWFnZXMvaDE2L2g1Ni84ODAyODUzODE0MzAyLmpwZ3xlMDlmZWM5ODBmOWMxYzBmM2I2ZGUzNTk2NWU1YTk1ODJlMTZiOTFkYmRhNjY1ODAxNzBkODEzZjhkZDhhNDBi	1564126826642	1564126827125	OK	 
REQUEST	1		Bar-Equipment.jpg?context=bWFzdGVyfHJvb3R8NzEwMjl8aW1hZ2UvanBlZ3xoNjUvaGEyLzg3OTg2Njc5NjQ0NDYuanBnfGZiNjQ3MGI3ZDlmMTIwZWRhYTY2ZTFlZjIxMGY5NjUyZDU4NmU3MTI1OTFmMjZkNzY1NGUxYjc0ZDBlNGFkZmE	1564126826922	1564126827159	OK	 
REQUEST	1		Lodging.jpg?context=bWFzdGVyfHJvb3R8MzIxMzZ8aW1hZ2UvanBlZ3xoZWUvaDQ1Lzg3OTg2NzMyMDczMjYuanBnfGFkYWY1MjYwMmUyYmVjM2U2ZTlmZmQwMmY2NTM2NmEwYTRkMzNhZGI2Yzk4ZjNjOTg5NTUzMmI3MTVjODc3MzI	1564126827088	1564126827275	OK	 
REQUEST	1		FSX-footer-logo.png?context=bWFzdGVyfGltYWdlc3w2MDI5fGltYWdlL3BuZ3xpbWFnZXMvaDBhL2g1My84Nzk5NTY4MjY1MjQ2LnBuZ3w0ZjgwZjgwZWM5Nzc2ODIwZmRjYjc1NmRkNjJkODk1NjFhMDU5YTBiZWI2Y2MwNTI4NzQ5N2RmYmExOTUyNmJj	1564126827160	1564126827278	OK	 
REQUEST	1		Furniture.jpg?context=bWFzdGVyfHJvb3R8NTU3MzZ8aW1hZ2UvanBlZ3xoZjcvaGY5Lzg3OTg2NjgyOTIxMjYuanBnfDYyMmI0N2MwYmM4NzFmYTJiZTQzZTIyNTk0OWIyOWFlYTVlMDA3YWFjMzVjN2ExOTYyZGQ3YjViN2U0NzEzMTM	1564126827077	1564126827288	OK	 
REQUEST	1		Smallwares.jpg?context=bWFzdGVyfGltYWdlc3wxMDg4NDN8aW1hZ2UvanBlZ3xpbWFnZXMvaDc5L2g3NS84ODAyODU0NzMxODA2LmpwZ3wxM2VkNTQwZmQwNTg4M2QzNjZhYzAxMzk2YTIxMTY2M2ZlMzNiMzM5NjUxNDcwZTc5MjFhY2ZhMDk0MDA4ZmNi	1564126827033	1564126827356	OK	 
REQUEST	1		TableTop.jpg?context=bWFzdGVyfGltYWdlc3wxNjIyODJ8aW1hZ2UvanBlZ3xpbWFnZXMvaGFlL2g0ZC84ODAyODU0NzY0NTc0LmpwZ3w1ZDFmNzRjZmM3NWRiMDA1Yjk2ZjkyNjJhN2YwZDE5MTczYTc4ZTM5MDk5ZTIzMGYxZTljOWU3MmZiOWQyYjM3	1564126826990	1564126827360	OK	 
REQUEST	1		facebook.png?context=bWFzdGVyfHJvb3R8MTcxNXxpbWFnZS9wbmd8aDczL2g0ZS84ODAyMjkzMzUwNDMwLnBuZ3wxZjA1YTQwMzQ4ZWQxNzZiNDZjNDUyMzE1YTY1MWM5NmYzM2RlMGVkZjZmMWM3Yzc4YmQwYzdiNTAzMWRjMDcy	1564126827276	1564126827363	OK	 
REQUEST	1		Janitorial.jpg?context=bWFzdGVyfHJvb3R8NzA4Mjl8aW1hZ2UvanBlZ3xoMjkvaGNhLzg3OTg2NzM0MDM5MzQuanBnfDEzNDkwZjhhYjY5MWRhMzJhYWRlMzEzMWVkYjYxMDJiYzFlYzMwZmU4ZmQzZjU2MTk2YzAyZjRiZGJhYjMwNzc	1564126827126	1564126827367	OK	 
REQUEST	1		instagram.png?context=bWFzdGVyfHJvb3R8MzQwN3xpbWFnZS9wbmd8aDUzL2hkZC84ODAyMjkzNDE1OTY2LnBuZ3xmOTYxNzkzNGE4NzQwYjQ0MmVkMTRiYjExY2VkZWEwZjM1MDNkZmJjYzMwNTM5NWI0MWJmYWM5MWUzMzgxMjBk	1564126827290	1564126827370	OK	 
REQUEST	1		linkedin.png?context=bWFzdGVyfHJvb3R8MTkwOHxpbWFnZS9wbmd8aDY0L2g3Mi84ODAyMjkzMzgzMTk4LnBuZ3xlMzdhOTVjMWE5YjdiOGJlNjgxMTk5M2RlMDcwM2FhMGEyYzVmYmZjNGI0MTgzMjllZmMwMzE1MzZmNmVhZjg3	1564126827280	1564126827374	OK	 
REQUEST	1		enquire.min.js	1564126827365	1564126827418	OK	 
REQUEST	1		generatedVariables.js	1564126827358	1564126827421	OK	 
REQUEST	1		purify.min.js	1564126827372	1564126827443	OK	 
REQUEST	1		Imager.min.js	1564126827369	1564126827446	OK	 
REQUEST	1		jquery.blockUI-2.66.js	1564126827375	1564126827462	OK	 
REQUEST	1		jquery-3.2.1.min.js	1564126827362	1564126827499	OK	 
REQUEST	1		jquery.colorbox-min.js	1564126827420	1564126827502	OK	 
REQUEST	1		jquery.form.min.js	1564126827423	1564126827504	OK	 
REQUEST	1		jquery.hoverIntent.js	1564126827445	1564126827507	OK	 
REQUEST	1		jquery.pstrength.custom-1.2.0.js	1564126827448	1564126827515	OK	 
REQUEST	1		jquery.syncheight.custom.js	1564126827463	1564126827531	OK	 
REQUEST	1		jquery.tabs.custom.js	1564126827501	1564126827563	OK	 
REQUEST	1		jquery.zoom.custom.js	1564126827506	1564126827566	OK	 
REQUEST	1		jquery.tmpl-1.0.0pre.min.js	1564126827517	1564126827595	OK	 
REQUEST	1		jquery.currencies.min.js	1564126827532	1564126827609	OK	 
REQUEST	1		owl.carousel.custom.js	1564126827508	1564126827630	OK	 
REQUEST	1		jquery.waitforimages.min.js	1564126827564	1564126827639	OK	 
REQUEST	1		jquery.slideviewer.custom.1.2.js	1564126827567	1564126827642	OK	 
REQUEST	1		acc.autocomplete.js	1564126827640	1564126827708	OK	 
REQUEST	1		acc.carousel.js	1564126827643	1564126827718	OK	 
REQUEST	1		jquery.validate.min.js	1564126827611	1564126827729	OK	 
REQUEST	1		acc.address.js	1564126827631	1564126827751	OK	 
REQUEST	1		owl.carousel.min.js	1564126827596	1564126827753	OK	 
REQUEST	1		acc.cartitem.js	1564126827719	1564126827797	OK	 
REQUEST	1		acc.cart.js	1564126827710	1564126827798	OK	 
REQUEST	1		jquery-ui-1.12.1.min.js	1564126827503	1564126827802	OK	 
REQUEST	1		acc.checkoutsteps.js	1564126827753	1564126827807	OK	 
REQUEST	1		acc.checkout.js	1564126827731	1564126827814	OK	 
REQUEST	1		acc.checkoutaddress.js	1564126827754	1564126827816	OK	 
REQUEST	1		acc.colorbox.js	1564126827799	1564126827849	OK	 
REQUEST	1		acc.cms.js	1564126827798	1564126827851	OK	 
REQUEST	1		acc.common.js	1564126827803	1564126827853	OK	 
REQUEST	1		acc.forgottenpassword.js	1564126827808	1564126827855	OK	 
REQUEST	1		acc.global.js	1564126827815	1564126827878	OK	 
REQUEST	1		acc.hopdebug.js	1564126827817	1564126827890	OK	 
REQUEST	1		acc.imagegallery.js	1564126827850	1564126827898	OK	 
REQUEST	1		acc.langcurrencyselector.js	1564126827852	1564126827900	OK	 
REQUEST	1		acc.minicart.js	1564126827854	1564126827902	OK	 
REQUEST	1		acc.navigation.js	1564126827856	1564126827907	OK	 
REQUEST	1		acc.order.js	1564126827879	1564126827939	OK	 
REQUEST	1		acc.payment.js	1564126827899	1564126827949	OK	 
REQUEST	1		acc.paymentDetails.js	1564126827901	1564126827951	OK	 
REQUEST	1		acc.paginationsort.js	1564126827891	1564126827956	OK	 
REQUEST	1		acc.product.js	1564126827908	1564126827960	OK	 
REQUEST	1		acc.pickupinstore.js	1564126827903	1564126827963	OK	 
REQUEST	1		acc.ratingstars.js	1564126827952	1564126828006	OK	 
REQUEST	1		acc.quickview.js	1564126827950	1564126828008	OK	 
REQUEST	1		acc.productDetail.js	1564126827940	1564126828011	OK	 
REQUEST	1		acc.sanitizer.js	1564126827962	1564126828013	OK	 
REQUEST	1		acc.refinements.js	1564126827957	1564126828017	OK	 
REQUEST	1		acc.silentorderpost.js	1564126827964	1564126828020	OK	 
REQUEST	1		acc.tabs.js	1564126828007	1564126828055	OK	 
REQUEST	1		acc.termsandconditions.js	1564126828010	1564126828058	OK	 
REQUEST	1		acc.storefinder.js	1564126828014	1564126828063	OK	 
REQUEST	1		acc.track.js	1564126828012	1564126828080	OK	 
REQUEST	1		acc.futurelink.js	1564126828019	1564126828081	OK	 
REQUEST	1		acc.productorderform.js	1564126828022	1564126828082	OK	 
REQUEST	1		acc.multidgrid.js	1564126828059	1564126828107	OK	 
REQUEST	1		acc.savedcarts.js	1564126828056	1564126828108	OK	 
REQUEST	1		acc.quickorder.js	1564126828063	1564126828121	OK	 
REQUEST	1		acc.cookienotification.js	1564126828083	1564126828131	OK	 
REQUEST	1		acc.consent.js	1564126828082	1564126828147	OK	 
REQUEST	1		acc.closeaccount.js	1564126828108	1564126828157	OK	 
REQUEST	1		acc.csv-import.js	1564126828108	1564126828159	OK	 
REQUEST	1		_autoload.js	1564126828121	1564126828169	OK	 
REQUEST	1		fsxwishlistaddon.js	1564126828131	1564126828179	OK	 
REQUEST	1		mirakltabs.js	1564126828158	1564126828205	OK	 
REQUEST	1		miraklratingstars.js	1564126828147	1564126828210	OK	 
REQUEST	1		miraklpopups.js	1564126828159	1564126828213	OK	 
REQUEST	1		acc.quote.js	1564126828081	1564126828217	OK	 
REQUEST	1		miraklexpandable.js	1564126828170	1564126828220	OK	 
REQUEST	1		miraklorderconditions.js	1564126828180	1564126828228	OK	 
REQUEST	1		fsxmirakladdon.js	1564126828207	1564126828267	OK	 
REQUEST	1		acc.orderform.js	1564126828221	1564126828290	OK	 
REQUEST	1		acc.approval.js	1564126828230	1564126828293	OK	 
REQUEST	1		acc.paymentType.js	1564126828213	1564126828296	OK	 
REQUEST	1		acc.replenishment.js	1564126828218	1564126828298	OK	 
REQUEST	1		acc.checkoutsummary.js	1564126828211	1564126828301	OK	 
REQUEST	1		reprocessPage.js	1564126828291	1564126828344	OK	 
REQUEST	1		adjustComponentRenderingToSE.js	1564126828294	1564126828346	OK	 
REQUEST	1		webApplicationInjector.js	1564126828268	1564126828349	OK	 
REQUEST	1		smarteditaddon.js	1564126828297	1564126828356	OK	 
REQUEST	1		setup.js	1564126828348	1564126828407	OK	 
REQUEST	1		acc.plp-list-view.js	1564126828357	1564126828438	OK	 
REQUEST	1		xzoom.js	1564126828351	1564126828445	OK	 
REQUEST	1		acc.main-dev.js	1564126828303	1564126828470	OK	 
REQUEST	1		request_1	1564126828408	1564126828521	OK	 
REQUEST	1		request_2	1564126828440	1564126828524	OK	 
REQUEST	1		request_3	1564126828446	1564126828530	OK	 
REQUEST	1		request_4	1564126828472	1564126828548	OK	 
REQUEST	1		acc.main.js	1564126828300	1564126828605	OK	 
REQUEST	1		combined.min.js	1564126828345	1564126828782	OK	 
REQUEST	1		request_5	1564126852813	1564126853361	OK	 
REQUEST	1		favicon.ico	1564126853442	1564126853491	OK	 
REQUEST	1		request_6	1564126853496	1564126853550	OK	 
REQUEST	1		request_7	1564126853551	1564126853601	OK	 
REQUEST	1		request_8	1564126853602	1564126853656	OK	 
REQUEST	1		request_9	1564126853658	1564126853707	OK	 
REQUEST	1		request_10	1564126853708	1564126853763	OK	 
REQUEST	1		fsxmirakladdon.css	1564126853444	1564126853785	OK	 
REQUEST	1		style.css	1564126853443	1564126853787	OK	 
REQUEST	1		mirakladdon.css	1564126853444	1564126853789	OK	 
REQUEST	1		fsxwishlistaddon.css	1564126853443	1564126853831	OK	 
REQUEST	1		smarteditaddon.css	1564126853444	1564126853873	OK	 
REQUEST	1		request_10	1564126853774	1564126853958	OK	 
USER	UserLoginPragiti	1	END	1564126824526	1564126853975
