RUN	LPS.UserLogin_PragitiDev	userlogin-pragitidev	1564051947244	 	3.1.2
USER	UserLogin_PragitiDev	1	START	1564051948793	1564051948793
REQUEST	1		request_0	1564051948826	1564051949553	OK	 
REQUEST	1		favicon.ico	1564051949770	1564051949842	OK	 
REQUEST	1		owl.carousel.min.css	1564051949866	1564051949926	OK	 
REQUEST	1		owl.theme.default.min.css	1564051949968	1564051950023	OK	 
REQUEST	1		intlTelInput.css	1564051950026	1564051950104	OK	 
REQUEST	1		smarteditaddon.css	1564051949772	1564051950133	OK	 
REQUEST	1		mirakladdon.css	1564051949771	1564051950141	OK	 
REQUEST	1		fsxwishlistaddon.css	1564051949771	1564051950145	OK	 
REQUEST	1		easydropdown.flat.css	1564051950137	1564051950188	OK	 
REQUEST	1		fsxmirakladdon.css	1564051949772	1564051950192	OK	 
REQUEST	1		xzoom.css	1564051950144	1564051950196	OK	 
REQUEST	1		jquery.mCustomScrollbar.min.css	1564051950110	1564051950254	OK	 
REQUEST	1		analyticsmediator.js	1564051950198	1564051950262	OK	 
REQUEST	1		css?family=Open+Sans:400,300,300italic,400italic,600,600italic,700,700italic,800,800italic	1564051949778	1564051950275	OK	 
REQUEST	1		application-custom.css	1564051950194	1564051950282	OK	 
REQUEST	1		css?family=Open+Sans:300,400,600,700,800	1564051949772	1564051950375	OK	 
REQUEST	1		FSX-logo.png?context=bWFzdGVyfGltYWdlc3wyNTcyNHxpbWFnZS9wbmd8aW1hZ2VzL2gyMy9oYTYvODc5ODgyODg4ODA5NC5wbmd8ZjM4YTNkMDcwYTFjODM4NDI0YzlmMjE4MTVhOWI0N2VmZWQ1ZTE0YWJjMzdkMzUyMGYzZGZjOTlmNzA1N2ZjYg	1564051950258	1564051950448	OK	 
REQUEST	1		bootstrap-3.3.7.min.css	1564051950147	1564051950465	OK	 
REQUEST	1		Home-Page-Carousel-1-shutterstock-792066871.jpg?context=bWFzdGVyfHJvb3R8OTQ4MDZ8aW1hZ2UvanBlZ3xoYzYvaDkxLzg3OTg5MTEzOTc5MTguanBnfGYwNGJiZDVhZTFjMDgwMzhiYmNlNTdlMWI0MjNlNWVhYjNhMzkxYzI3OTY0ODBhOWQ2MmI0ZjUzNjEwYWU3MjY	1564051950262	1564051950565	OK	 
REQUEST	1		Home-Page-Carousel-2-shutterstock-687081655.jpg?context=bWFzdGVyfHJvb3R8MTc4NzA1fGltYWdlL2pwZWd8aDVmL2g5YS84Nzk4OTExNDYzNDU0LmpwZ3w2MWM1YjFiMmMyZjZmMzQ2OTM3MWFiNmNmYzQ3NjM3ZDMzMTgzYmRiOTQxMjkwYTc4ZTI4OGVmZjBmNWYwOTgx	1564051950283	1564051950859	OK	 
REQUEST	1		Home-Page-Carousel-3-shutterstock-1119898184.jpg?context=bWFzdGVyfHJvb3R8MTgzNjE2fGltYWdlL2pwZWd8aGNmL2gwZC84Nzk4OTExNTI4OTkwLmpwZ3xmYTc4YWNlYWRkNGE3ZjI4MWJlYWJhNGU2ZGZiZjQyNTk1ZTBhOTQxOWFkMjBhMjUzNDA5NGRkZTdhYzk3YWNl	1564051950450	1564051951157	OK	 
REQUEST	1		Home-Page-Carousel-4-shutterstock-273567461.jpg?context=bWFzdGVyfHJvb3R8MjEwNTczfGltYWdlL2pwZWd8aGU4L2hkMy84Nzk4OTExNTk0NTI2LmpwZ3xlY2YyMjU0ZjQyMmY0Y2Y1YmE4NmU3NDA1NTJmMGRhNDk1NzU1YTc2ZWMyYWQ3ODhjZmY2ZDViYzZmMzBiMjhl	1564051950470	1564051951188	OK	 
REQUEST	1		Home-Page-Carousel-5-shutterstock-121103542.jpg?context=bWFzdGVyfHJvb3R8MjEzMjk0fGltYWdlL2pwZWd8aDNkL2g1OC84Nzk4OTExNjYwMDYyLmpwZ3xjYmQ0MGVmM2I4NTRlNjIwNGI1ZTI2ZjI0OWZjYjk1NjNiOTNlYWJlNjYyOWEyMTIwYTgxMGVmOTcxYWZjZjM5	1564051950566	1564051951290	OK	 
REQUEST	1		Light-Counter-Equipment.jpg?context=bWFzdGVyfHJvb3R8MzAyNzJ8aW1hZ2UvanBlZ3xoNzAvaDg3Lzg3OTg2Njc4OTg5MTAuanBnfDU4ODhmN2ZlYTk2OTYwYzg0YTY0OGI0ZjMwMWQ5ZmFiYjM1ZDJjODg5N2M1ZWEyZmJlOGI1MjFjNjY0ODc3ZWQ	1564051951159	1564051951377	OK	 
REQUEST	1		application.min.css	1564051950190	1564051951391	OK	 
REQUEST	1		KitchenEquipment.jpg?context=bWFzdGVyfGltYWdlc3wxNTI4MTZ8aW1hZ2UvanBlZ3xpbWFnZXMvaDE2L2g1Ni84ODAyODUzODE0MzAyLmpwZ3xlMDlmZWM5ODBmOWMxYzBmM2I2ZGUzNTk2NWU1YTk1ODJlMTZiOTFkYmRhNjY1ODAxNzBkODEzZjhkZDhhNDBi	1564051950860	1564051951412	OK	 
REQUEST	1		style.css	1564051949771	1564051951428	OK	 
REQUEST	1		Bar-Equipment.jpg?context=bWFzdGVyfHJvb3R8NzEwMjl8aW1hZ2UvanBlZ3xoNjUvaGEyLzg3OTg2Njc5NjQ0NDYuanBnfGZiNjQ3MGI3ZDlmMTIwZWRhYTY2ZTFlZjIxMGY5NjUyZDU4NmU3MTI1OTFmMjZkNzY1NGUxYjc0ZDBlNGFkZmE	1564051951190	1564051951436	OK	 
REQUEST	1		FSX-footer-logo.png?context=bWFzdGVyfGltYWdlc3w2MDI5fGltYWdlL3BuZ3xpbWFnZXMvaDBhL2g1My84Nzk5NTY4MjY1MjQ2LnBuZ3w0ZjgwZjgwZWM5Nzc2ODIwZmRjYjc1NmRkNjJkODk1NjFhMDU5YTBiZWI2Y2MwNTI4NzQ5N2RmYmExOTUyNmJj	1564051951437	1564051951513	OK	 
REQUEST	1		facebook.png?context=bWFzdGVyfHJvb3R8MTcxNXxpbWFnZS9wbmd8aDczL2g0ZS84ODAyMjkzMzUwNDMwLnBuZ3wxZjA1YTQwMzQ4ZWQxNzZiNDZjNDUyMzE1YTY1MWM5NmYzM2RlMGVkZjZmMWM3Yzc4YmQwYzdiNTAzMWRjMDcy	1564051951515	1564051951594	OK	 
REQUEST	1		Furniture.jpg?context=bWFzdGVyfHJvb3R8NTU3MzZ8aW1hZ2UvanBlZ3xoZjcvaGY5Lzg3OTg2NjgyOTIxMjYuanBnfDYyMmI0N2MwYmM4NzFmYTJiZTQzZTIyNTk0OWIyOWFlYTVlMDA3YWFjMzVjN2ExOTYyZGQ3YjViN2U0NzEzMTM	1564051951409	1564051951602	OK	 
REQUEST	1		Lodging.jpg?context=bWFzdGVyfHJvb3R8MzIxMzZ8aW1hZ2UvanBlZ3xoZWUvaDQ1Lzg3OTg2NzMyMDczMjYuanBnfGFkYWY1MjYwMmUyYmVjM2U2ZTlmZmQwMmY2NTM2NmEwYTRkMzNhZGI2Yzk4ZjNjOTg5NTUzMmI3MTVjODc3MzI	1564051951412	1564051951606	OK	 
REQUEST	1		TableTop.jpg?context=bWFzdGVyfGltYWdlc3wxNjIyODJ8aW1hZ2UvanBlZ3xpbWFnZXMvaGFlL2g0ZC84ODAyODU0NzY0NTc0LmpwZ3w1ZDFmNzRjZmM3NWRiMDA1Yjk2ZjkyNjJhN2YwZDE5MTczYTc4ZTM5MDk5ZTIzMGYxZTljOWU3MmZiOWQyYjM3	1564051951292	1564051951633	OK	 
REQUEST	1		Janitorial.jpg?context=bWFzdGVyfHJvb3R8NzA4Mjl8aW1hZ2UvanBlZ3xoMjkvaGNhLzg3OTg2NzM0MDM5MzQuanBnfDEzNDkwZjhhYjY5MWRhMzJhYWRlMzEzMWVkYjYxMDJiYzFlYzMwZmU4ZmQzZjU2MTk2YzAyZjRiZGJhYjMwNzc	1564051951434	1564051951661	OK	 
REQUEST	1		linkedin.png?context=bWFzdGVyfHJvb3R8MTkwOHxpbWFnZS9wbmd8aDY0L2g3Mi84ODAyMjkzMzgzMTk4LnBuZ3xlMzdhOTVjMWE5YjdiOGJlNjgxMTk5M2RlMDcwM2FhMGEyYzVmYmZjNGI0MTgzMjllZmMwMzE1MzZmNmVhZjg3	1564051951596	1564051951681	OK	 
REQUEST	1		instagram.png?context=bWFzdGVyfHJvb3R8MzQwN3xpbWFnZS9wbmd8aDUzL2hkZC84ODAyMjkzNDE1OTY2LnBuZ3xmOTYxNzkzNGE4NzQwYjQ0MmVkMTRiYjExY2VkZWEwZjM1MDNkZmJjYzMwNTM5NWI0MWJmYWM5MWUzMzgxMjBk	1564051951604	1564051951684	OK	 
REQUEST	1		generatedVariables.js	1564051951608	1564051951687	OK	 
REQUEST	1		Smallwares.jpg?context=bWFzdGVyfGltYWdlc3wxMDg4NDN8aW1hZ2UvanBlZ3xpbWFnZXMvaDc5L2g3NS84ODAyODU0NzMxODA2LmpwZ3wxM2VkNTQwZmQwNTg4M2QzNjZhYzAxMzk2YTIxMTY2M2ZlMzNiMzM5NjUxNDcwZTc5MjFhY2ZhMDk0MDA4ZmNi	1564051951379	1564051951722	OK	 
REQUEST	1		enquire.min.js	1564051951662	1564051951726	OK	 
REQUEST	1		Imager.min.js	1564051951682	1564051951735	OK	 
REQUEST	1		purify.min.js	1564051951685	1564051951749	OK	 
REQUEST	1		jquery-3.2.1.min.js	1564051951634	1564051951787	OK	 
REQUEST	1		jquery.hoverIntent.js	1564051951736	1564051951790	OK	 
REQUEST	1		jquery.colorbox-min.js	1564051951724	1564051951793	OK	 
REQUEST	1		jquery.form.min.js	1564051951728	1564051951803	OK	 
REQUEST	1		jquery.pstrength.custom-1.2.0.js	1564051951751	1564051951815	OK	 
REQUEST	1		jquery.blockUI-2.66.js	1564051951688	1564051951847	OK	 
REQUEST	1		jquery.syncheight.custom.js	1564051951788	1564051951849	OK	 
REQUEST	1		jquery.tabs.custom.js	1564051951792	1564051951851	OK	 
REQUEST	1		jquery.zoom.custom.js	1564051951805	1564051951884	OK	 
REQUEST	1		jquery.currencies.min.js	1564051951849	1564051951899	OK	 
REQUEST	1		jquery.waitforimages.min.js	1564051951852	1564051951902	OK	 
REQUEST	1		jquery.tmpl-1.0.0pre.min.js	1564051951848	1564051951910	OK	 
REQUEST	1		owl.carousel.custom.js	1564051951817	1564051951917	OK	 
REQUEST	1		jquery.slideviewer.custom.1.2.js	1564051951885	1564051951946	OK	 
REQUEST	1		acc.autocomplete.js	1564051951918	1564051951997	OK	 
REQUEST	1		jquery.validate.min.js	1564051951903	1564051952000	OK	 
REQUEST	1		owl.carousel.min.js	1564051951901	1564051952004	OK	 
REQUEST	1		acc.address.js	1564051951912	1564051952007	OK	 
REQUEST	1		acc.carousel.js	1564051951948	1564051952010	OK	 
REQUEST	1		acc.cart.js	1564051951999	1564051952055	OK	 
REQUEST	1		acc.cartitem.js	1564051952001	1564051952062	OK	 
REQUEST	1		acc.checkout.js	1564051952005	1564051952064	OK	 
REQUEST	1		acc.checkoutsteps.js	1564051952008	1564051952065	OK	 
REQUEST	1		acc.checkoutaddress.js	1564051952012	1564051952071	OK	 
REQUEST	1		acc.cms.js	1564051952056	1564051952109	OK	 
REQUEST	1		acc.colorbox.js	1564051952063	1564051952113	OK	 
REQUEST	1		acc.common.js	1564051952064	1564051952116	OK	 
REQUEST	1		acc.forgottenpassword.js	1564051952066	1564051952124	OK	 
REQUEST	1		acc.global.js	1564051952072	1564051952133	OK	 
REQUEST	1		acc.hopdebug.js	1564051952111	1564051952161	OK	 
REQUEST	1		acc.imagegallery.js	1564051952115	1564051952165	OK	 
REQUEST	1		acc.langcurrencyselector.js	1564051952118	1564051952168	OK	 
REQUEST	1		acc.minicart.js	1564051952125	1564051952181	OK	 
REQUEST	1		acc.navigation.js	1564051952135	1564051952199	OK	 
REQUEST	1		acc.order.js	1564051952163	1564051952216	OK	 
REQUEST	1		acc.paginationsort.js	1564051952166	1564051952219	OK	 
REQUEST	1		acc.payment.js	1564051952169	1564051952221	OK	 
REQUEST	1		acc.paymentDetails.js	1564051952182	1564051952238	OK	 
REQUEST	1		acc.product.js	1564051952217	1564051952267	OK	 
REQUEST	1		acc.productDetail.js	1564051952220	1564051952273	OK	 
REQUEST	1		acc.pickupinstore.js	1564051952200	1564051952275	OK	 
REQUEST	1		acc.quickview.js	1564051952222	1564051952294	OK	 
REQUEST	1		acc.ratingstars.js	1564051952239	1564051952297	OK	 
REQUEST	1		acc.refinements.js	1564051952268	1564051952321	OK	 
REQUEST	1		acc.sanitizer.js	1564051952274	1564051952332	OK	 
REQUEST	1		acc.tabs.js	1564051952296	1564051952346	OK	 
REQUEST	1		acc.silentorderpost.js	1564051952277	1564051952350	OK	 
REQUEST	1		jquery-ui-1.12.1.min.js	1564051951795	1564051952356	OK	 
REQUEST	1		acc.termsandconditions.js	1564051952298	1564051952357	OK	 
REQUEST	1		acc.track.js	1564051952322	1564051952371	OK	 
REQUEST	1		acc.storefinder.js	1564051952333	1564051952382	OK	 
REQUEST	1		acc.futurelink.js	1564051952346	1564051952410	OK	 
REQUEST	1		acc.quickorder.js	1564051952372	1564051952429	OK	 
REQUEST	1		acc.savedcarts.js	1564051952356	1564051952431	OK	 
REQUEST	1		acc.multidgrid.js	1564051952357	1564051952434	OK	 
REQUEST	1		acc.quote.js	1564051952383	1564051952452	OK	 
REQUEST	1		acc.consent.js	1564051952411	1564051952464	OK	 
REQUEST	1		acc.productorderform.js	1564051952351	1564051952499	OK	 
REQUEST	1		acc.cookienotification.js	1564051952430	1564051952501	OK	 
REQUEST	1		acc.closeaccount.js	1564051952433	1564051952503	OK	 
REQUEST	1		_autoload.js	1564051952453	1564051952505	OK	 
REQUEST	1		acc.csv-import.js	1564051952436	1564051952507	OK	 
REQUEST	1		fsxwishlistaddon.js	1564051952465	1564051952521	OK	 
REQUEST	1		mirakltabs.js	1564051952502	1564051952552	OK	 
REQUEST	1		miraklexpandable.js	1564051952506	1564051952555	OK	 
REQUEST	1		miraklratingstars.js	1564051952500	1564051952559	OK	 
REQUEST	1		miraklpopups.js	1564051952504	1564051952561	OK	 
REQUEST	1		fsxmirakladdon.js	1564051952522	1564051952573	OK	 
REQUEST	1		miraklorderconditions.js	1564051952508	1564051952575	OK	 
REQUEST	1		acc.checkoutsummary.js	1564051952553	1564051952603	OK	 
REQUEST	1		acc.paymentType.js	1564051952557	1564051952608	OK	 
REQUEST	1		acc.replenishment.js	1564051952560	1564051952617	OK	 
REQUEST	1		acc.approval.js	1564051952574	1564051952624	OK	 
REQUEST	1		acc.orderform.js	1564051952562	1564051952633	OK	 
REQUEST	1		webApplicationInjector.js	1564051952576	1564051952638	OK	 
REQUEST	1		reprocessPage.js	1564051952604	1564051952653	OK	 
REQUEST	1		adjustComponentRenderingToSE.js	1564051952609	1564051952658	OK	 
REQUEST	1		smarteditaddon.js	1564051952619	1564051952676	OK	 
REQUEST	1		setup.js	1564051952655	1564051952713	OK	 
REQUEST	1		xzoom.js	1564051952659	1564051952739	OK	 
REQUEST	1		acc.plp-list-view.js	1564051952677	1564051952763	OK	 
REQUEST	1		acc.main-dev.js	1564051952634	1564051952780	OK	 
REQUEST	1		acc.main.js	1564051952625	1564051952804	OK	 
REQUEST	1		combined.min.js	1564051952639	1564051953593	OK	 
REQUEST	1		request_1	1564051955621	1564051955889	OK	 
REQUEST	1		favicon.ico	1564051955976	1564051956026	OK	 
REQUEST	1		mirakladdon.css	1564051955977	1564051956035	OK	 
REQUEST	1		smarteditaddon.css	1564051955978	1564051956036	OK	 
REQUEST	1		fsxwishlistaddon.css	1564051955977	1564051956037	OK	 
REQUEST	1		style.css	1564051955977	1564051956037	OK	 
REQUEST	1		fsxmirakladdon.css	1564051955978	1564051956038	OK	 
REQUEST	1		jquery.min.js	1564051955970	1564051956191	OK	 
REQUEST	1		request_2	1564052032206	1564052032808	OK	 
REQUEST	1		request_2 Redirect 1	1564052032822	1564052033151	OK	 
REQUEST	1		favicon.ico	1564052033180	1564052033233	OK	 
REQUEST	1		owl.carousel.min.css	1564052033234	1564052033300	OK	 
REQUEST	1		owl.theme.default.min.css	1564052033301	1564052033356	OK	 
REQUEST	1		intlTelInput.css	1564052033357	1564052033414	OK	 
REQUEST	1		jquery.mCustomScrollbar.min.css	1564052033415	1564052033513	OK	 
REQUEST	1		smarteditaddon.css	1564052033181	1564052033548	OK	 
REQUEST	1		mirakladdon.css	1564052033181	1564052033551	OK	 
REQUEST	1		fsxwishlistaddon.css	1564052033181	1564052033553	OK	 
REQUEST	1		easydropdown.flat.css	1564052033514	1564052033565	OK	 
REQUEST	1		fsxmirakladdon.css	1564052033181	1564052033598	OK	 
REQUEST	1		xzoom.css	1564052033549	1564052033601	OK	 
REQUEST	1		analyticsmediator.js	1564052033599	1564052033670	OK	 
REQUEST	1		application-custom.css	1564052033567	1564052033683	OK	 
REQUEST	1		FSX-logo.png?context=bWFzdGVyfGltYWdlc3wyNTcyNHxpbWFnZS9wbmd8aW1hZ2VzL2gyMy9oYTYvODc5ODgyODg4ODA5NC5wbmd8ZjM4YTNkMDcwYTFjODM4NDI0YzlmMjE4MTVhOWI0N2VmZWQ1ZTE0YWJjMzdkMzUyMGYzZGZjOTlmNzA1N2ZjYg	1564052033602	1564052033724	OK	 
REQUEST	1		bootstrap-3.3.7.min.css	1564052033552	1564052033851	OK	 
REQUEST	1		Home-Page-Carousel-1-shutterstock-792066871.jpg?context=bWFzdGVyfHJvb3R8OTQ4MDZ8aW1hZ2UvanBlZ3xoYzYvaDkxLzg3OTg5MTEzOTc5MTguanBnfGYwNGJiZDVhZTFjMDgwMzhiYmNlNTdlMWI0MjNlNWVhYjNhMzkxYzI3OTY0ODBhOWQ2MmI0ZjUzNjEwYWU3MjY	1564052033670	1564052034073	OK	 
REQUEST	1		Home-Page-Carousel-2-shutterstock-687081655.jpg?context=bWFzdGVyfHJvb3R8MTc4NzA1fGltYWdlL2pwZWd8aDVmL2g5YS84Nzk4OTExNDYzNDU0LmpwZ3w2MWM1YjFiMmMyZjZmMzQ2OTM3MWFiNmNmYzQ3NjM3ZDMzMTgzYmRiOTQxMjkwYTc4ZTI4OGVmZjBmNWYwOTgx	1564052033684	1564052034261	OK	 
REQUEST	1		Home-Page-Carousel-3-shutterstock-1119898184.jpg?context=bWFzdGVyfHJvb3R8MTgzNjE2fGltYWdlL2pwZWd8aGNmL2gwZC84Nzk4OTExNTI4OTkwLmpwZ3xmYTc4YWNlYWRkNGE3ZjI4MWJlYWJhNGU2ZGZiZjQyNTk1ZTBhOTQxOWFkMjBhMjUzNDA5NGRkZTdhYzk3YWNl	1564052033725	1564052034353	OK	 
REQUEST	1		Light-Counter-Equipment.jpg?context=bWFzdGVyfHJvb3R8MzAyNzJ8aW1hZ2UvanBlZ3xoNzAvaDg3Lzg3OTg2Njc4OTg5MTAuanBnfDU4ODhmN2ZlYTk2OTYwYzg0YTY0OGI0ZjMwMWQ5ZmFiYjM1ZDJjODg5N2M1ZWEyZmJlOGI1MjFjNjY0ODc3ZWQ	1564052034354	1564052034537	OK	 
REQUEST	1		Home-Page-Carousel-4-shutterstock-273567461.jpg?context=bWFzdGVyfHJvb3R8MjEwNTczfGltYWdlL2pwZWd8aGU4L2hkMy84Nzk4OTExNTk0NTI2LmpwZ3xlY2YyMjU0ZjQyMmY0Y2Y1YmE4NmU3NDA1NTJmMGRhNDk1NzU1YTc2ZWMyYWQ3ODhjZmY2ZDViYzZmMzBiMjhl	1564052033852	1564052034557	OK	 
REQUEST	1		application.min.css	1564052033554	1564052034745	OK	 
REQUEST	1		KitchenEquipment.jpg?context=bWFzdGVyfGltYWdlc3wxNTI4MTZ8aW1hZ2UvanBlZ3xpbWFnZXMvaDE2L2g1Ni84ODAyODUzODE0MzAyLmpwZ3xlMDlmZWM5ODBmOWMxYzBmM2I2ZGUzNTk2NWU1YTk1ODJlMTZiOTFkYmRhNjY1ODAxNzBkODEzZjhkZDhhNDBi	1564052034261	1564052034807	OK	 
REQUEST	1		Home-Page-Carousel-5-shutterstock-121103542.jpg?context=bWFzdGVyfHJvb3R8MjEzMjk0fGltYWdlL2pwZWd8aDNkL2g1OC84Nzk4OTExNjYwMDYyLmpwZ3xjYmQ0MGVmM2I4NTRlNjIwNGI1ZTI2ZjI0OWZjYjk1NjNiOTNlYWJlNjYyOWEyMTIwYTgxMGVmOTcxYWZjZjM5	1564052034074	1564052034820	OK	 
REQUEST	1		Bar-Equipment.jpg?context=bWFzdGVyfHJvb3R8NzEwMjl8aW1hZ2UvanBlZ3xoNjUvaGEyLzg3OTg2Njc5NjQ0NDYuanBnfGZiNjQ3MGI3ZDlmMTIwZWRhYTY2ZTFlZjIxMGY5NjUyZDU4NmU3MTI1OTFmMjZkNzY1NGUxYjc0ZDBlNGFkZmE	1564052034538	1564052034823	OK	 
REQUEST	1		style.css	1564052033180	1564052034840	OK	 
REQUEST	1		TableTop.jpg?context=bWFzdGVyfGltYWdlc3wxNjIyODJ8aW1hZ2UvanBlZ3xpbWFnZXMvaGFlL2g0ZC84ODAyODU0NzY0NTc0LmpwZ3w1ZDFmNzRjZmM3NWRiMDA1Yjk2ZjkyNjJhN2YwZDE5MTczYTc4ZTM5MDk5ZTIzMGYxZTljOWU3MmZiOWQyYjM3	1564052034558	1564052034929	OK	 
REQUEST	1		FSX-footer-logo.png?context=bWFzdGVyfGltYWdlc3w2MDI5fGltYWdlL3BuZ3xpbWFnZXMvaDBhL2g1My84Nzk5NTY4MjY1MjQ2LnBuZ3w0ZjgwZjgwZWM5Nzc2ODIwZmRjYjc1NmRkNjJkODk1NjFhMDU5YTBiZWI2Y2MwNTI4NzQ5N2RmYmExOTUyNmJj	1564052034848	1564052034950	OK	 
REQUEST	1		Lodging.jpg?context=bWFzdGVyfHJvb3R8MzIxMzZ8aW1hZ2UvanBlZ3xoZWUvaDQ1Lzg3OTg2NzMyMDczMjYuanBnfGFkYWY1MjYwMmUyYmVjM2U2ZTlmZmQwMmY2NTM2NmEwYTRkMzNhZGI2Yzk4ZjNjOTg5NTUzMmI3MTVjODc3MzI	1564052034821	1564052035014	OK	 
REQUEST	1		Furniture.jpg?context=bWFzdGVyfHJvb3R8NTU3MzZ8aW1hZ2UvanBlZ3xoZjcvaGY5Lzg3OTg2NjgyOTIxMjYuanBnfDYyMmI0N2MwYmM4NzFmYTJiZTQzZTIyNTk0OWIyOWFlYTVlMDA3YWFjMzVjN2ExOTYyZGQ3YjViN2U0NzEzMTM	1564052034808	1564052035016	OK	 
REQUEST	1		Janitorial.jpg?context=bWFzdGVyfHJvb3R8NzA4Mjl8aW1hZ2UvanBlZ3xoMjkvaGNhLzg3OTg2NzM0MDM5MzQuanBnfDEzNDkwZjhhYjY5MWRhMzJhYWRlMzEzMWVkYjYxMDJiYzFlYzMwZmU4ZmQzZjU2MTk2YzAyZjRiZGJhYjMwNzc	1564052034824	1564052035020	OK	 
REQUEST	1		facebook.png?context=bWFzdGVyfHJvb3R8MTcxNXxpbWFnZS9wbmd8aDczL2g0ZS84ODAyMjkzMzUwNDMwLnBuZ3wxZjA1YTQwMzQ4ZWQxNzZiNDZjNDUyMzE1YTY1MWM5NmYzM2RlMGVkZjZmMWM3Yzc4YmQwYzdiNTAzMWRjMDcy	1564052034930	1564052035023	OK	 
REQUEST	1		Smallwares.jpg?context=bWFzdGVyfGltYWdlc3wxMDg4NDN8aW1hZ2UvanBlZ3xpbWFnZXMvaDc5L2g3NS84ODAyODU0NzMxODA2LmpwZ3wxM2VkNTQwZmQwNTg4M2QzNjZhYzAxMzk2YTIxMTY2M2ZlMzNiMzM5NjUxNDcwZTc5MjFhY2ZhMDk0MDA4ZmNi	1564052034753	1564052035040	OK	 
REQUEST	1		linkedin.png?context=bWFzdGVyfHJvb3R8MTkwOHxpbWFnZS9wbmd8aDY0L2g3Mi84ODAyMjkzMzgzMTk4LnBuZ3xlMzdhOTVjMWE5YjdiOGJlNjgxMTk5M2RlMDcwM2FhMGEyYzVmYmZjNGI0MTgzMjllZmMwMzE1MzZmNmVhZjg3	1564052034951	1564052035042	OK	 
REQUEST	1		generatedVariables.js	1564052035017	1564052035077	OK	 
REQUEST	1		enquire.min.js	1564052035023	1564052035089	OK	 
REQUEST	1		instagram.png?context=bWFzdGVyfHJvb3R8MzQwN3xpbWFnZS9wbmd8aDUzL2hkZC84ODAyMjkzNDE1OTY2LnBuZ3xmOTYxNzkzNGE4NzQwYjQ0MmVkMTRiYjExY2VkZWEwZjM1MDNkZmJjYzMwNTM5NWI0MWJmYWM5MWUzMzgxMjBk	1564052035015	1564052035091	OK	 
REQUEST	1		Imager.min.js	1564052035041	1564052035101	OK	 
REQUEST	1		purify.min.js	1564052035043	1564052035114	OK	 
REQUEST	1		jquery.blockUI-2.66.js	1564052035077	1564052035154	OK	 
REQUEST	1		jquery.hoverIntent.js	1564052035101	1564052035161	OK	 
REQUEST	1		jquery.colorbox-min.js	1564052035090	1564052035173	OK	 
REQUEST	1		jquery-3.2.1.min.js	1564052035021	1564052035175	OK	 
REQUEST	1		jquery.form.min.js	1564052035092	1564052035177	OK	 
REQUEST	1		jquery.pstrength.custom-1.2.0.js	1564052035114	1564052035179	OK	 
REQUEST	1		jquery.syncheight.custom.js	1564052035155	1564052035219	OK	 
REQUEST	1		jquery.tabs.custom.js	1564052035162	1564052035224	OK	 
REQUEST	1		jquery.zoom.custom.js	1564052035176	1564052035257	OK	 
REQUEST	1		jquery.tmpl-1.0.0pre.min.js	1564052035180	1564052035264	OK	 
REQUEST	1		jquery.currencies.min.js	1564052035219	1564052035273	OK	 
REQUEST	1		jquery.waitforimages.min.js	1564052035225	1564052035299	OK	 
REQUEST	1		jquery.slideviewer.custom.1.2.js	1564052035258	1564052035320	OK	 
REQUEST	1		jquery.validate.min.js	1564052035273	1564052035474	OK	 
REQUEST	1		owl.carousel.custom.js	1564052035178	1564052035476	OK	 
REQUEST	1		acc.address.js	1564052035300	1564052035478	OK	 
REQUEST	1		owl.carousel.min.js	1564052035265	1564052035479	OK	 
REQUEST	1		acc.autocomplete.js	1564052035320	1564052035481	OK	 
REQUEST	1		jquery-ui-1.12.1.min.js	1564052035174	1564052035521	OK	 
REQUEST	1		acc.carousel.js	1564052035475	1564052035525	OK	 
REQUEST	1		acc.cartitem.js	1564052035479	1564052035531	OK	 
REQUEST	1		acc.checkoutsteps.js	1564052035481	1564052035540	OK	 
REQUEST	1		acc.cart.js	1564052035477	1564052035545	OK	 
REQUEST	1		acc.checkout.js	1564052035480	1564052035548	OK	 
REQUEST	1		acc.checkoutaddress.js	1564052035522	1564052035572	OK	 
REQUEST	1		acc.cms.js	1564052035526	1564052035575	OK	 
REQUEST	1		acc.colorbox.js	1564052035531	1564052035582	OK	 
REQUEST	1		acc.common.js	1564052035541	1564052035698	OK	 
REQUEST	1		acc.forgottenpassword.js	1564052035546	1564052035701	OK	 
REQUEST	1		acc.global.js	1564052035549	1564052035703	OK	 
REQUEST	1		acc.hopdebug.js	1564052035573	1564052035704	OK	 
REQUEST	1		acc.imagegallery.js	1564052035575	1564052035706	OK	 
REQUEST	1		acc.langcurrencyselector.js	1564052035583	1564052035846	OK	 
REQUEST	1		acc.minicart.js	1564052035699	1564052035848	OK	 
REQUEST	1		acc.payment.js	1564052035707	1564052035850	OK	 
REQUEST	1		acc.paginationsort.js	1564052035705	1564052035851	OK	 
REQUEST	1		acc.navigation.js	1564052035701	1564052035853	OK	 
REQUEST	1		acc.order.js	1564052035703	1564052035854	OK	 
REQUEST	1		acc.paymentDetails.js	1564052035847	1564052035997	OK	 
REQUEST	1		acc.pickupinstore.js	1564052035849	1564052035999	OK	 
REQUEST	1		acc.product.js	1564052035851	1564052036001	OK	 
REQUEST	1		acc.productDetail.js	1564052035852	1564052036003	OK	 
REQUEST	1		acc.quickview.js	1564052035854	1564052036004	OK	 
REQUEST	1		acc.ratingstars.js	1564052035855	1564052036006	OK	 
REQUEST	1		acc.refinements.js	1564052035998	1564052036149	OK	 
REQUEST	1		acc.sanitizer.js	1564052036000	1564052036151	OK	 
REQUEST	1		acc.silentorderpost.js	1564052036002	1564052036152	OK	 
REQUEST	1		acc.tabs.js	1564052036003	1564052036154	OK	 
REQUEST	1		acc.termsandconditions.js	1564052036005	1564052036156	OK	 
REQUEST	1		acc.track.js	1564052036007	1564052036157	OK	 
REQUEST	1		acc.storefinder.js	1564052036150	1564052036322	OK	 
REQUEST	1		acc.futurelink.js	1564052036151	1564052036324	OK	 
REQUEST	1		acc.savedcarts.js	1564052036155	1564052036327	OK	 
REQUEST	1		acc.multidgrid.js	1564052036156	1564052036329	OK	 
REQUEST	1		acc.productorderform.js	1564052036153	1564052036332	OK	 
REQUEST	1		acc.quickorder.js	1564052036158	1564052036334	OK	 
REQUEST	1		acc.consent.js	1564052036325	1564052036450	OK	 
REQUEST	1		acc.cookienotification.js	1564052036328	1564052036452	OK	 
REQUEST	1		acc.csv-import.js	1564052036333	1564052036453	OK	 
REQUEST	1		acc.closeaccount.js	1564052036330	1564052036455	OK	 
REQUEST	1		_autoload.js	1564052036335	1564052036456	OK	 
REQUEST	1		acc.quote.js	1564052036323	1564052036458	OK	 
REQUEST	1		fsxwishlistaddon.js	1564052036451	1564052036501	OK	 
REQUEST	1		miraklratingstars.js	1564052036453	1564052036503	OK	 
REQUEST	1		mirakltabs.js	1564052036454	1564052036622	OK	 
REQUEST	1		miraklorderconditions.js	1564052036459	1564052036624	OK	 
REQUEST	1		miraklpopups.js	1564052036456	1564052036626	OK	 
REQUEST	1		miraklexpandable.js	1564052036457	1564052036627	OK	 
REQUEST	1		fsxmirakladdon.js	1564052036502	1564052036764	OK	 
REQUEST	1		acc.checkoutsummary.js	1564052036503	1564052036766	OK	 
REQUEST	1		acc.paymentType.js	1564052036623	1564052036768	OK	 
REQUEST	1		acc.replenishment.js	1564052036625	1564052036770	OK	 
REQUEST	1		acc.approval.js	1564052036628	1564052036773	OK	 
REQUEST	1		acc.orderform.js	1564052036627	1564052036775	OK	 
REQUEST	1		webApplicationInjector.js	1564052036765	1564052036928	OK	 
REQUEST	1		reprocessPage.js	1564052036767	1564052036930	OK	 
REQUEST	1		adjustComponentRenderingToSE.js	1564052036769	1564052036932	OK	 
REQUEST	1		smarteditaddon.js	1564052036771	1564052036935	OK	 
REQUEST	1		setup.js	1564052036931	1564052037072	OK	 
REQUEST	1		xzoom.js	1564052036933	1564052037096	OK	 
REQUEST	1		acc.plp-list-view.js	1564052036936	1564052037097	OK	 
REQUEST	1		acc.main-dev.js	1564052036776	1564052037099	OK	 
REQUEST	1		acc.main.js	1564052036774	1564052037115	OK	 
REQUEST	1		combined.min.js	1564052036929	1564052037584	OK	 
USER	UserLogin_PragitiDev	1	END	1564051948793	1564052037589
