RUN	computerdatabase.OrderPlaced_B1	orderplaced-b1	1556193129028	 	3.0.3
USER	RegCheckoutB1	1	START	1556193130471	1556193130471
REQUEST	1		request_0	1556193130500	1556193131385	OK	 
REQUEST	1		ruxitagentjs_ICA2SVfqr_10165190416140756.js	1556193131556	1556193131718	OK	 
REQUEST	1		textfieldconfiguratortemplateaddon.css	1556193131736	1556193131798	OK	 
REQUEST	1		smarteditaddon.css	1556193131831	1556193131893	OK	 
REQUEST	1		favicon.ico	1556193131556	1556193131909	OK	 
REQUEST	1		storeFinder.css	1556193131558	1556193131947	OK	 
REQUEST	1		assistedservicepromotionaddon.css	1556193131896	1556193131963	OK	 
REQUEST	1		customer360.css	1556193131558	1556193131971	OK	 
REQUEST	1		customerticketingaddon.css	1556193131911	1556193131984	OK	 
REQUEST	1		orderselfserviceaddon.css	1556193131954	1556193132025	OK	 
REQUEST	1		analyticsmediator.js	1556193131967	1556193132029	OK	 
REQUEST	1		logo-hybris-responsive.svg?context=bWFzdGVyfGltYWdlc3w3Nzc4fGltYWdlL3N2Zyt4bWx8aW1hZ2VzL2hkMC9oMzgvODc5NjkxNDg3NjQ0Ni5zdmd8MDBkY2NkMTk0ZTI5YmViYTJkOTZiOThkYmIwZGRkZDg4YjVkOTNlZjJjMWM5N2JjM2QzZjdmZDIyMGFkZjZjYQ	1556193131978	1556193132055	OK	 
REQUEST	1		?context=bWFzdGVyfGltYWdlc3w3MDg1fGltYWdlL2pwZWd8aW1hZ2VzL2g1Mi9oNzkvODc5NjgxNjE3OTIzMC5qcGd8MGFjNTE4MmQyNDg0MDc0ODEwZWU2OGExZTc5NmJiNjBmNGIwZjhkZWNjN2MzNWI5MjI2MWRiNmE4ZDUzNmI4Ng	1556193131986	1556193132074	OK	 
REQUEST	1		assistedservicestorefront.css	1556193131557	1556193132076	OK	 
REQUEST	1		css?family=Open+Sans:400,300,300italic,400italic,600,600italic,700,700italic,800,800italic	1556193131558	1556193132114	OK	 
REQUEST	1		?context=bWFzdGVyfGltYWdlc3wxMjA3OHxpbWFnZS9qcGVnfGltYWdlcy9oNmEvaDRjLzg3OTY4MTkzOTA0OTQuanBnfGE5NWYzMzkzYTA1NjI0NGUwMTM5ZWY5ODhkNGU3YzAyOTgyMTJmYTAyYjg1MWEwZTIzZGU3YTA2M2EzNzIwNDU	1556193132027	1556193132134	OK	 
REQUEST	1		?context=bWFzdGVyfGltYWdlc3wxMjA0MHxpbWFnZS9qcGVnfGltYWdlcy9oZjMvaGRmLzg3OTY4MjMzODgxOTAuanBnfGY2NDg4MDRkYWI2YjJmOTU5NzZlNzk5YTRmZWYxOGYwMzZlM2RhNjQ0MzgzMTFiNjQ4NWFmMjc1YTI0MTE1ZmI	1556193132030	1556193132144	OK	 
REQUEST	1		?context=bWFzdGVyfGltYWdlc3wxMTMzMXxpbWFnZS9qcGVnfGltYWdlcy9oMjAvaDZmLzg3OTY4MjY4NjE1OTguanBnfDJiMTlmNmMxZWEyNDBkOWNlZTU1NzViNzIzNmZlZDZmYTcxYWUzNzE0NTVlMjkzYzVjMjNkNGYwMzU1NDFmYjI	1556193132056	1556193132161	OK	 
REQUEST	1		?context=bWFzdGVyfGltYWdlc3wxMDg2NXxpbWFnZS9qcGVnfGltYWdlcy9oNWQvaGExLzg3OTY4MDk3NTY3MDIuanBnfDA2YWEzOWZmYjUwZjhlZGYzZGViZTY3MzkxZjczNTRhODI4MDllYmJhMzliZDlhOTVhOTJiZWZmYmU2Njk2MWY	1556193132134	1556193132233	OK	 
REQUEST	1		?context=bWFzdGVyfGltYWdlc3wxMDk3M3xpbWFnZS9qcGVnfGltYWdlcy9oMzEvaGViLzg3OTY4MjY3OTYwNjIuanBnfGE2NGRkNTQ5NmM1YjYwZWI2MjViZWQ1YzI5NzljNjBlZDdjN2EwMDJiZWNiNTgwMjI5ZTI3MGU4ZjUwZWQyMTM	1556193132145	1556193132255	OK	 
REQUEST	1		?context=bWFzdGVyfGltYWdlc3w5MTEyfGltYWdlL2pwZWd8aW1hZ2VzL2hiZS9oMTEvODc5NjgwNzY1OTU1MC5qcGd8ZmRjZmJkZGUxZDc0YTI1ZmQzMDZjNmFhZmM2ZmI5ZTY1MWIyNjU2MmZhNDJhZDA2YzE2ZTIxY2M0OTlkY2ExNw	1556193132161	1556193132263	OK	 
REQUEST	1		?context=bWFzdGVyfGltYWdlc3w5NjQ5fGltYWdlL2pwZWd8aW1hZ2VzL2g3YS9oYTgvODc5NjgyNDEwOTA4Ni5qcGd8ZTZjMjc5ODA0YTc5Yjc2YmZkMGVmNjIzNmNmYjE1YWJlODIzOThkNTNlOTFhODQ0NjE0OTE5YjdiNTcyYjAwOA	1556193132257	1556193132343	OK	 
REQUEST	1		?context=bWFzdGVyfGltYWdlc3wxMjM4MHxpbWFnZS9qcGVnfGltYWdlcy9oN2MvaGFjLzg3OTY4MTI4MzY4OTQuanBnfGIxYTcyNjlkYjBjZDc2MWQwMzlhYWIzNWYwYzAyMjNiMzU2NmE3MmYwNTQ1N2MyMWZjMWI4NDFlZDgyMmU2ODc	1556193132265	1556193132358	OK	 
REQUEST	1		?context=bWFzdGVyfGltYWdlc3w3NDk2fGltYWdlL2pwZWd8aW1hZ2VzL2gxOS9oZjEvODc5NjgxMDY3NDIwNi5qcGd8OGNhYzI0YzEyMjlmYmZlZThkNDYxZmVlNTEyZGQxYjM0NjZkMTljZTU4MDk2YmI3MjY1NTcyZDgxYjhkZmJlMQ	1556193132345	1556193132439	OK	 
REQUEST	1		?context=bWFzdGVyfGltYWdlc3w2ODIxOHxpbWFnZS9qcGVnfGltYWdlcy9oNmIvaGM0Lzg3OTY4MDc3MjUwODYuanBnfDY3ZGJlZjRkYTQ5MWNlOWNiNTM5OTc2ZDc4NGUyZDdhMWY0M2VmYTc1NTgxNTE3OWFjNDFiZWVjMjc5Y2I5MGE	1556193132075	1556193132451	OK	 
REQUEST	1		?context=bWFzdGVyfGltYWdlc3wzMzYzNHxpbWFnZS9qcGVnfGltYWdlcy9oYjgvaDRlLzg3OTY4MDcyNjYzMzQuanBnfDgzY2U0NDA2OTA1M2QxOWQxODg4YWZhZjJiOTZhYmJkNjZjNmRmYWQ0ZGU4ZDZiY2EyN2M2ZTM2NWVhZGQ5ZTY	1556193132441	1556193132601	OK	 
REQUEST	1		?context=bWFzdGVyfGltYWdlc3wxMjM3MnxpbWFnZS9qcGVnfGltYWdlcy9oMjkvaDJhLzg3OTY4MDQ1NzkzNTguanBnfGZhMGY0N2QxOGQzMDNiZTg3NTU0MjUzYzQ5NTI0NDEyMzU0OGE0OGIxNmRlYzJiZjUxZDUzNWYxYzdlYWFlZTg	1556193132087	1556193132665	OK	 
REQUEST	1		?context=bWFzdGVyfGltYWdlc3w0MTcwOXxpbWFnZS9qcGVnfGltYWdlcy9oNTUvaDcyLzg3OTY4MDg2NDI1OTAuanBnfDQ0YmE1MWI1ZGU4YmU2ZjY2YzQxMGQ0NTg0YzY0MGM5MjQ3NjU4ZWVmNWZiYmI5NjFjNDc5ZjMzMjcxYTVlZDY	1556193132360	1556193132678	OK	 
REQUEST	1		?context=bWFzdGVyfGltYWdlc3w3MDI2fGltYWdlL2pwZWd8aW1hZ2VzL2g2OC9oMzEvODc5NjgyODMwMzM5MC5qcGd8MTM5NTdlNGQzZWE5MDc1OGU0YTljYWJhMTJkOTg5OWFlODVmMzVlNWFiNDdhOGUxNTBjN2Q2MTk0ZTg1ZDJiYw	1556193132602	1556193132685	OK	 
REQUEST	1		?context=bWFzdGVyfGltYWdlc3w2MzAyNHxpbWFnZS9qcGVnfGltYWdlcy9oNjcvaGIxLzg3OTY4MDYyODMyOTQuanBnfGU5ZjBmMWVjODE3NzkwMmFjNGZmNmM2OTc3ODA5YzI3ODhiMjU1MGRhMGQxOGI1ZjEyODMwMGQ3MWE2MjM3ZDM	1556193132454	1556193132693	OK	 
REQUEST	1		generatedVariables.js	1556193132667	1556193132737	OK	 
REQUEST	1		enquire.min.js	1556193132686	1556193132771	OK	 
REQUEST	1		Imager.min.js	1556193132695	1556193132774	OK	 
REQUEST	1		purify.min.js	1556193132739	1556193132825	OK	 
REQUEST	1		jquery.blockUI-2.66.js	1556193132772	1556193132868	OK	 
REQUEST	1		jquery.colorbox-min.js	1556193132776	1556193132883	OK	 
REQUEST	1		jquery.form.min.js	1556193132827	1556193132927	OK	 
REQUEST	1		jquery.hoverIntent.js	1556193132870	1556193132957	OK	 
REQUEST	1		jquery-3.2.1.min.js	1556193132680	1556193132960	OK	 
REQUEST	1		jquery.pstrength.custom-1.2.0.js	1556193132884	1556193132967	OK	 
REQUEST	1		jquery.syncheight.custom.js	1556193132928	1556193132993	OK	 
REQUEST	1		jquery.tabs.custom.js	1556193132959	1556193133033	OK	 
REQUEST	1		?context=bWFzdGVyfGltYWdlc3w1OTg4NHxpbWFnZS9qcGVnfGltYWdlcy9oY2IvaDM0Lzg3OTY4MDk4MjIyMzguanBnfGI3ZmJlNzQ0OGNhYmIyODE1OTYwODEyY2M4MmIyNjhmNGFhZmFhY2RjZGM2NmU2OWQ3NTBhMmI2YTE0ODk3N2M	1556193132234	1556193133037	OK	 
REQUEST	1		css?family=Dosis:400,300,500,600	1556193132086	1556193133041	OK	 
REQUEST	1		jquery.tmpl-1.0.0pre.min.js	1556193133035	1556193133115	OK	 
REQUEST	1		jquery.currencies.min.js	1556193133038	1556193133126	OK	 
REQUEST	1		jquery.waitforimages.min.js	1556193133117	1556193133186	OK	 
REQUEST	1		jquery.slideviewer.custom.1.2.js	1556193133127	1556193133191	OK	 
REQUEST	1		owl.carousel.custom.js	1556193132994	1556193133213	OK	 
REQUEST	1		acc.address.js	1556193133188	1556193133255	OK	 
REQUEST	1		acc.autocomplete.js	1556193133193	1556193133262	OK	 
REQUEST	1		acc.carousel.js	1556193133215	1556193133281	OK	 
REQUEST	1		acc.cart.js	1556193133257	1556193133339	OK	 
REQUEST	1		acc.cartitem.js	1556193133263	1556193133347	OK	 
REQUEST	1		acc.checkout.js	1556193133283	1556193133365	OK	 
REQUEST	1		acc.checkoutsteps.js	1556193133341	1556193133405	OK	 
REQUEST	1		acc.cms.js	1556193133348	1556193133411	OK	 
REQUEST	1		acc.colorbox.js	1556193133367	1556193133432	OK	 
REQUEST	1		jquery.zoom.custom.js	1556193132968	1556193133467	OK	 
REQUEST	1		acc.common.js	1556193133406	1556193133477	OK	 
REQUEST	1		acc.forgottenpassword.js	1556193133412	1556193133480	OK	 
REQUEST	1		acc.global.js	1556193133434	1556193133503	OK	 
REQUEST	1		style.css	1556193131557	1556193133527	OK	 
REQUEST	1		acc.hopdebug.js	1556193133469	1556193133549	OK	 
REQUEST	1		acc.imagegallery.js	1556193133478	1556193133551	OK	 
REQUEST	1		acc.langcurrencyselector.js	1556193133481	1556193133553	OK	 
REQUEST	1		acc.minicart.js	1556193133504	1556193133569	OK	 
REQUEST	1		acc.order.js	1556193133550	1556193133626	OK	 
REQUEST	1		acc.paginationsort.js	1556193133552	1556193133629	OK	 
REQUEST	1		acc.payment.js	1556193133553	1556193133632	OK	 
REQUEST	1		acc.paymentDetails.js	1556193133570	1556193133637	OK	 
REQUEST	1		jquery-ui-1.12.1.min.js	1556193132961	1556193133686	OK	 
REQUEST	1		acc.product.js	1556193133631	1556193133708	OK	 
REQUEST	1		acc.productDetail.js	1556193133633	1556193133713	OK	 
REQUEST	1		acc.quickview.js	1556193133639	1556193133715	OK	 
REQUEST	1		acc.navigation.js	1556193133547	1556193133741	OK	 
REQUEST	1		acc.ratingstars.js	1556193133687	1556193133749	OK	 
REQUEST	1		acc.pickupinstore.js	1556193133627	1556193133756	OK	 
REQUEST	1		acc.refinements.js	1556193133710	1556193133772	OK	 
REQUEST	1		acc.sanitizer.js	1556193133714	1556193133775	OK	 
REQUEST	1		acc.silentorderpost.js	1556193133717	1556193133780	OK	 
REQUEST	1		acc.tabs.js	1556193133742	1556193133804	OK	 
REQUEST	1		acc.termsandconditions.js	1556193133750	1556193133814	OK	 
REQUEST	1		acc.track.js	1556193133757	1556193133819	OK	 
REQUEST	1		acc.storefinder.js	1556193133773	1556193133842	OK	 
REQUEST	1		acc.futurelink.js	1556193133776	1556193133845	OK	 
REQUEST	1		acc.multidgrid.js	1556193133815	1556193133902	OK	 
REQUEST	1		acc.quickorder.js	1556193133820	1556193133917	OK	 
REQUEST	1		acc.quote.js	1556193133843	1556193133937	OK	 
REQUEST	1		acc.consent.js	1556193133847	1556193133943	OK	 
REQUEST	1		acc.productorderform.js	1556193133781	1556193133955	OK	 
REQUEST	1		acc.cookienotification.js	1556193133903	1556193133967	OK	 
REQUEST	1		acc.closeaccount.js	1556193133918	1556193133980	OK	 
REQUEST	1		acc.csv-import.js	1556193133938	1556193134003	OK	 
REQUEST	1		acc.savedcarts.js	1556193133806	1556193134005	OK	 
REQUEST	1		_autoload.js	1556193133944	1556193134008	OK	 
REQUEST	1		jquery.tablesorter.pager.js	1556193133968	1556193134043	OK	 
REQUEST	1		textfieldconfiguratortemplateaddon.js	1556193134009	1556193134099	OK	 
REQUEST	1		assistedservicestorefront.js	1556193133956	1556193134105	OK	 
REQUEST	1		jquery.tablesorter.min.js	1556193133981	1556193134111	OK	 
REQUEST	1		webApplicationInjector.js	1556193134044	1556193134115	OK	 
REQUEST	1		asm.storefinder.js	1556193134007	1556193134151	OK	 
REQUEST	1		reprocessPage.js	1556193134100	1556193134160	OK	 
REQUEST	1		adjustComponentRenderingToSE.js	1556193134106	1556193134167	OK	 
REQUEST	1		smarteditaddon.js	1556193134111	1556193134173	OK	 
REQUEST	1		assistedservicepromotionaddon.js	1556193134116	1556193134176	OK	 
REQUEST	1		customerticketingaddon.js	1556193134152	1556193134231	OK	 
REQUEST	1		orderselfserviceaddon.js	1556193134161	1556193134232	OK	 
REQUEST	1		cancelorderaction.js	1556193134168	1556193134233	OK	 
REQUEST	1		returnorderaction.js	1556193134173	1556193134235	OK	 
REQUEST	1		Chart.min.js	1556193134004	1556193134379	OK	 
REQUEST	1		request_1	1556193141404	1556193141611	OK	 
REQUEST	1		favicon.ico	1556193141668	1556193141727	OK	 
REQUEST	1		style.css	1556193141668	1556193141743	OK	 
REQUEST	1		assistedservicestorefront.css	1556193141669	1556193141745	OK	 
REQUEST	1		storeFinder.css	1556193141669	1556193141746	OK	 
REQUEST	1		customer360.css	1556193141669	1556193141747	OK	 
REQUEST	1		textfieldconfiguratortemplateaddon.css	1556193141669	1556193141748	OK	 
REQUEST	1		request_2	1556193192768	1556193193194	OK	 
REQUEST	1		favicon.ico	1556193193237	1556193193297	OK	 
REQUEST	1		assistedservicestorefront.css	1556193193239	1556193193493	OK	 
REQUEST	1		storeFinder.css	1556193193239	1556193193500	OK	 
REQUEST	1		style.css	1556193193238	1556193193501	OK	 
REQUEST	1		textfieldconfiguratortemplateaddon.css	1556193193240	1556193193502	OK	 
REQUEST	1		customer360.css	1556193193240	1556193193503	OK	 
REQUEST	1		request_3	1556193212504	1556193212871	OK	 
REQUEST	1		favicon.ico	1556193212926	1556193212986	OK	 
REQUEST	1		style.css	1556193212927	1556193212989	OK	 
REQUEST	1		assistedservicestorefront.css	1556193212927	1556193212990	OK	 
REQUEST	1		storeFinder.css	1556193212927	1556193212991	OK	 
REQUEST	1		customer360.css	1556193212927	1556193212993	OK	 
REQUEST	1		textfieldconfiguratortemplateaddon.css	1556193212928	1556193212994	OK	 
REQUEST	1		?context=bWFzdGVyfGltYWdlc3wzMjIwfGltYWdlL2pwZWd8aW1hZ2VzL2g4Zi9oMGUvODc5Njg0MzkwMDk1OC5qcGd8NDU5MmMwYjNiNDFiOWVlMjBmZDU4YjBjMWU1OTQ4MWZjYjBjMTZmMTAwM2I0ZGU2MjQzZDlmMGQ0NWI4NWQzOQ	1556193212989	1556193213052	OK	 
REQUEST	1		?context=bWFzdGVyfGltYWdlc3wyODU1fGltYWdlL2pwZWd8aW1hZ2VzL2g4ZC9oMDEvODc5Njg0Mzc2OTg4Ni5qcGd8MmVmNjU2NTVhNDFiODAyYjMwYzNkZDcxZjdjNzcyN2UzMjU5YmIwZDNjNWZjNTc2NTkxODEyY2Q2MzE3YmRiNg	1556193212988	1556193213055	OK	 
REQUEST	1		?context=bWFzdGVyfGltYWdlc3wyMTM2fGltYWdlL2pwZWd8aW1hZ2VzL2hlZC9oMTkvODc5Njg0NDY4NzM5MC5qcGd8MDIxMTVmOWMzZjBhY2ZiMWNiNzQ5OTE1NDkxYjE0NzI0NzI5NDYyNjI0YjRlZjJjNDlhYWU5NjA0YWI2YWJhMw	1556193212991	1556193213056	OK	 
REQUEST	1		?context=bWFzdGVyfGltYWdlc3wyMjM5fGltYWdlL2pwZWd8aW1hZ2VzL2gwNC9oY2IvODc5Njg0NDgxODQ2Mi5qcGd8NDQ1M2JjN2MyZGQxNzc5YzIwZmJmOTYzNDg3MDMzZmZmZWJkNWEyZmY0ZDZlZTNiZTA5NjU2MDY3OTg0Y2Y4OA	1556193212992	1556193213058	OK	 
REQUEST	1		?context=bWFzdGVyfGltYWdlc3wyNDQ2fGltYWdlL2pwZWd8aW1hZ2VzL2g0My9oYTMvODc5Njg0NDk0OTUzNC5qcGd8NjkyZTU4ZGQ4YWE3MjU0Mjg4ZDBmNGI2N2Y5Y2MwNTc2NzNiNTc4NzIwMDk2NzcxMTQyMWY0NjA3OGE4NDdhZA	1556193212994	1556193213062	OK	 
REQUEST	1		?context=bWFzdGVyfGltYWdlc3wxNzUxfGltYWdlL2pwZWd8aW1hZ2VzL2hiOC9oOGMvODc5Njg0NTgwMTUwMi5qcGd8YThhZDg0NmM3NTI5OGVhZDk3NjQzYjRmZGQ2NGNkNjViYWRkYjY4N2I3OGM4Zjc1Y2JlZjNkZWYzNzljMDRjNw	1556193212995	1556193213064	OK	 
REQUEST	1		?context=bWFzdGVyfGltYWdlc3wyNTExfGltYWdlL2pwZWd8aW1hZ2VzL2g0Yy9oODQvODc5Njg0NjEyOTE4Mi5qcGd8MjliOWQ2MTc3MGFjMjQ2NzVkOGIwOWI3NjNiYWIwYmVmZWJiZWIzZjlkOTEyZWJmY2YxMjk5YTEyNTRhZjdmMg	1556193213055	1556193213126	OK	 
REQUEST	1		?context=bWFzdGVyfGltYWdlc3wyMjI2fGltYWdlL2pwZWd8aW1hZ2VzL2gxNy9oNjMvODc5Njg0NjA2MzY0Ni5qcGd8YTYyZjk2MGY1MDc0NGE0ZDc0NmQyMjNlMTc0N2NiNjVhNzE3ODNjNDVkZGVjZGMwZGE2NTQ3NDNlN2MwNjQ5Nw	1556193213057	1556193213128	OK	 
REQUEST	1		?context=bWFzdGVyfGltYWdlc3wzNzg3fGltYWdlL2pwZWd8aW1hZ2VzL2g5YS9oNmIvODc5Njg0NjMyNTc5MC5qcGd8YTgzMzViNjIzMWFkNzRhMDhhZjQ1NmRjMzAyNjc3MTdkYzMyOTViYTc0YjBiMTdmNGE4ZDcwZTY1Yzg0M2YyZA	1556193213059	1556193213131	OK	 
REQUEST	1		?context=bWFzdGVyfGltYWdlc3wyNDA5fGltYWdlL2pwZWd8aW1hZ2VzL2g3MS9oZDMvODc5Njg0NzExMjIyMi5qcGd8MGFhNDlkNjhhYTllZTgzNGViYTcxZDA0YTEyZDY2YjIzYjM4ODJlNDE0MTExY2FmYWI0YzJjNGRlNWQ5Yzc0ZQ	1556193213063	1556193213135	OK	 
REQUEST	1		?context=bWFzdGVyfGltYWdlc3wxNjAxfGltYWdlL2pwZWd8aW1hZ2VzL2g5NC9oZTcvODc5Njg0NzU3MDk3NC5qcGd8MjY2NmI5ZWE1MjNhMjE3NTAzYThmMjA1NjFkYmJmY2EzNmVlMTNlMzgxMGNmYzlhY2YwN2QwNTY2M2M1ZmEyMA	1556193213065	1556193213137	OK	 
REQUEST	1		missing_product_EN_300x300.jpg	1556193213054	1556193213167	OK	 
REQUEST	1		?context=bWFzdGVyfGltYWdlc3wxNTA5fGltYWdlL2pwZWd8aW1hZ2VzL2hiNC9oN2UvODc5Njg0NzYzNjUxMC5qcGd8YzZhNTc5MzY1MWUyNDE4MDdjYzM2YzU4MjAyOGU1MTJkNGMyOTEyNTg0ZTY1MmNjOTQxYWU0NjY4NTg1YzVkNw	1556193213127	1556193213186	OK	 
REQUEST	1		?context=bWFzdGVyfGltYWdlc3wyOTM5fGltYWdlL2pwZWd8aW1hZ2VzL2gyNS9oYzMvODc5Njg0NzgzMzExOC5qcGd8MWI0ODU3ZWU1NjI2NjYxYjA2NjhjNDEwYTllOGM0NGQyNGY0MjA1OGMyMWU1OGNiOGM1NTgzMjgzYzAyNjE5MA	1556193213129	1556193213189	OK	 
REQUEST	1		?context=bWFzdGVyfGltYWdlc3wyODg3fGltYWdlL2pwZWd8aW1hZ2VzL2gyMi9oYWIvODc5Njg0NzcwMjA0Ni5qcGd8N2M1YTc1ODRkMTIwNzQ1OTc4YmIyZTFmNzQ5NjIxZTdjZTJjYjNiMzY5YTZlMTQ5ODk1OThhMWUzNDM5N2E2NQ	1556193213132	1556193213202	OK	 
REQUEST	1		?context=bWFzdGVyfGltYWdlc3wyNjE4fGltYWdlL2pwZWd8aW1hZ2VzL2hhOC9oMzQvODc5Njg0Nzc2NzU4Mi5qcGd8ZDcxY2MxYjUxMTFjZjE1ZjJlYjI4N2M2MzYzZjMwNGYyYzkzNjg3YjY1NGQ5MzI4YzNhYTljZTQ5NzE5MGNhYw	1556193213136	1556193213210	OK	 
REQUEST	1		?context=bWFzdGVyfGltYWdlc3wyNzAxfGltYWdlL2pwZWd8aW1hZ2VzL2gxMy9oZWMvODc5Njg0ODIyNjMzNC5qcGd8NTAwMWVjNGMxMzNmNTk0ZWU3NTJmY2IwYzJiNDVmNjcwYjRmM2UyZTA3YTlkN2ZlYzAzNzFhMWQ2YzU2MjE5NQ	1556193213137	1556193213217	OK	 
REQUEST	1		?context=bWFzdGVyfGltYWdlc3wyODIxfGltYWdlL2pwZWd8aW1hZ2VzL2hmYS9oMmUvODc5Njg0ODA5NTI2Mi5qcGd8YmFlMGUyYWU3YzEzNzkwNzlhYjU3ZDI5ZjY4MGMyMjUyYTliZjVmNGU5Yjc3MDBhYTg5M2M3ZjlhNzkyMTM5NQ	1556193213168	1556193213228	OK	 
REQUEST	1		?context=bWFzdGVyfGltYWdlc3wyMDg0fGltYWdlL2pwZWd8aW1hZ2VzL2gyNy9oYjkvODc5Njg0OTUzNzA1NC5qcGd8MWEzYzU4MDExN2FhMmY4MzdkMTg5MDJkNDZiODMxZjMwYzI3OTZkMWM4MmJmNDJkNDhhNGMxYTg2MzIzNWI4Yw	1556193213187	1556193213246	OK	 
REQUEST	1		listorderformaction.js	1556193213194	1556193213250	OK	 
REQUEST	1		listpickupinstoreaction.js	1556193213203	1556193213261	OK	 
REQUEST	1		listaddtocartaction.js	1556193213211	1556193213270	OK	 
REQUEST	1		request_4	1556193222264	1556193222451	OK	 
REQUEST	1		favicon.ico	1556193222496	1556193222551	OK	 
REQUEST	1		style.css	1556193222496	1556193222553	OK	 
REQUEST	1		assistedservicestorefront.css	1556193222496	1556193222554	OK	 
REQUEST	1		storeFinder.css	1556193222496	1556193222554	OK	 
REQUEST	1		customer360.css	1556193222497	1556193222554	OK	 
REQUEST	1		textfieldconfiguratortemplateaddon.css	1556193222497	1556193222555	OK	 
REQUEST	1		request_5	1556193232564	1556193232620	OK	 
REQUEST	1		request_5 Redirect 1	1556193232634	1556193232805	OK	 
REQUEST	1		style.css	1556193232821	1556193232884	OK	 
REQUEST	1		favicon.ico	1556193232820	1556193232889	OK	 
REQUEST	1		assistedservicestorefront.css	1556193232821	1556193232890	OK	 
REQUEST	1		storeFinder.css	1556193232821	1556193232891	OK	 
REQUEST	1		customer360.css	1556193232821	1556193232891	OK	 
REQUEST	1		textfieldconfiguratortemplateaddon.css	1556193232822	1556193232892	OK	 
REQUEST	1		request_6	1556193246883	1556193246962	OK	 
REQUEST	1		request_7	1556193273967	1556193274221	OK	 
REQUEST	1		request_7 Redirect 1	1556193274223	1556193274430	OK	 
REQUEST	1		favicon.ico	1556193274457	1556193274519	OK	 
REQUEST	1		style.css	1556193274457	1556193274704	OK	 
REQUEST	1		assistedservicestorefront.css	1556193274458	1556193274708	OK	 
REQUEST	1		storeFinder.css	1556193274458	1556193274711	OK	 
REQUEST	1		textfieldconfiguratortemplateaddon.css	1556193274459	1556193274714	OK	 
REQUEST	1		customer360.css	1556193274459	1556193274714	OK	 
REQUEST	1		request_8	1556193280724	1556193280789	OK	 
REQUEST	1		request_8 Redirect 1	1556193280791	1556193280997	OK	 
REQUEST	1		favicon.ico	1556193281035	1556193281100	OK	 
REQUEST	1		style.css	1556193281036	1556193281103	OK	 
REQUEST	1		assistedservicestorefront.css	1556193281036	1556193281104	OK	 
REQUEST	1		storeFinder.css	1556193281037	1556193281105	OK	 
REQUEST	1		customer360.css	1556193281037	1556193281105	OK	 
REQUEST	1		textfieldconfiguratortemplateaddon.css	1556193281037	1556193281106	OK	 
REQUEST	1		request_9	1556193282104	1556193282181	KO	status.find.in(200,201,202,203,204,205,206,207,208,209,304), found 500
REQUEST	1		request_10	1556193301202	1556193301459	KO	status.find.in(200,201,202,203,204,205,206,207,208,209,304), found 403
USER	RegCheckoutB1	1	END	1556193130471	1556193301471
