RUN	LPS.UserLogin_PragitiDev	userlogin-pragitidev	1564126941844	 	3.1.2
USER	UserLogin_PragitiDev	1	START	1564126943471	1564126943471
REQUEST	1		request_0	1564126943505	1564126944114	OK	 
REQUEST	1		favicon.ico	1564126944332	1564126944390	OK	 
REQUEST	1		owl.carousel.min.css	1564126944406	1564126944461	OK	 
REQUEST	1		owl.theme.default.min.css	1564126944510	1564126944561	OK	 
REQUEST	1		intlTelInput.css	1564126944564	1564126944622	OK	 
REQUEST	1		fsxwishlistaddon.css	1564126944333	1564126944692	OK	 
REQUEST	1		jquery.mCustomScrollbar.min.css	1564126944629	1564126944707	OK	 
REQUEST	1		smarteditaddon.css	1564126944334	1564126944719	OK	 
REQUEST	1		mirakladdon.css	1564126944333	1564126944723	OK	 
REQUEST	1		fsxmirakladdon.css	1564126944334	1564126944735	OK	 
REQUEST	1		easydropdown.flat.css	1564126944697	1564126944752	OK	 
REQUEST	1		xzoom.css	1564126944717	1564126944765	OK	 
REQUEST	1		css?family=Open+Sans:400,300,300italic,400italic,600,600italic,700,700italic,800,800italic	1564126944340	1564126944801	OK	 
REQUEST	1		application-custom.css	1564126944736	1564126944809	OK	 
REQUEST	1		analyticsmediator.js	1564126944753	1564126944811	OK	 
REQUEST	1		FSX-logo.png?context=bWFzdGVyfGltYWdlc3wyNTcyNHxpbWFnZS9wbmd8aW1hZ2VzL2gyMy9oYTYvODc5ODgyODg4ODA5NC5wbmd8ZjM4YTNkMDcwYTFjODM4NDI0YzlmMjE4MTVhOWI0N2VmZWQ1ZTE0YWJjMzdkMzUyMGYzZGZjOTlmNzA1N2ZjYg	1564126944766	1564126944846	OK	 
REQUEST	1		css?family=Open+Sans:300,400,600,700,800	1564126944334	1564126945070	OK	 
REQUEST	1		bootstrap-3.3.7.min.css	1564126944722	1564126945129	OK	 
REQUEST	1		Home-Page-Carousel-1-shutterstock-792066871.jpg?context=bWFzdGVyfHJvb3R8OTQ4MDZ8aW1hZ2UvanBlZ3xoYzYvaDkxLzg3OTg5MTEzOTc5MTguanBnfGYwNGJiZDVhZTFjMDgwMzhiYmNlNTdlMWI0MjNlNWVhYjNhMzkxYzI3OTY0ODBhOWQ2MmI0ZjUzNjEwYWU3MjY	1564126944810	1564126945190	OK	 
REQUEST	1		Home-Page-Carousel-2-shutterstock-687081655.jpg?context=bWFzdGVyfHJvb3R8MTc4NzA1fGltYWdlL2pwZWd8aDVmL2g5YS84Nzk4OTExNDYzNDU0LmpwZ3w2MWM1YjFiMmMyZjZmMzQ2OTM3MWFiNmNmYzQ3NjM3ZDMzMTgzYmRiOTQxMjkwYTc4ZTI4OGVmZjBmNWYwOTgx	1564126944812	1564126945390	OK	 
REQUEST	1		Home-Page-Carousel-3-shutterstock-1119898184.jpg?context=bWFzdGVyfHJvb3R8MTgzNjE2fGltYWdlL2pwZWd8aGNmL2gwZC84Nzk4OTExNTI4OTkwLmpwZ3xmYTc4YWNlYWRkNGE3ZjI4MWJlYWJhNGU2ZGZiZjQyNTk1ZTBhOTQxOWFkMjBhMjUzNDA5NGRkZTdhYzk3YWNl	1564126944847	1564126945458	OK	 
REQUEST	1		Light-Counter-Equipment.jpg?context=bWFzdGVyfHJvb3R8MzAyNzJ8aW1hZ2UvanBlZ3xoNzAvaDg3Lzg3OTg2Njc4OTg5MTAuanBnfDU4ODhmN2ZlYTk2OTYwYzg0YTY0OGI0ZjMwMWQ5ZmFiYjM1ZDJjODg5N2M1ZWEyZmJlOGI1MjFjNjY0ODc3ZWQ	1564126945460	1564126945649	OK	 
REQUEST	1		Home-Page-Carousel-4-shutterstock-273567461.jpg?context=bWFzdGVyfHJvb3R8MjEwNTczfGltYWdlL2pwZWd8aGU4L2hkMy84Nzk4OTExNTk0NTI2LmpwZ3xlY2YyMjU0ZjQyMmY0Y2Y1YmE4NmU3NDA1NTJmMGRhNDk1NzU1YTc2ZWMyYWQ3ODhjZmY2ZDViYzZmMzBiMjhl	1564126945135	1564126945873	OK	 
REQUEST	1		KitchenEquipment.jpg?context=bWFzdGVyfGltYWdlc3wxNTI4MTZ8aW1hZ2UvanBlZ3xpbWFnZXMvaDE2L2g1Ni84ODAyODUzODE0MzAyLmpwZ3xlMDlmZWM5ODBmOWMxYzBmM2I2ZGUzNTk2NWU1YTk1ODJlMTZiOTFkYmRhNjY1ODAxNzBkODEzZjhkZDhhNDBi	1564126945391	1564126945955	OK	 
REQUEST	1		Home-Page-Carousel-5-shutterstock-121103542.jpg?context=bWFzdGVyfHJvb3R8MjEzMjk0fGltYWdlL2pwZWd8aDNkL2g1OC84Nzk4OTExNjYwMDYyLmpwZ3xjYmQ0MGVmM2I4NTRlNjIwNGI1ZTI2ZjI0OWZjYjk1NjNiOTNlYWJlNjYyOWEyMTIwYTgxMGVmOTcxYWZjZjM5	1564126945192	1564126945961	OK	 
REQUEST	1		Bar-Equipment.jpg?context=bWFzdGVyfHJvb3R8NzEwMjl8aW1hZ2UvanBlZ3xoNjUvaGEyLzg3OTg2Njc5NjQ0NDYuanBnfGZiNjQ3MGI3ZDlmMTIwZWRhYTY2ZTFlZjIxMGY5NjUyZDU4NmU3MTI1OTFmMjZkNzY1NGUxYjc0ZDBlNGFkZmE	1564126945652	1564126945974	OK	 
REQUEST	1		application.min.css	1564126944725	1564126945977	OK	 
REQUEST	1		style.css	1564126944332	1564126946004	OK	 
REQUEST	1		FSX-footer-logo.png?context=bWFzdGVyfGltYWdlc3w2MDI5fGltYWdlL3BuZ3xpbWFnZXMvaDBhL2g1My84Nzk5NTY4MjY1MjQ2LnBuZ3w0ZjgwZjgwZWM5Nzc2ODIwZmRjYjc1NmRkNjJkODk1NjFhMDU5YTBiZWI2Y2MwNTI4NzQ5N2RmYmExOTUyNmJj	1564126946009	1564126946100	OK	 
REQUEST	1		Lodging.jpg?context=bWFzdGVyfHJvb3R8MzIxMzZ8aW1hZ2UvanBlZ3xoZWUvaDQ1Lzg3OTg2NzMyMDczMjYuanBnfGFkYWY1MjYwMmUyYmVjM2U2ZTlmZmQwMmY2NTM2NmEwYTRkMzNhZGI2Yzk4ZjNjOTg5NTUzMmI3MTVjODc3MzI	1564126945976	1564126946110	OK	 
REQUEST	1		Furniture.jpg?context=bWFzdGVyfHJvb3R8NTU3MzZ8aW1hZ2UvanBlZ3xoZjcvaGY5Lzg3OTg2NjgyOTIxMjYuanBnfDYyMmI0N2MwYmM4NzFmYTJiZTQzZTIyNTk0OWIyOWFlYTVlMDA3YWFjMzVjN2ExOTYyZGQ3YjViN2U0NzEzMTM	1564126945963	1564126946186	OK	 
REQUEST	1		linkedin.png?context=bWFzdGVyfHJvb3R8MTkwOHxpbWFnZS9wbmd8aDY0L2g3Mi84ODAyMjkzMzgzMTk4LnBuZ3xlMzdhOTVjMWE5YjdiOGJlNjgxMTk5M2RlMDcwM2FhMGEyYzVmYmZjNGI0MTgzMjllZmMwMzE1MzZmNmVhZjg3	1564126946112	1564126946215	OK	 
REQUEST	1		facebook.png?context=bWFzdGVyfHJvb3R8MTcxNXxpbWFnZS9wbmd8aDczL2g0ZS84ODAyMjkzMzUwNDMwLnBuZ3wxZjA1YTQwMzQ4ZWQxNzZiNDZjNDUyMzE1YTY1MWM5NmYzM2RlMGVkZjZmMWM3Yzc4YmQwYzdiNTAzMWRjMDcy	1564126946102	1564126946218	OK	 
REQUEST	1		Janitorial.jpg?context=bWFzdGVyfHJvb3R8NzA4Mjl8aW1hZ2UvanBlZ3xoMjkvaGNhLzg3OTg2NzM0MDM5MzQuanBnfDEzNDkwZjhhYjY5MWRhMzJhYWRlMzEzMWVkYjYxMDJiYzFlYzMwZmU4ZmQzZjU2MTk2YzAyZjRiZGJhYjMwNzc	1564126946003	1564126946229	OK	 
REQUEST	1		Smallwares.jpg?context=bWFzdGVyfGltYWdlc3wxMDg4NDN8aW1hZ2UvanBlZ3xpbWFnZXMvaDc5L2g3NS84ODAyODU0NzMxODA2LmpwZ3wxM2VkNTQwZmQwNTg4M2QzNjZhYzAxMzk2YTIxMTY2M2ZlMzNiMzM5NjUxNDcwZTc5MjFhY2ZhMDk0MDA4ZmNi	1564126945957	1564126946245	OK	 
REQUEST	1		TableTop.jpg?context=bWFzdGVyfGltYWdlc3wxNjIyODJ8aW1hZ2UvanBlZ3xpbWFnZXMvaGFlL2g0ZC84ODAyODU0NzY0NTc0LmpwZ3w1ZDFmNzRjZmM3NWRiMDA1Yjk2ZjkyNjJhN2YwZDE5MTczYTc4ZTM5MDk5ZTIzMGYxZTljOWU3MmZiOWQyYjM3	1564126945876	1564126946255	OK	 
REQUEST	1		instagram.png?context=bWFzdGVyfHJvb3R8MzQwN3xpbWFnZS9wbmd8aDUzL2hkZC84ODAyMjkzNDE1OTY2LnBuZ3xmOTYxNzkzNGE4NzQwYjQ0MmVkMTRiYjExY2VkZWEwZjM1MDNkZmJjYzMwNTM5NWI0MWJmYWM5MWUzMzgxMjBk	1564126946188	1564126946268	OK	 
REQUEST	1		generatedVariables.js	1564126946217	1564126946283	OK	 
REQUEST	1		enquire.min.js	1564126946232	1564126946295	OK	 
REQUEST	1		Imager.min.js	1564126946247	1564126946300	OK	 
REQUEST	1		purify.min.js	1564126946256	1564126946315	OK	 
REQUEST	1		jquery.colorbox-min.js	1564126946285	1564126946344	OK	 
REQUEST	1		jquery.blockUI-2.66.js	1564126946270	1564126946355	OK	 
REQUEST	1		jquery.form.min.js	1564126946297	1564126946363	OK	 
REQUEST	1		jquery.pstrength.custom-1.2.0.js	1564126946317	1564126946377	OK	 
REQUEST	1		jquery.hoverIntent.js	1564126946302	1564126946380	OK	 
REQUEST	1		jquery.syncheight.custom.js	1564126946345	1564126946410	OK	 
REQUEST	1		jquery.zoom.custom.js	1564126946379	1564126946443	OK	 
REQUEST	1		jquery.tabs.custom.js	1564126946357	1564126946469	OK	 
REQUEST	1		jquery-3.2.1.min.js	1564126946220	1564126946472	OK	 
REQUEST	1		owl.carousel.custom.js	1564126946381	1564126946518	OK	 
REQUEST	1		jquery.currencies.min.js	1564126946445	1564126946542	OK	 
REQUEST	1		jquery.tmpl-1.0.0pre.min.js	1564126946411	1564126946546	OK	 
REQUEST	1		jquery.waitforimages.min.js	1564126946471	1564126946559	OK	 
REQUEST	1		jquery.slideviewer.custom.1.2.js	1564126946474	1564126946562	OK	 
REQUEST	1		owl.carousel.min.js	1564126946519	1564126946640	OK	 
REQUEST	1		jquery.validate.min.js	1564126946544	1564126946642	OK	 
REQUEST	1		acc.autocomplete.js	1564126946560	1564126946645	OK	 
REQUEST	1		acc.carousel.js	1564126946563	1564126946651	OK	 
REQUEST	1		acc.address.js	1564126946548	1564126946654	OK	 
REQUEST	1		jquery-ui-1.12.1.min.js	1564126946365	1564126946677	OK	 
REQUEST	1		acc.cart.js	1564126946641	1564126946713	OK	 
REQUEST	1		acc.cartitem.js	1564126946644	1564126946716	OK	 
REQUEST	1		acc.checkoutaddress.js	1564126946656	1564126946718	OK	 
REQUEST	1		acc.checkoutsteps.js	1564126946652	1564126946720	OK	 
REQUEST	1		acc.checkout.js	1564126946646	1564126946723	OK	 
REQUEST	1		acc.cms.js	1564126946679	1564126946726	OK	 
REQUEST	1		acc.colorbox.js	1564126946715	1564126946763	OK	 
REQUEST	1		acc.common.js	1564126946717	1564126946766	OK	 
REQUEST	1		acc.forgottenpassword.js	1564126946719	1564126946768	OK	 
REQUEST	1		acc.imagegallery.js	1564126946728	1564126946776	OK	 
REQUEST	1		acc.global.js	1564126946722	1564126946779	OK	 
REQUEST	1		acc.hopdebug.js	1564126946724	1564126946781	OK	 
REQUEST	1		acc.langcurrencyselector.js	1564126946764	1564126946813	OK	 
REQUEST	1		acc.minicart.js	1564126946767	1564126946820	OK	 
REQUEST	1		acc.navigation.js	1564126946769	1564126946823	OK	 
REQUEST	1		acc.order.js	1564126946777	1564126946826	OK	 
REQUEST	1		acc.paginationsort.js	1564126946780	1564126946835	OK	 
REQUEST	1		acc.payment.js	1564126946782	1564126946838	OK	 
REQUEST	1		acc.paymentDetails.js	1564126946815	1564126946863	OK	 
REQUEST	1		acc.pickupinstore.js	1564126946821	1564126946872	OK	 
REQUEST	1		acc.product.js	1564126946825	1564126946880	OK	 
REQUEST	1		acc.productDetail.js	1564126946827	1564126946881	OK	 
REQUEST	1		acc.ratingstars.js	1564126946839	1564126946907	OK	 
REQUEST	1		acc.quickview.js	1564126946837	1564126946910	OK	 
REQUEST	1		acc.refinements.js	1564126946864	1564126946913	OK	 
REQUEST	1		acc.sanitizer.js	1564126946873	1564126946923	OK	 
REQUEST	1		acc.tabs.js	1564126946882	1564126946930	OK	 
REQUEST	1		acc.silentorderpost.js	1564126946880	1564126946934	OK	 
REQUEST	1		acc.storefinder.js	1564126946914	1564126946962	OK	 
REQUEST	1		acc.termsandconditions.js	1564126946908	1564126946964	OK	 
REQUEST	1		acc.track.js	1564126946912	1564126946965	OK	 
REQUEST	1		acc.futurelink.js	1564126946924	1564126946971	OK	 
REQUEST	1		acc.productorderform.js	1564126946931	1564126946996	OK	 
REQUEST	1		acc.savedcarts.js	1564126946935	1564126946997	OK	 
REQUEST	1		acc.multidgrid.js	1564126946962	1564126947014	OK	 
REQUEST	1		acc.consent.js	1564126946973	1564126947021	OK	 
REQUEST	1		acc.cookienotification.js	1564126946997	1564126947044	OK	 
REQUEST	1		acc.closeaccount.js	1564126946998	1564126947045	OK	 
REQUEST	1		acc.csv-import.js	1564126947015	1564126947062	OK	 
REQUEST	1		_autoload.js	1564126947021	1564126947068	OK	 
REQUEST	1		fsxwishlistaddon.js	1564126947045	1564126947092	OK	 
REQUEST	1		acc.quote.js	1564126946966	1564126947100	OK	 
REQUEST	1		miraklratingstars.js	1564126947046	1564126947102	OK	 
REQUEST	1		mirakltabs.js	1564126947063	1564126947111	OK	 
REQUEST	1		miraklpopups.js	1564126947069	1564126947118	OK	 
REQUEST	1		miraklexpandable.js	1564126947093	1564126947146	OK	 
REQUEST	1		fsxmirakladdon.js	1564126947104	1564126947152	OK	 
REQUEST	1		miraklorderconditions.js	1564126947101	1564126947160	OK	 
REQUEST	1		acc.checkoutsummary.js	1564126947112	1564126947164	OK	 
REQUEST	1		acc.paymentType.js	1564126947120	1564126947168	OK	 
REQUEST	1		acc.replenishment.js	1564126947147	1564126947200	OK	 
REQUEST	1		acc.orderform.js	1564126947153	1564126947212	OK	 
REQUEST	1		webApplicationInjector.js	1564126947165	1564126947214	OK	 
REQUEST	1		acc.approval.js	1564126947161	1564126947216	OK	 
REQUEST	1		reprocessPage.js	1564126947169	1564126947218	OK	 
REQUEST	1		adjustComponentRenderingToSE.js	1564126947201	1564126947258	OK	 
REQUEST	1		smarteditaddon.js	1564126947213	1564126947261	OK	 
REQUEST	1		setup.js	1564126947260	1564126947339	OK	 
REQUEST	1		acc.quickorder.js	1564126946964	1564126947376	OK	 
REQUEST	1		xzoom.js	1564126947262	1564126947381	OK	 
REQUEST	1		acc.main-dev.js	1564126947217	1564126947392	OK	 
REQUEST	1		acc.main.js	1564126947215	1564126947402	OK	 
REQUEST	1		acc.plp-list-view.js	1564126947340	1564126947444	OK	 
REQUEST	1		combined.min.js	1564126947219	1564126947610	OK	 
REQUEST	1		request_1	1564126949640	1564126950257	OK	 
REQUEST	1		fsxwishlistaddon.css	1564126950345	1564126950393	OK	 
REQUEST	1		mirakladdon.css	1564126950345	1564126950402	OK	 
REQUEST	1		favicon.ico	1564126950344	1564126950403	OK	 
REQUEST	1		fsxmirakladdon.css	1564126950346	1564126950404	OK	 
REQUEST	1		style.css	1564126950345	1564126950404	OK	 
REQUEST	1		smarteditaddon.css	1564126950346	1564126950405	OK	 
REQUEST	1		jquery.min.js	1564126950339	1564126950587	OK	 
REQUEST	1		request_2	1564127026606	1564127026975	OK	 
REQUEST	1		request_2 Redirect 1	1564127026981	1564127027285	OK	 
REQUEST	1		favicon.ico	1564127027340	1564127027391	OK	 
REQUEST	1		owl.carousel.min.css	1564127027391	1564127027453	OK	 
REQUEST	1		owl.theme.default.min.css	1564127027455	1564127027514	OK	 
REQUEST	1		intlTelInput.css	1564127027516	1564127027663	OK	 
REQUEST	1		jquery.mCustomScrollbar.min.css	1564127027665	1564127027834	OK	 
REQUEST	1		mirakladdon.css	1564127027341	1564127027976	OK	 
REQUEST	1		fsxwishlistaddon.css	1564127027340	1564127027978	OK	 
REQUEST	1		easydropdown.flat.css	1564127027836	1564127027982	OK	 
REQUEST	1		smarteditaddon.css	1564127027341	1564127027984	OK	 
REQUEST	1		fsxmirakladdon.css	1564127027341	1564127027987	OK	 
REQUEST	1		xzoom.css	1564127027977	1564127028139	OK	 
REQUEST	1		application-custom.css	1564127027985	1564127028143	OK	 
REQUEST	1		analyticsmediator.js	1564127027988	1564127028145	OK	 
REQUEST	1		FSX-logo.png?context=bWFzdGVyfGltYWdlc3wyNTcyNHxpbWFnZS9wbmd8aW1hZ2VzL2gyMy9oYTYvODc5ODgyODg4ODA5NC5wbmd8ZjM4YTNkMDcwYTFjODM4NDI0YzlmMjE4MTVhOWI0N2VmZWQ1ZTE0YWJjMzdkMzUyMGYzZGZjOTlmNzA1N2ZjYg	1564127028140	1564127028323	OK	 
REQUEST	1		bootstrap-3.3.7.min.css	1564127027980	1564127028483	OK	 
REQUEST	1		Home-Page-Carousel-1-shutterstock-792066871.jpg?context=bWFzdGVyfHJvb3R8OTQ4MDZ8aW1hZ2UvanBlZ3xoYzYvaDkxLzg3OTg5MTEzOTc5MTguanBnfGYwNGJiZDVhZTFjMDgwMzhiYmNlNTdlMWI0MjNlNWVhYjNhMzkxYzI3OTY0ODBhOWQ2MmI0ZjUzNjEwYWU3MjY	1564127028144	1564127028592	OK	 
REQUEST	1		Home-Page-Carousel-2-shutterstock-687081655.jpg?context=bWFzdGVyfHJvb3R8MTc4NzA1fGltYWdlL2pwZWd8aDVmL2g5YS84Nzk4OTExNDYzNDU0LmpwZ3w2MWM1YjFiMmMyZjZmMzQ2OTM3MWFiNmNmYzQ3NjM3ZDMzMTgzYmRiOTQxMjkwYTc4ZTI4OGVmZjBmNWYwOTgx	1564127028146	1564127028841	OK	 
REQUEST	1		Home-Page-Carousel-4-shutterstock-273567461.jpg?context=bWFzdGVyfHJvb3R8MjEwNTczfGltYWdlL2pwZWd8aGU4L2hkMy84Nzk4OTExNTk0NTI2LmpwZ3xlY2YyMjU0ZjQyMmY0Y2Y1YmE4NmU3NDA1NTJmMGRhNDk1NzU1YTc2ZWMyYWQ3ODhjZmY2ZDViYzZmMzBiMjhl	1564127028485	1564127029213	OK	 
REQUEST	1		Home-Page-Carousel-5-shutterstock-121103542.jpg?context=bWFzdGVyfHJvb3R8MjEzMjk0fGltYWdlL2pwZWd8aDNkL2g1OC84Nzk4OTExNjYwMDYyLmpwZ3xjYmQ0MGVmM2I4NTRlNjIwNGI1ZTI2ZjI0OWZjYjk1NjNiOTNlYWJlNjYyOWEyMTIwYTgxMGVmOTcxYWZjZjM5	1564127028593	1564127029234	OK	 
REQUEST	1		style.css	1564127027340	1564127029378	OK	 
REQUEST	1		KitchenEquipment.jpg?context=bWFzdGVyfGltYWdlc3wxNTI4MTZ8aW1hZ2UvanBlZ3xpbWFnZXMvaDE2L2g1Ni84ODAyODUzODE0MzAyLmpwZ3xlMDlmZWM5ODBmOWMxYzBmM2I2ZGUzNTk2NWU1YTk1ODJlMTZiOTFkYmRhNjY1ODAxNzBkODEzZjhkZDhhNDBi	1564127028842	1564127029384	OK	 
REQUEST	1		Light-Counter-Equipment.jpg?context=bWFzdGVyfHJvb3R8MzAyNzJ8aW1hZ2UvanBlZ3xoNzAvaDg3Lzg3OTg2Njc4OTg5MTAuanBnfDU4ODhmN2ZlYTk2OTYwYzg0YTY0OGI0ZjMwMWQ5ZmFiYjM1ZDJjODg5N2M1ZWEyZmJlOGI1MjFjNjY0ODc3ZWQ	1564127029214	1564127029386	OK	 
REQUEST	1		Home-Page-Carousel-3-shutterstock-1119898184.jpg?context=bWFzdGVyfHJvb3R8MTgzNjE2fGltYWdlL2pwZWd8aGNmL2gwZC84Nzk4OTExNTI4OTkwLmpwZ3xmYTc4YWNlYWRkNGE3ZjI4MWJlYWJhNGU2ZGZiZjQyNTk1ZTBhOTQxOWFkMjBhMjUzNDA5NGRkZTdhYzk3YWNl	1564127028324	1564127029388	OK	 
REQUEST	1		Bar-Equipment.jpg?context=bWFzdGVyfHJvb3R8NzEwMjl8aW1hZ2UvanBlZ3xoNjUvaGEyLzg3OTg2Njc5NjQ0NDYuanBnfGZiNjQ3MGI3ZDlmMTIwZWRhYTY2ZTFlZjIxMGY5NjUyZDU4NmU3MTI1OTFmMjZkNzY1NGUxYjc0ZDBlNGFkZmE	1564127029236	1564127029522	OK	 
REQUEST	1		Furniture.jpg?context=bWFzdGVyfHJvb3R8NTU3MzZ8aW1hZ2UvanBlZ3xoZjcvaGY5Lzg3OTg2NjgyOTIxMjYuanBnfDYyMmI0N2MwYmM4NzFmYTJiZTQzZTIyNTk0OWIyOWFlYTVlMDA3YWFjMzVjN2ExOTYyZGQ3YjViN2U0NzEzMTM	1564127029387	1564127029525	OK	 
REQUEST	1		Lodging.jpg?context=bWFzdGVyfHJvb3R8MzIxMzZ8aW1hZ2UvanBlZ3xoZWUvaDQ1Lzg3OTg2NzMyMDczMjYuanBnfGFkYWY1MjYwMmUyYmVjM2U2ZTlmZmQwMmY2NTM2NmEwYTRkMzNhZGI2Yzk4ZjNjOTg5NTUzMmI3MTVjODc3MzI	1564127029389	1564127029534	OK	 
REQUEST	1		application.min.css	1564127027983	1564127029545	OK	 
REQUEST	1		FSX-footer-logo.png?context=bWFzdGVyfGltYWdlc3w2MDI5fGltYWdlL3BuZ3xpbWFnZXMvaDBhL2g1My84Nzk5NTY4MjY1MjQ2LnBuZ3w0ZjgwZjgwZWM5Nzc2ODIwZmRjYjc1NmRkNjJkODk1NjFhMDU5YTBiZWI2Y2MwNTI4NzQ5N2RmYmExOTUyNmJj	1564127029526	1564127029629	OK	 
REQUEST	1		facebook.png?context=bWFzdGVyfHJvb3R8MTcxNXxpbWFnZS9wbmd8aDczL2g0ZS84ODAyMjkzMzUwNDMwLnBuZ3wxZjA1YTQwMzQ4ZWQxNzZiNDZjNDUyMzE1YTY1MWM5NmYzM2RlMGVkZjZmMWM3Yzc4YmQwYzdiNTAzMWRjMDcy	1564127029535	1564127029632	OK	 
REQUEST	1		linkedin.png?context=bWFzdGVyfHJvb3R8MTkwOHxpbWFnZS9wbmd8aDY0L2g3Mi84ODAyMjkzMzgzMTk4LnBuZ3xlMzdhOTVjMWE5YjdiOGJlNjgxMTk5M2RlMDcwM2FhMGEyYzVmYmZjNGI0MTgzMjllZmMwMzE1MzZmNmVhZjg3	1564127029551	1564127029634	OK	 
REQUEST	1		Janitorial.jpg?context=bWFzdGVyfHJvb3R8NzA4Mjl8aW1hZ2UvanBlZ3xoMjkvaGNhLzg3OTg2NzM0MDM5MzQuanBnfDEzNDkwZjhhYjY5MWRhMzJhYWRlMzEzMWVkYjYxMDJiYzFlYzMwZmU4ZmQzZjU2MTk2YzAyZjRiZGJhYjMwNzc	1564127029523	1564127029677	OK	 
REQUEST	1		instagram.png?context=bWFzdGVyfHJvb3R8MzQwN3xpbWFnZS9wbmd8aDUzL2hkZC84ODAyMjkzNDE1OTY2LnBuZ3xmOTYxNzkzNGE4NzQwYjQ0MmVkMTRiYjExY2VkZWEwZjM1MDNkZmJjYzMwNTM5NWI0MWJmYWM5MWUzMzgxMjBk	1564127029630	1564127029701	OK	 
REQUEST	1		generatedVariables.js	1564127029633	1564127029706	OK	 
REQUEST	1		enquire.min.js	1564127029677	1564127029724	OK	 
REQUEST	1		Smallwares.jpg?context=bWFzdGVyfGltYWdlc3wxMDg4NDN8aW1hZ2UvanBlZ3xpbWFnZXMvaDc5L2g3NS84ODAyODU0NzMxODA2LmpwZ3wxM2VkNTQwZmQwNTg4M2QzNjZhYzAxMzk2YTIxMTY2M2ZlMzNiMzM5NjUxNDcwZTc5MjFhY2ZhMDk0MDA4ZmNi	1564127029384	1564127029733	OK	 
REQUEST	1		TableTop.jpg?context=bWFzdGVyfGltYWdlc3wxNjIyODJ8aW1hZ2UvanBlZ3xpbWFnZXMvaGFlL2g0ZC84ODAyODU0NzY0NTc0LmpwZ3w1ZDFmNzRjZmM3NWRiMDA1Yjk2ZjkyNjJhN2YwZDE5MTczYTc4ZTM5MDk5ZTIzMGYxZTljOWU3MmZiOWQyYjM3	1564127029383	1564127029755	OK	 
REQUEST	1		Imager.min.js	1564127029702	1564127029759	OK	 
REQUEST	1		purify.min.js	1564127029706	1564127029766	OK	 
REQUEST	1		jquery.blockUI-2.66.js	1564127029725	1564127029779	OK	 
REQUEST	1		jquery.colorbox-min.js	1564127029733	1564127029808	OK	 
REQUEST	1		jquery.hoverIntent.js	1564127029759	1564127029819	OK	 
REQUEST	1		jquery.pstrength.custom-1.2.0.js	1564127029766	1564127029821	OK	 
REQUEST	1		jquery.syncheight.custom.js	1564127029780	1564127029829	OK	 
REQUEST	1		jquery.form.min.js	1564127029755	1564127029833	OK	 
REQUEST	1		jquery-3.2.1.min.js	1564127029635	1564127029836	OK	 
REQUEST	1		jquery.zoom.custom.js	1564127029821	1564127029893	OK	 
REQUEST	1		jquery.currencies.min.js	1564127029837	1564127029909	OK	 
REQUEST	1		jquery.tmpl-1.0.0pre.min.js	1564127029833	1564127029914	OK	 
REQUEST	1		jquery.tabs.custom.js	1564127029809	1564127029916	OK	 
REQUEST	1		owl.carousel.custom.js	1564127029830	1564127029955	OK	 
REQUEST	1		jquery.waitforimages.min.js	1564127029894	1564127029972	OK	 
REQUEST	1		jquery.slideviewer.custom.1.2.js	1564127029910	1564127029982	OK	 
REQUEST	1		acc.address.js	1564127029956	1564127030019	OK	 
REQUEST	1		acc.autocomplete.js	1564127029973	1564127030030	OK	 
REQUEST	1		acc.carousel.js	1564127029983	1564127030032	OK	 
REQUEST	1		owl.carousel.min.js	1564127029914	1564127030080	OK	 
REQUEST	1		jquery.validate.min.js	1564127029917	1564127030087	OK	 
REQUEST	1		acc.cart.js	1564127030020	1564127030095	OK	 
REQUEST	1		acc.cartitem.js	1564127030031	1564127030097	OK	 
REQUEST	1		acc.checkout.js	1564127030033	1564127030099	OK	 
REQUEST	1		jquery-ui-1.12.1.min.js	1564127029820	1564127030133	OK	 
REQUEST	1		acc.checkoutsteps.js	1564127030081	1564127030149	OK	 
REQUEST	1		acc.cms.js	1564127030095	1564127030155	OK	 
REQUEST	1		acc.colorbox.js	1564127030097	1564127030157	OK	 
REQUEST	1		acc.common.js	1564127030099	1564127030160	OK	 
REQUEST	1		acc.checkoutaddress.js	1564127030088	1564127030164	OK	 
REQUEST	1		acc.forgottenpassword.js	1564127030134	1564127030182	OK	 
REQUEST	1		acc.hopdebug.js	1564127030156	1564127030204	OK	 
REQUEST	1		acc.imagegallery.js	1564127030158	1564127030206	OK	 
REQUEST	1		acc.global.js	1564127030150	1564127030209	OK	 
REQUEST	1		acc.langcurrencyselector.js	1564127030161	1564127030210	OK	 
REQUEST	1		acc.minicart.js	1564127030165	1564127030222	OK	 
REQUEST	1		acc.navigation.js	1564127030183	1564127030231	OK	 
REQUEST	1		acc.order.js	1564127030205	1564127030254	OK	 
REQUEST	1		acc.paginationsort.js	1564127030207	1564127030255	OK	 
REQUEST	1		acc.paymentDetails.js	1564127030210	1564127030257	OK	 
REQUEST	1		acc.payment.js	1564127030209	1564127030264	OK	 
REQUEST	1		acc.product.js	1564127030232	1564127030283	OK	 
REQUEST	1		acc.pickupinstore.js	1564127030222	1564127030290	OK	 
REQUEST	1		acc.productDetail.js	1564127030254	1564127030303	OK	 
REQUEST	1		acc.ratingstars.js	1564127030257	1564127030310	OK	 
REQUEST	1		acc.quickview.js	1564127030255	1564127030311	OK	 
REQUEST	1		acc.refinements.js	1564127030264	1564127030322	OK	 
REQUEST	1		acc.sanitizer.js	1564127030284	1564127030332	OK	 
REQUEST	1		acc.silentorderpost.js	1564127030292	1564127030358	OK	 
REQUEST	1		acc.tabs.js	1564127030304	1564127030360	OK	 
REQUEST	1		acc.termsandconditions.js	1564127030310	1564127030361	OK	 
REQUEST	1		acc.track.js	1564127030312	1564127030363	OK	 
REQUEST	1		acc.futurelink.js	1564127030332	1564127030384	OK	 
REQUEST	1		acc.storefinder.js	1564127030323	1564127030387	OK	 
REQUEST	1		acc.multidgrid.js	1564127030362	1564127030410	OK	 
REQUEST	1		acc.quickorder.js	1564127030363	1564127030432	OK	 
REQUEST	1		acc.quote.js	1564127030385	1564127030445	OK	 
REQUEST	1		acc.savedcarts.js	1564127030360	1564127030455	OK	 
REQUEST	1		acc.cookienotification.js	1564127030411	1564127030470	OK	 
REQUEST	1		acc.consent.js	1564127030388	1564127030471	OK	 
REQUEST	1		acc.productorderform.js	1564127030359	1564127030487	OK	 
REQUEST	1		acc.closeaccount.js	1564127030433	1564127030489	OK	 
REQUEST	1		acc.csv-import.js	1564127030446	1564127030497	OK	 
REQUEST	1		_autoload.js	1564127030456	1564127030509	OK	 
REQUEST	1		fsxwishlistaddon.js	1564127030470	1564127030517	OK	 
REQUEST	1		miraklratingstars.js	1564127030471	1564127030528	OK	 
REQUEST	1		miraklpopups.js	1564127030489	1564127030536	OK	 
REQUEST	1		miraklexpandable.js	1564127030497	1564127030544	OK	 
REQUEST	1		mirakltabs.js	1564127030488	1564127030545	OK	 
REQUEST	1		miraklorderconditions.js	1564127030509	1564127030562	OK	 
REQUEST	1		fsxmirakladdon.js	1564127030518	1564127030564	OK	 
REQUEST	1		acc.paymentType.js	1564127030537	1564127030584	OK	 
REQUEST	1		acc.checkoutsummary.js	1564127030529	1564127030587	OK	 
REQUEST	1		acc.replenishment.js	1564127030544	1564127030592	OK	 
REQUEST	1		acc.approval.js	1564127030562	1564127030609	OK	 
REQUEST	1		webApplicationInjector.js	1564127030565	1564127030616	OK	 
REQUEST	1		reprocessPage.js	1564127030584	1564127030632	OK	 
REQUEST	1		smarteditaddon.js	1564127030592	1564127030639	OK	 
REQUEST	1		adjustComponentRenderingToSE.js	1564127030587	1564127030644	OK	 
REQUEST	1		acc.orderform.js	1564127030545	1564127030669	OK	 
REQUEST	1		setup.js	1564127030639	1564127030705	OK	 
REQUEST	1		acc.main-dev.js	1564127030616	1564127030743	OK	 
REQUEST	1		acc.plp-list-view.js	1564127030669	1564127030773	OK	 
REQUEST	1		xzoom.js	1564127030645	1564127030784	OK	 
REQUEST	1		acc.main.js	1564127030610	1564127030798	OK	 
REQUEST	1		combined.min.js	1564127030632	1564127031179	OK	 
USER	UserLogin_PragitiDev	1	END	1564126943471	1564127031196
