RUN	LPS.Registration_PragitiDev	registration-pragitidev	1564126721872	 	3.1.2
USER	Registration_PragitiDev	1	START	1564126723447	1564126723447
REQUEST	1		request_0	1564126723482	1564126724312	OK	 
REQUEST	1		favicon.ico	1564126724549	1564126724652	OK	 
REQUEST	1		owl.carousel.min.css	1564126724663	1564126724712	OK	 
REQUEST	1		owl.theme.default.min.css	1564126724761	1564126724812	OK	 
REQUEST	1		css?family=Open+Sans:400,300,300italic,400italic,600,600italic,700,700italic,800,800italic	1564126724557	1564126724896	OK	 
REQUEST	1		css?family=Open+Sans:300,400,600,700,800	1564126724552	1564126724906	OK	 
REQUEST	1		intlTelInput.css	1564126724814	1564126724910	OK	 
REQUEST	1		smarteditaddon.css	1564126724552	1564126724958	OK	 
REQUEST	1		fsxwishlistaddon.css	1564126724550	1564126724961	OK	 
REQUEST	1		fsxmirakladdon.css	1564126724551	1564126724972	OK	 
REQUEST	1		mirakladdon.css	1564126724551	1564126724982	OK	 
REQUEST	1		xzoom.css	1564126724963	1564126725019	OK	 
REQUEST	1		easydropdown.flat.css	1564126724960	1564126725022	OK	 
REQUEST	1		jquery.mCustomScrollbar.min.css	1564126724913	1564126725054	OK	 
REQUEST	1		analyticsmediator.js	1564126725024	1564126725085	OK	 
REQUEST	1		application-custom.css	1564126725021	1564126725089	OK	 
REQUEST	1		FSX-logo.png?context=bWFzdGVyfGltYWdlc3wyNTcyNHxpbWFnZS9wbmd8aW1hZ2VzL2gyMy9oYTYvODc5ODgyODg4ODA5NC5wbmd8ZjM4YTNkMDcwYTFjODM4NDI0YzlmMjE4MTVhOWI0N2VmZWQ1ZTE0YWJjMzdkMzUyMGYzZGZjOTlmNzA1N2ZjYg	1564126725061	1564126725156	OK	 
REQUEST	1		bootstrap-3.3.7.min.css	1564126724973	1564126725432	OK	 
REQUEST	1		Home-Page-Carousel-1-shutterstock-792066871.jpg?context=bWFzdGVyfHJvb3R8OTQ4MDZ8aW1hZ2UvanBlZ3xoYzYvaDkxLzg3OTg5MTEzOTc5MTguanBnfGYwNGJiZDVhZTFjMDgwMzhiYmNlNTdlMWI0MjNlNWVhYjNhMzkxYzI3OTY0ODBhOWQ2MmI0ZjUzNjEwYWU3MjY	1564126725087	1564126725444	OK	 
REQUEST	1		Home-Page-Carousel-3-shutterstock-1119898184.jpg?context=bWFzdGVyfHJvb3R8MTgzNjE2fGltYWdlL2pwZWd8aGNmL2gwZC84Nzk4OTExNTI4OTkwLmpwZ3xmYTc4YWNlYWRkNGE3ZjI4MWJlYWJhNGU2ZGZiZjQyNTk1ZTBhOTQxOWFkMjBhMjUzNDA5NGRkZTdhYzk3YWNl	1564126725157	1564126725635	OK	 
REQUEST	1		Home-Page-Carousel-2-shutterstock-687081655.jpg?context=bWFzdGVyfHJvb3R8MTc4NzA1fGltYWdlL2pwZWd8aDVmL2g5YS84Nzk4OTExNDYzNDU0LmpwZ3w2MWM1YjFiMmMyZjZmMzQ2OTM3MWFiNmNmYzQ3NjM3ZDMzMTgzYmRiOTQxMjkwYTc4ZTI4OGVmZjBmNWYwOTgx	1564126725094	1564126725699	OK	 
REQUEST	1		Light-Counter-Equipment.jpg?context=bWFzdGVyfHJvb3R8MzAyNzJ8aW1hZ2UvanBlZ3xoNzAvaDg3Lzg3OTg2Njc4OTg5MTAuanBnfDU4ODhmN2ZlYTk2OTYwYzg0YTY0OGI0ZjMwMWQ5ZmFiYjM1ZDJjODg5N2M1ZWEyZmJlOGI1MjFjNjY0ODc3ZWQ	1564126725700	1564126725879	OK	 
REQUEST	1		Home-Page-Carousel-4-shutterstock-273567461.jpg?context=bWFzdGVyfHJvb3R8MjEwNTczfGltYWdlL2pwZWd8aGU4L2hkMy84Nzk4OTExNTk0NTI2LmpwZ3xlY2YyMjU0ZjQyMmY0Y2Y1YmE4NmU3NDA1NTJmMGRhNDk1NzU1YTc2ZWMyYWQ3ODhjZmY2ZDViYzZmMzBiMjhl	1564126725438	1564126726172	OK	 
REQUEST	1		KitchenEquipment.jpg?context=bWFzdGVyfGltYWdlc3wxNTI4MTZ8aW1hZ2UvanBlZ3xpbWFnZXMvaDE2L2g1Ni84ODAyODUzODE0MzAyLmpwZ3xlMDlmZWM5ODBmOWMxYzBmM2I2ZGUzNTk2NWU1YTk1ODJlMTZiOTFkYmRhNjY1ODAxNzBkODEzZjhkZDhhNDBi	1564126725636	1564126726191	OK	 
REQUEST	1		Home-Page-Carousel-5-shutterstock-121103542.jpg?context=bWFzdGVyfHJvb3R8MjEzMjk0fGltYWdlL2pwZWd8aDNkL2g1OC84Nzk4OTExNjYwMDYyLmpwZ3xjYmQ0MGVmM2I4NTRlNjIwNGI1ZTI2ZjI0OWZjYjk1NjNiOTNlYWJlNjYyOWEyMTIwYTgxMGVmOTcxYWZjZjM5	1564126725445	1564126726195	OK	 
REQUEST	1		Bar-Equipment.jpg?context=bWFzdGVyfHJvb3R8NzEwMjl8aW1hZ2UvanBlZ3xoNjUvaGEyLzg3OTg2Njc5NjQ0NDYuanBnfGZiNjQ3MGI3ZDlmMTIwZWRhYTY2ZTFlZjIxMGY5NjUyZDU4NmU3MTI1OTFmMjZkNzY1NGUxYjc0ZDBlNGFkZmE	1564126725882	1564126726199	OK	 
REQUEST	1		style.css	1564126724550	1564126726203	OK	 
REQUEST	1		application.min.css	1564126724984	1564126726239	OK	 
REQUEST	1		Lodging.jpg?context=bWFzdGVyfHJvb3R8MzIxMzZ8aW1hZ2UvanBlZ3xoZWUvaDQ1Lzg3OTg2NzMyMDczMjYuanBnfGFkYWY1MjYwMmUyYmVjM2U2ZTlmZmQwMmY2NTM2NmEwYTRkMzNhZGI2Yzk4ZjNjOTg5NTUzMmI3MTVjODc3MzI	1564126726201	1564126726328	OK	 
REQUEST	1		FSX-footer-logo.png?context=bWFzdGVyfGltYWdlc3w2MDI5fGltYWdlL3BuZ3xpbWFnZXMvaDBhL2g1My84Nzk5NTY4MjY1MjQ2LnBuZ3w0ZjgwZjgwZWM5Nzc2ODIwZmRjYjc1NmRkNjJkODk1NjFhMDU5YTBiZWI2Y2MwNTI4NzQ5N2RmYmExOTUyNmJj	1564126726244	1564126726331	OK	 
REQUEST	1		Furniture.jpg?context=bWFzdGVyfHJvb3R8NTU3MzZ8aW1hZ2UvanBlZ3xoZjcvaGY5Lzg3OTg2NjgyOTIxMjYuanBnfDYyMmI0N2MwYmM4NzFmYTJiZTQzZTIyNTk0OWIyOWFlYTVlMDA3YWFjMzVjN2ExOTYyZGQ3YjViN2U0NzEzMTM	1564126726197	1564126726404	OK	 
REQUEST	1		facebook.png?context=bWFzdGVyfHJvb3R8MTcxNXxpbWFnZS9wbmd8aDczL2g0ZS84ODAyMjkzMzUwNDMwLnBuZ3wxZjA1YTQwMzQ4ZWQxNzZiNDZjNDUyMzE1YTY1MWM5NmYzM2RlMGVkZjZmMWM3Yzc4YmQwYzdiNTAzMWRjMDcy	1564126726330	1564126726423	OK	 
REQUEST	1		linkedin.png?context=bWFzdGVyfHJvb3R8MTkwOHxpbWFnZS9wbmd8aDY0L2g3Mi84ODAyMjkzMzgzMTk4LnBuZ3xlMzdhOTVjMWE5YjdiOGJlNjgxMTk5M2RlMDcwM2FhMGEyYzVmYmZjNGI0MTgzMjllZmMwMzE1MzZmNmVhZjg3	1564126726333	1564126726443	OK	 
REQUEST	1		Janitorial.jpg?context=bWFzdGVyfHJvb3R8NzA4Mjl8aW1hZ2UvanBlZ3xoMjkvaGNhLzg3OTg2NzM0MDM5MzQuanBnfDEzNDkwZjhhYjY5MWRhMzJhYWRlMzEzMWVkYjYxMDJiYzFlYzMwZmU4ZmQzZjU2MTk2YzAyZjRiZGJhYjMwNzc	1564126726226	1564126726450	OK	 
REQUEST	1		Smallwares.jpg?context=bWFzdGVyfGltYWdlc3wxMDg4NDN8aW1hZ2UvanBlZ3xpbWFnZXMvaDc5L2g3NS84ODAyODU0NzMxODA2LmpwZ3wxM2VkNTQwZmQwNTg4M2QzNjZhYzAxMzk2YTIxMTY2M2ZlMzNiMzM5NjUxNDcwZTc5MjFhY2ZhMDk0MDA4ZmNi	1564126726193	1564126726457	OK	 
REQUEST	1		instagram.png?context=bWFzdGVyfHJvb3R8MzQwN3xpbWFnZS9wbmd8aDUzL2hkZC84ODAyMjkzNDE1OTY2LnBuZ3xmOTYxNzkzNGE4NzQwYjQ0MmVkMTRiYjExY2VkZWEwZjM1MDNkZmJjYzMwNTM5NWI0MWJmYWM5MWUzMzgxMjBk	1564126726405	1564126726478	OK	 
REQUEST	1		generatedVariables.js	1564126726425	1564126726496	OK	 
REQUEST	1		enquire.min.js	1564126726452	1564126726513	OK	 
REQUEST	1		Imager.min.js	1564126726459	1564126726515	OK	 
REQUEST	1		TableTop.jpg?context=bWFzdGVyfGltYWdlc3wxNjIyODJ8aW1hZ2UvanBlZ3xpbWFnZXMvaGFlL2g0ZC84ODAyODU0NzY0NTc0LmpwZ3w1ZDFmNzRjZmM3NWRiMDA1Yjk2ZjkyNjJhN2YwZDE5MTczYTc4ZTM5MDk5ZTIzMGYxZTljOWU3MmZiOWQyYjM3	1564126726175	1564126726528	OK	 
REQUEST	1		purify.min.js	1564126726480	1564126726545	OK	 
REQUEST	1		jquery.blockUI-2.66.js	1564126726498	1564126726561	OK	 
REQUEST	1		jquery.colorbox-min.js	1564126726514	1564126726579	OK	 
REQUEST	1		jquery.form.min.js	1564126726517	1564126726582	OK	 
REQUEST	1		jquery.hoverIntent.js	1564126726530	1564126726585	OK	 
REQUEST	1		jquery.pstrength.custom-1.2.0.js	1564126726546	1564126726607	OK	 
REQUEST	1		jquery.syncheight.custom.js	1564126726563	1564126726611	OK	 
REQUEST	1		jquery.tabs.custom.js	1564126726581	1564126726639	OK	 
REQUEST	1		jquery.zoom.custom.js	1564126726586	1564126726661	OK	 
REQUEST	1		jquery-3.2.1.min.js	1564126726445	1564126726687	OK	 
REQUEST	1		jquery.tmpl-1.0.0pre.min.js	1564126726612	1564126726691	OK	 
REQUEST	1		jquery.currencies.min.js	1564126726640	1564126726722	OK	 
REQUEST	1		jquery.waitforimages.min.js	1564126726663	1564126726741	OK	 
REQUEST	1		owl.carousel.custom.js	1564126726608	1564126726753	OK	 
REQUEST	1		jquery.slideviewer.custom.1.2.js	1564126726688	1564126726774	OK	 
REQUEST	1		owl.carousel.min.js	1564126726693	1564126726825	OK	 
REQUEST	1		jquery.validate.min.js	1564126726724	1564126726828	OK	 
REQUEST	1		acc.autocomplete.js	1564126726754	1564126726843	OK	 
REQUEST	1		acc.carousel.js	1564126726776	1564126726850	OK	 
REQUEST	1		acc.address.js	1564126726743	1564126726860	OK	 
REQUEST	1		acc.cartitem.js	1564126726830	1564126726889	OK	 
REQUEST	1		acc.cart.js	1564126726827	1564126726896	OK	 
REQUEST	1		acc.checkout.js	1564126726845	1564126726898	OK	 
REQUEST	1		acc.checkoutaddress.js	1564126726861	1564126726910	OK	 
REQUEST	1		acc.checkoutsteps.js	1564126726852	1564126726913	OK	 
REQUEST	1		jquery-ui-1.12.1.min.js	1564126726583	1564126726922	OK	 
REQUEST	1		acc.cms.js	1564126726890	1564126726941	OK	 
REQUEST	1		acc.colorbox.js	1564126726897	1564126726946	OK	 
REQUEST	1		acc.common.js	1564126726900	1564126726949	OK	 
REQUEST	1		acc.forgottenpassword.js	1564126726911	1564126726959	OK	 
REQUEST	1		acc.hopdebug.js	1564126726924	1564126726971	OK	 
REQUEST	1		acc.global.js	1564126726914	1564126726981	OK	 
REQUEST	1		acc.imagegallery.js	1564126726943	1564126726990	OK	 
REQUEST	1		acc.langcurrencyselector.js	1564126726947	1564126726995	OK	 
REQUEST	1		acc.minicart.js	1564126726950	1564126726998	OK	 
REQUEST	1		acc.navigation.js	1564126726960	1564126727010	OK	 
REQUEST	1		acc.order.js	1564126726972	1564126727019	OK	 
REQUEST	1		acc.payment.js	1564126726991	1564126727039	OK	 
REQUEST	1		acc.paginationsort.js	1564126726982	1564126727041	OK	 
REQUEST	1		acc.paymentDetails.js	1564126726996	1564126727044	OK	 
REQUEST	1		acc.pickupinstore.js	1564126726998	1564126727050	OK	 
REQUEST	1		acc.product.js	1564126727010	1564126727061	OK	 
REQUEST	1		acc.productDetail.js	1564126727021	1564126727075	OK	 
REQUEST	1		acc.quickview.js	1564126727040	1564126727090	OK	 
REQUEST	1		acc.refinements.js	1564126727045	1564126727096	OK	 
REQUEST	1		acc.sanitizer.js	1564126727052	1564126727100	OK	 
REQUEST	1		acc.ratingstars.js	1564126727043	1564126727102	OK	 
REQUEST	1		acc.silentorderpost.js	1564126727063	1564126727113	OK	 
REQUEST	1		acc.tabs.js	1564126727076	1564126727125	OK	 
REQUEST	1		acc.termsandconditions.js	1564126727091	1564126727139	OK	 
REQUEST	1		acc.track.js	1564126727098	1564126727148	OK	 
REQUEST	1		acc.storefinder.js	1564126727101	1564126727150	OK	 
REQUEST	1		acc.futurelink.js	1564126727103	1564126727161	OK	 
REQUEST	1		acc.savedcarts.js	1564126727126	1564126727185	OK	 
REQUEST	1		acc.multidgrid.js	1564126727140	1564126727188	OK	 
REQUEST	1		acc.quickorder.js	1564126727149	1564126727205	OK	 
REQUEST	1		acc.productorderform.js	1564126727114	1564126727213	OK	 
REQUEST	1		acc.quote.js	1564126727151	1564126727217	OK	 
REQUEST	1		acc.cookienotification.js	1564126727186	1564126727233	OK	 
REQUEST	1		acc.consent.js	1564126727162	1564126727235	OK	 
REQUEST	1		acc.closeaccount.js	1564126727189	1564126727237	OK	 
REQUEST	1		_autoload.js	1564126727214	1564126727262	OK	 
REQUEST	1		acc.csv-import.js	1564126727206	1564126727265	OK	 
REQUEST	1		fsxwishlistaddon.js	1564126727218	1564126727268	OK	 
REQUEST	1		miraklratingstars.js	1564126727234	1564126727282	OK	 
REQUEST	1		miraklpopups.js	1564126727238	1564126727286	OK	 
REQUEST	1		mirakltabs.js	1564126727236	1564126727298	OK	 
REQUEST	1		miraklexpandable.js	1564126727264	1564126727311	OK	 
REQUEST	1		miraklorderconditions.js	1564126727267	1564126727319	OK	 
REQUEST	1		fsxmirakladdon.js	1564126727269	1564126727320	OK	 
REQUEST	1		acc.checkoutsummary.js	1564126727283	1564126727332	OK	 
REQUEST	1		acc.paymentType.js	1564126727287	1564126727334	OK	 
REQUEST	1		acc.replenishment.js	1564126727299	1564126727356	OK	 
REQUEST	1		acc.orderform.js	1564126727312	1564126727367	OK	 
REQUEST	1		acc.approval.js	1564126727320	1564126727369	OK	 
REQUEST	1		webApplicationInjector.js	1564126727321	1564126727370	OK	 
REQUEST	1		adjustComponentRenderingToSE.js	1564126727334	1564126727384	OK	 
REQUEST	1		reprocessPage.js	1564126727333	1564126727385	OK	 
REQUEST	1		smarteditaddon.js	1564126727356	1564126727413	OK	 
REQUEST	1		setup.js	1564126727384	1564126727448	OK	 
REQUEST	1		xzoom.js	1564126727385	1564126727482	OK	 
REQUEST	1		acc.plp-list-view.js	1564126727414	1564126727510	OK	 
REQUEST	1		acc.main-dev.js	1564126727369	1564126727532	OK	 
REQUEST	1		acc.main.js	1564126727367	1564126727575	OK	 
REQUEST	1		combined.min.js	1564126727371	1564126728007	OK	 
REQUEST	1		request_5	1564126730028	1564126730365	OK	 
REQUEST	1		favicon.ico	1564126730451	1564126730499	OK	 
REQUEST	1		fsxwishlistaddon.css	1564126730452	1564126730507	OK	 
REQUEST	1		smarteditaddon.css	1564126730453	1564126730508	OK	 
REQUEST	1		mirakladdon.css	1564126730452	1564126730508	OK	 
REQUEST	1		fsxmirakladdon.css	1564126730453	1564126730509	OK	 
REQUEST	1		style.css	1564126730452	1564126730510	OK	 
REQUEST	1		jquery.min.js	1564126730445	1564126731044	OK	 
REQUEST	1		request_10	1564126807064	1564126807778	OK	 
REQUEST	1		request_10 Redirect 1	1564126807792	1564126808138	OK	 
REQUEST	1		favicon.ico	1564126808173	1564126808243	OK	 
REQUEST	1		owl.carousel.min.css	1564126808244	1564126808307	OK	 
REQUEST	1		owl.theme.default.min.css	1564126808309	1564126808368	OK	 
REQUEST	1		intlTelInput.css	1564126808370	1564126808448	OK	 
REQUEST	1		fsxmirakladdon.css	1564126808175	1564126808520	OK	 
REQUEST	1		mirakladdon.css	1564126808175	1564126808540	OK	 
REQUEST	1		easydropdown.flat.css	1564126808522	1564126808572	OK	 
REQUEST	1		jquery.mCustomScrollbar.min.css	1564126808450	1564126808603	OK	 
REQUEST	1		xzoom.css	1564126808541	1564126808606	OK	 
REQUEST	1		smarteditaddon.css	1564126808175	1564126808609	OK	 
REQUEST	1		fsxwishlistaddon.css	1564126808174	1564126808611	OK	 
REQUEST	1		application-custom.css	1564126808608	1564126808663	OK	 
REQUEST	1		FSX-logo.png?context=bWFzdGVyfGltYWdlc3wyNTcyNHxpbWFnZS9wbmd8aW1hZ2VzL2gyMy9oYTYvODc5ODgyODg4ODA5NC5wbmd8ZjM4YTNkMDcwYTFjODM4NDI0YzlmMjE4MTVhOWI0N2VmZWQ1ZTE0YWJjMzdkMzUyMGYzZGZjOTlmNzA1N2ZjYg	1564126808612	1564126808783	OK	 
REQUEST	1		analyticsmediator.js	1564126808610	1564126808793	OK	 
REQUEST	1		bootstrap-3.3.7.min.css	1564126808574	1564126808884	OK	 
REQUEST	1		Home-Page-Carousel-1-shutterstock-792066871.jpg?context=bWFzdGVyfHJvb3R8OTQ4MDZ8aW1hZ2UvanBlZ3xoYzYvaDkxLzg3OTg5MTEzOTc5MTguanBnfGYwNGJiZDVhZTFjMDgwMzhiYmNlNTdlMWI0MjNlNWVhYjNhMzkxYzI3OTY0ODBhOWQ2MmI0ZjUzNjEwYWU3MjY	1564126808665	1564126808954	OK	 
REQUEST	1		Home-Page-Carousel-2-shutterstock-687081655.jpg?context=bWFzdGVyfHJvb3R8MTc4NzA1fGltYWdlL2pwZWd8aDVmL2g5YS84Nzk4OTExNDYzNDU0LmpwZ3w2MWM1YjFiMmMyZjZmMzQ2OTM3MWFiNmNmYzQ3NjM3ZDMzMTgzYmRiOTQxMjkwYTc4ZTI4OGVmZjBmNWYwOTgx	1564126808784	1564126809429	OK	 
REQUEST	1		style.css	1564126808174	1564126809486	OK	 
REQUEST	1		Home-Page-Carousel-4-shutterstock-273567461.jpg?context=bWFzdGVyfHJvb3R8MjEwNTczfGltYWdlL2pwZWd8aGU4L2hkMy84Nzk4OTExNTk0NTI2LmpwZ3xlY2YyMjU0ZjQyMmY0Y2Y1YmE4NmU3NDA1NTJmMGRhNDk1NzU1YTc2ZWMyYWQ3ODhjZmY2ZDViYzZmMzBiMjhl	1564126808887	1564126809578	OK	 
REQUEST	1		Home-Page-Carousel-5-shutterstock-121103542.jpg?context=bWFzdGVyfHJvb3R8MjEzMjk0fGltYWdlL2pwZWd8aDNkL2g1OC84Nzk4OTExNjYwMDYyLmpwZ3xjYmQ0MGVmM2I4NTRlNjIwNGI1ZTI2ZjI0OWZjYjk1NjNiOTNlYWJlNjYyOWEyMTIwYTgxMGVmOTcxYWZjZjM5	1564126808954	1564126809628	OK	 
REQUEST	1		Light-Counter-Equipment.jpg?context=bWFzdGVyfHJvb3R8MzAyNzJ8aW1hZ2UvanBlZ3xoNzAvaDg3Lzg3OTg2Njc4OTg5MTAuanBnfDU4ODhmN2ZlYTk2OTYwYzg0YTY0OGI0ZjMwMWQ5ZmFiYjM1ZDJjODg5N2M1ZWEyZmJlOGI1MjFjNjY0ODc3ZWQ	1564126809491	1564126809646	OK	 
REQUEST	1		Home-Page-Carousel-3-shutterstock-1119898184.jpg?context=bWFzdGVyfHJvb3R8MTgzNjE2fGltYWdlL2pwZWd8aGNmL2gwZC84Nzk4OTExNTI4OTkwLmpwZ3xmYTc4YWNlYWRkNGE3ZjI4MWJlYWJhNGU2ZGZiZjQyNTk1ZTBhOTQxOWFkMjBhMjUzNDA5NGRkZTdhYzk3YWNl	1564126808794	1564126809653	OK	 
REQUEST	1		application.min.css	1564126808605	1564126809786	OK	 
REQUEST	1		Bar-Equipment.jpg?context=bWFzdGVyfHJvb3R8NzEwMjl8aW1hZ2UvanBlZ3xoNjUvaGEyLzg3OTg2Njc5NjQ0NDYuanBnfGZiNjQ3MGI3ZDlmMTIwZWRhYTY2ZTFlZjIxMGY5NjUyZDU4NmU3MTI1OTFmMjZkNzY1NGUxYjc0ZDBlNGFkZmE	1564126809579	1564126809812	OK	 
REQUEST	1		KitchenEquipment.jpg?context=bWFzdGVyfGltYWdlc3wxNTI4MTZ8aW1hZ2UvanBlZ3xpbWFnZXMvaDE2L2g1Ni84ODAyODUzODE0MzAyLmpwZ3xlMDlmZWM5ODBmOWMxYzBmM2I2ZGUzNTk2NWU1YTk1ODJlMTZiOTFkYmRhNjY1ODAxNzBkODEzZjhkZDhhNDBi	1564126809430	1564126809870	OK	 
REQUEST	1		Furniture.jpg?context=bWFzdGVyfHJvb3R8NTU3MzZ8aW1hZ2UvanBlZ3xoZjcvaGY5Lzg3OTg2NjgyOTIxMjYuanBnfDYyMmI0N2MwYmM4NzFmYTJiZTQzZTIyNTk0OWIyOWFlYTVlMDA3YWFjMzVjN2ExOTYyZGQ3YjViN2U0NzEzMTM	1564126809654	1564126809892	OK	 
REQUEST	1		FSX-footer-logo.png?context=bWFzdGVyfGltYWdlc3w2MDI5fGltYWdlL3BuZ3xpbWFnZXMvaDBhL2g1My84Nzk5NTY4MjY1MjQ2LnBuZ3w0ZjgwZjgwZWM5Nzc2ODIwZmRjYjc1NmRkNjJkODk1NjFhMDU5YTBiZWI2Y2MwNTI4NzQ5N2RmYmExOTUyNmJj	1564126809871	1564126809969	OK	 
REQUEST	1		Smallwares.jpg?context=bWFzdGVyfGltYWdlc3wxMDg4NDN8aW1hZ2UvanBlZ3xpbWFnZXMvaDc5L2g3NS84ODAyODU0NzMxODA2LmpwZ3wxM2VkNTQwZmQwNTg4M2QzNjZhYzAxMzk2YTIxMTY2M2ZlMzNiMzM5NjUxNDcwZTc5MjFhY2ZhMDk0MDA4ZmNi	1564126809647	1564126809997	OK	 
REQUEST	1		facebook.png?context=bWFzdGVyfHJvb3R8MTcxNXxpbWFnZS9wbmd8aDczL2g0ZS84ODAyMjkzMzUwNDMwLnBuZ3wxZjA1YTQwMzQ4ZWQxNzZiNDZjNDUyMzE1YTY1MWM5NmYzM2RlMGVkZjZmMWM3Yzc4YmQwYzdiNTAzMWRjMDcy	1564126809893	1564126809999	OK	 
REQUEST	1		Lodging.jpg?context=bWFzdGVyfHJvb3R8MzIxMzZ8aW1hZ2UvanBlZ3xoZWUvaDQ1Lzg3OTg2NzMyMDczMjYuanBnfGFkYWY1MjYwMmUyYmVjM2U2ZTlmZmQwMmY2NTM2NmEwYTRkMzNhZGI2Yzk4ZjNjOTg5NTUzMmI3MTVjODc3MzI	1564126809793	1564126810008	OK	 
REQUEST	1		Janitorial.jpg?context=bWFzdGVyfHJvb3R8NzA4Mjl8aW1hZ2UvanBlZ3xoMjkvaGNhLzg3OTg2NzM0MDM5MzQuanBnfDEzNDkwZjhhYjY5MWRhMzJhYWRlMzEzMWVkYjYxMDJiYzFlYzMwZmU4ZmQzZjU2MTk2YzAyZjRiZGJhYjMwNzc	1564126809813	1564126810021	OK	 
REQUEST	1		TableTop.jpg?context=bWFzdGVyfGltYWdlc3wxNjIyODJ8aW1hZ2UvanBlZ3xpbWFnZXMvaGFlL2g0ZC84ODAyODU0NzY0NTc0LmpwZ3w1ZDFmNzRjZmM3NWRiMDA1Yjk2ZjkyNjJhN2YwZDE5MTczYTc4ZTM5MDk5ZTIzMGYxZTljOWU3MmZiOWQyYjM3	1564126809630	1564126810035	OK	 
REQUEST	1		linkedin.png?context=bWFzdGVyfHJvb3R8MTkwOHxpbWFnZS9wbmd8aDY0L2g3Mi84ODAyMjkzMzgzMTk4LnBuZ3xlMzdhOTVjMWE5YjdiOGJlNjgxMTk5M2RlMDcwM2FhMGEyYzVmYmZjNGI0MTgzMjllZmMwMzE1MzZmNmVhZjg3	1564126809970	1564126810048	OK	 
REQUEST	1		instagram.png?context=bWFzdGVyfHJvb3R8MzQwN3xpbWFnZS9wbmd8aDUzL2hkZC84ODAyMjkzNDE1OTY2LnBuZ3xmOTYxNzkzNGE4NzQwYjQ0MmVkMTRiYjExY2VkZWEwZjM1MDNkZmJjYzMwNTM5NWI0MWJmYWM5MWUzMzgxMjBk	1564126809998	1564126810062	OK	 
REQUEST	1		generatedVariables.js	1564126810000	1564126810071	OK	 
REQUEST	1		enquire.min.js	1564126810023	1564126810076	OK	 
REQUEST	1		Imager.min.js	1564126810035	1564126810084	OK	 
REQUEST	1		purify.min.js	1564126810049	1564126810112	OK	 
REQUEST	1		jquery.blockUI-2.66.js	1564126810063	1564126810122	OK	 
REQUEST	1		jquery.colorbox-min.js	1564126810072	1564126810137	OK	 
REQUEST	1		jquery.form.min.js	1564126810077	1564126810139	OK	 
REQUEST	1		jquery.hoverIntent.js	1564126810085	1564126810141	OK	 
REQUEST	1		jquery.pstrength.custom-1.2.0.js	1564126810113	1564126810168	OK	 
REQUEST	1		jquery.syncheight.custom.js	1564126810123	1564126810183	OK	 
REQUEST	1		jquery.zoom.custom.js	1564126810141	1564126810215	OK	 
REQUEST	1		jquery.tabs.custom.js	1564126810138	1564126810240	OK	 
REQUEST	1		jquery.tmpl-1.0.0pre.min.js	1564126810184	1564126810247	OK	 
REQUEST	1		jquery-3.2.1.min.js	1564126810009	1564126810264	OK	 
REQUEST	1		jquery.currencies.min.js	1564126810216	1564126810287	OK	 
REQUEST	1		jquery.waitforimages.min.js	1564126810240	1564126810322	OK	 
REQUEST	1		jquery.slideviewer.custom.1.2.js	1564126810248	1564126810325	OK	 
REQUEST	1		owl.carousel.custom.js	1564126810169	1564126810356	OK	 
REQUEST	1		jquery.validate.min.js	1564126810287	1564126810383	OK	 
REQUEST	1		acc.autocomplete.js	1564126810325	1564126810396	OK	 
REQUEST	1		owl.carousel.min.js	1564126810264	1564126810418	OK	 
REQUEST	1		acc.address.js	1564126810323	1564126810419	OK	 
REQUEST	1		acc.carousel.js	1564126810357	1564126810436	OK	 
REQUEST	1		acc.cart.js	1564126810383	1564126810460	OK	 
REQUEST	1		jquery-ui-1.12.1.min.js	1564126810139	1564126810461	OK	 
REQUEST	1		acc.cartitem.js	1564126810397	1564126810463	OK	 
REQUEST	1		acc.checkoutsteps.js	1564126810419	1564126810477	OK	 
REQUEST	1		acc.checkout.js	1564126810418	1564126810483	OK	 
REQUEST	1		acc.checkoutaddress.js	1564126810436	1564126810495	OK	 
REQUEST	1		acc.cms.js	1564126810460	1564126810507	OK	 
REQUEST	1		acc.colorbox.js	1564126810462	1564126810508	OK	 
REQUEST	1		acc.common.js	1564126810463	1564126810511	OK	 
REQUEST	1		acc.forgottenpassword.js	1564126810477	1564126810530	OK	 
REQUEST	1		acc.global.js	1564126810484	1564126810546	OK	 
REQUEST	1		acc.hopdebug.js	1564126810495	1564126810555	OK	 
REQUEST	1		acc.imagegallery.js	1564126810507	1564126810556	OK	 
REQUEST	1		acc.langcurrencyselector.js	1564126810509	1564126810557	OK	 
REQUEST	1		acc.minicart.js	1564126810511	1564126810558	OK	 
REQUEST	1		acc.navigation.js	1564126810530	1564126810590	OK	 
REQUEST	1		acc.paymentDetails.js	1564126810557	1564126810604	OK	 
REQUEST	1		acc.order.js	1564126810547	1564126810606	OK	 
REQUEST	1		acc.payment.js	1564126810556	1564126810607	OK	 
REQUEST	1		acc.paginationsort.js	1564126810556	1564126810611	OK	 
REQUEST	1		acc.pickupinstore.js	1564126810559	1564126810613	OK	 
REQUEST	1		acc.productDetail.js	1564126810605	1564126810655	OK	 
REQUEST	1		acc.ratingstars.js	1564126810608	1564126810658	OK	 
REQUEST	1		acc.sanitizer.js	1564126810613	1564126810662	OK	 
REQUEST	1		acc.refinements.js	1564126810612	1564126810667	OK	 
REQUEST	1		acc.quickview.js	1564126810606	1564126810679	OK	 
REQUEST	1		acc.product.js	1564126810591	1564126810692	OK	 
REQUEST	1		acc.silentorderpost.js	1564126810656	1564126810704	OK	 
REQUEST	1		acc.tabs.js	1564126810659	1564126810707	OK	 
REQUEST	1		acc.termsandconditions.js	1564126810663	1564126810711	OK	 
REQUEST	1		acc.track.js	1564126810668	1564126810720	OK	 
REQUEST	1		acc.futurelink.js	1564126810692	1564126810745	OK	 
REQUEST	1		acc.storefinder.js	1564126810680	1564126810747	OK	 
REQUEST	1		acc.multidgrid.js	1564126810712	1564126810770	OK	 
REQUEST	1		acc.savedcarts.js	1564126810707	1564126810772	OK	 
REQUEST	1		acc.productorderform.js	1564126810704	1564126810786	OK	 
REQUEST	1		acc.quickorder.js	1564126810720	1564126810801	OK	 
REQUEST	1		acc.consent.js	1564126810748	1564126810838	OK	 
REQUEST	1		acc.closeaccount.js	1564126810773	1564126810840	OK	 
REQUEST	1		acc.cookienotification.js	1564126810771	1564126810842	OK	 
REQUEST	1		acc.csv-import.js	1564126810787	1564126810844	OK	 
REQUEST	1		_autoload.js	1564126810802	1564126810854	OK	 
REQUEST	1		acc.quote.js	1564126810746	1564126810864	OK	 
REQUEST	1		miraklratingstars.js	1564126810841	1564126810889	OK	 
REQUEST	1		mirakltabs.js	1564126810843	1564126810891	OK	 
REQUEST	1		miraklpopups.js	1564126810844	1564126810892	OK	 
REQUEST	1		fsxwishlistaddon.js	1564126810839	1564126810900	OK	 
REQUEST	1		miraklexpandable.js	1564126810855	1564126810908	OK	 
REQUEST	1		miraklorderconditions.js	1564126810865	1564126810921	OK	 
REQUEST	1		fsxmirakladdon.js	1564126810890	1564126810937	OK	 
REQUEST	1		acc.checkoutsummary.js	1564126810891	1564126810938	OK	 
REQUEST	1		acc.paymentType.js	1564126810893	1564126810939	OK	 
REQUEST	1		acc.replenishment.js	1564126810900	1564126810958	OK	 
REQUEST	1		acc.orderform.js	1564126810909	1564126810979	OK	 
REQUEST	1		acc.approval.js	1564126810922	1564126810981	OK	 
REQUEST	1		webApplicationInjector.js	1564126810937	1564126810985	OK	 
REQUEST	1		reprocessPage.js	1564126810939	1564126810986	OK	 
REQUEST	1		adjustComponentRenderingToSE.js	1564126810940	1564126810990	OK	 
REQUEST	1		smarteditaddon.js	1564126810959	1564126811014	OK	 
REQUEST	1		setup.js	1564126810986	1564126811055	OK	 
REQUEST	1		xzoom.js	1564126810990	1564126811088	OK	 
REQUEST	1		acc.plp-list-view.js	1564126811015	1564126811097	OK	 
REQUEST	1		request_11	1564126811056	1564126811138	OK	 
REQUEST	1		request_12	1564126811089	1564126811180	OK	 
REQUEST	1		request_13	1564126811098	1564126811204	OK	 
REQUEST	1		request_14	1564126811141	1564126811211	OK	 
REQUEST	1		acc.main-dev.js	1564126810982	1564126811223	OK	 
REQUEST	1		acc.main.js	1564126810979	1564126811231	OK	 
REQUEST	1		request_15	1564126811182	1564126811257	OK	 
REQUEST	1		combined.min.js	1564126810986	1564126811410	OK	 
USER	Registration_PragitiDev	1	END	1564126723447	1564126811426
