RUN	LPS.UserLogin_PragitiDev	userlogin-pragitidev	1564125990793	 	3.1.2
USER	UserLogin_PragitiDev	1	START	1564125992386	1564125992386
REQUEST	1		request_0	1564125992421	1564125993221	OK	 
REQUEST	1		favicon.ico	1564125993452	1564125993536	OK	 
REQUEST	1		owl.carousel.min.css	1564125993561	1564125993631	OK	 
REQUEST	1		owl.theme.default.min.css	1564125993677	1564125993734	OK	 
REQUEST	1		css?family=Open+Sans:300,400,600,700,800	1564125993455	1564125993829	OK	 
REQUEST	1		css?family=Open+Sans:400,300,300italic,400italic,600,600italic,700,700italic,800,800italic	1564125993461	1564125993838	OK	 
REQUEST	1		intlTelInput.css	1564125993737	1564125993841	OK	 
REQUEST	1		mirakladdon.css	1564125993454	1564125993845	OK	 
REQUEST	1		smarteditaddon.css	1564125993455	1564125993847	OK	 
REQUEST	1		fsxwishlistaddon.css	1564125993454	1564125993848	OK	 
REQUEST	1		easydropdown.flat.css	1564125993846	1564125993900	OK	 
REQUEST	1		xzoom.css	1564125993848	1564125993903	OK	 
REQUEST	1		fsxmirakladdon.css	1564125993454	1564125993921	OK	 
REQUEST	1		application-custom.css	1564125993905	1564125993975	OK	 
REQUEST	1		jquery.mCustomScrollbar.min.css	1564125993844	1564125993999	OK	 
REQUEST	1		analyticsmediator.js	1564125993924	1564125994012	OK	 
REQUEST	1		FSX-logo.png?context=bWFzdGVyfGltYWdlc3wyNTcyNHxpbWFnZS9wbmd8aW1hZ2VzL2gyMy9oYTYvODc5ODgyODg4ODA5NC5wbmd8ZjM4YTNkMDcwYTFjODM4NDI0YzlmMjE4MTVhOWI0N2VmZWQ1ZTE0YWJjMzdkMzUyMGYzZGZjOTlmNzA1N2ZjYg	1564125993979	1564125994115	OK	 
REQUEST	1		bootstrap-3.3.7.min.css	1564125993850	1564125994140	OK	 
REQUEST	1		Home-Page-Carousel-1-shutterstock-792066871.jpg?context=bWFzdGVyfHJvb3R8OTQ4MDZ8aW1hZ2UvanBlZ3xoYzYvaDkxLzg3OTg5MTEzOTc5MTguanBnfGYwNGJiZDVhZTFjMDgwMzhiYmNlNTdlMWI0MjNlNWVhYjNhMzkxYzI3OTY0ODBhOWQ2MmI0ZjUzNjEwYWU3MjY	1564125994004	1564125994516	OK	 
REQUEST	1		Home-Page-Carousel-3-shutterstock-1119898184.jpg?context=bWFzdGVyfHJvb3R8MTgzNjE2fGltYWdlL2pwZWd8aGNmL2gwZC84Nzk4OTExNTI4OTkwLmpwZ3xmYTc4YWNlYWRkNGE3ZjI4MWJlYWJhNGU2ZGZiZjQyNTk1ZTBhOTQxOWFkMjBhMjUzNDA5NGRkZTdhYzk3YWNl	1564125994117	1564125994684	OK	 
REQUEST	1		Home-Page-Carousel-2-shutterstock-687081655.jpg?context=bWFzdGVyfHJvb3R8MTc4NzA1fGltYWdlL2pwZWd8aDVmL2g5YS84Nzk4OTExNDYzNDU0LmpwZ3w2MWM1YjFiMmMyZjZmMzQ2OTM3MWFiNmNmYzQ3NjM3ZDMzMTgzYmRiOTQxMjkwYTc4ZTI4OGVmZjBmNWYwOTgx	1564125994013	1564125994755	OK	 
REQUEST	1		Home-Page-Carousel-4-shutterstock-273567461.jpg?context=bWFzdGVyfHJvb3R8MjEwNTczfGltYWdlL2pwZWd8aGU4L2hkMy84Nzk4OTExNTk0NTI2LmpwZ3xlY2YyMjU0ZjQyMmY0Y2Y1YmE4NmU3NDA1NTJmMGRhNDk1NzU1YTc2ZWMyYWQ3ODhjZmY2ZDViYzZmMzBiMjhl	1564125994143	1564125994759	OK	 
REQUEST	1		application.min.css	1564125993902	1564125994893	OK	 
REQUEST	1		Light-Counter-Equipment.jpg?context=bWFzdGVyfHJvb3R8MzAyNzJ8aW1hZ2UvanBlZ3xoNzAvaDg3Lzg3OTg2Njc4OTg5MTAuanBnfDU4ODhmN2ZlYTk2OTYwYzg0YTY0OGI0ZjMwMWQ5ZmFiYjM1ZDJjODg5N2M1ZWEyZmJlOGI1MjFjNjY0ODc3ZWQ	1564125994757	1564125994970	OK	 
REQUEST	1		Bar-Equipment.jpg?context=bWFzdGVyfHJvb3R8NzEwMjl8aW1hZ2UvanBlZ3xoNjUvaGEyLzg3OTg2Njc5NjQ0NDYuanBnfGZiNjQ3MGI3ZDlmMTIwZWRhYTY2ZTFlZjIxMGY5NjUyZDU4NmU3MTI1OTFmMjZkNzY1NGUxYjc0ZDBlNGFkZmE	1564125994761	1564125995012	OK	 
REQUEST	1		KitchenEquipment.jpg?context=bWFzdGVyfGltYWdlc3wxNTI4MTZ8aW1hZ2UvanBlZ3xpbWFnZXMvaDE2L2g1Ni84ODAyODUzODE0MzAyLmpwZ3xlMDlmZWM5ODBmOWMxYzBmM2I2ZGUzNTk2NWU1YTk1ODJlMTZiOTFkYmRhNjY1ODAxNzBkODEzZjhkZDhhNDBi	1564125994685	1564125995105	OK	 
REQUEST	1		Furniture.jpg?context=bWFzdGVyfHJvb3R8NTU3MzZ8aW1hZ2UvanBlZ3xoZjcvaGY5Lzg3OTg2NjgyOTIxMjYuanBnfDYyMmI0N2MwYmM4NzFmYTJiZTQzZTIyNTk0OWIyOWFlYTVlMDA3YWFjMzVjN2ExOTYyZGQ3YjViN2U0NzEzMTM	1564125995014	1564125995211	OK	 
REQUEST	1		style.css	1564125993453	1564125995253	OK	 
REQUEST	1		Lodging.jpg?context=bWFzdGVyfHJvb3R8MzIxMzZ8aW1hZ2UvanBlZ3xoZWUvaDQ1Lzg3OTg2NzMyMDczMjYuanBnfGFkYWY1MjYwMmUyYmVjM2U2ZTlmZmQwMmY2NTM2NmEwYTRkMzNhZGI2Yzk4ZjNjOTg5NTUzMmI3MTVjODc3MzI	1564125995107	1564125995269	OK	 
REQUEST	1		TableTop.jpg?context=bWFzdGVyfGltYWdlc3wxNjIyODJ8aW1hZ2UvanBlZ3xpbWFnZXMvaGFlL2g0ZC84ODAyODU0NzY0NTc0LmpwZ3w1ZDFmNzRjZmM3NWRiMDA1Yjk2ZjkyNjJhN2YwZDE5MTczYTc4ZTM5MDk5ZTIzMGYxZTljOWU3MmZiOWQyYjM3	1564125994912	1564125995304	OK	 
REQUEST	1		facebook.png?context=bWFzdGVyfHJvb3R8MTcxNXxpbWFnZS9wbmd8aDczL2g0ZS84ODAyMjkzMzUwNDMwLnBuZ3wxZjA1YTQwMzQ4ZWQxNzZiNDZjNDUyMzE1YTY1MWM5NmYzM2RlMGVkZjZmMWM3Yzc4YmQwYzdiNTAzMWRjMDcy	1564125995271	1564125995341	OK	 
REQUEST	1		FSX-footer-logo.png?context=bWFzdGVyfGltYWdlc3w2MDI5fGltYWdlL3BuZ3xpbWFnZXMvaDBhL2g1My84Nzk5NTY4MjY1MjQ2LnBuZ3w0ZjgwZjgwZWM5Nzc2ODIwZmRjYjc1NmRkNjJkODk1NjFhMDU5YTBiZWI2Y2MwNTI4NzQ5N2RmYmExOTUyNmJj	1564125995267	1564125995354	OK	 
REQUEST	1		Home-Page-Carousel-5-shutterstock-121103542.jpg?context=bWFzdGVyfHJvb3R8MjEzMjk0fGltYWdlL2pwZWd8aDNkL2g1OC84Nzk4OTExNjYwMDYyLmpwZ3xjYmQ0MGVmM2I4NTRlNjIwNGI1ZTI2ZjI0OWZjYjk1NjNiOTNlYWJlNjYyOWEyMTIwYTgxMGVmOTcxYWZjZjM5	1564125994517	1564125995373	OK	 
REQUEST	1		Janitorial.jpg?context=bWFzdGVyfHJvb3R8NzA4Mjl8aW1hZ2UvanBlZ3xoMjkvaGNhLzg3OTg2NzM0MDM5MzQuanBnfDEzNDkwZjhhYjY5MWRhMzJhYWRlMzEzMWVkYjYxMDJiYzFlYzMwZmU4ZmQzZjU2MTk2YzAyZjRiZGJhYjMwNzc	1564125995213	1564125995381	OK	 
REQUEST	1		linkedin.png?context=bWFzdGVyfHJvb3R8MTkwOHxpbWFnZS9wbmd8aDY0L2g3Mi84ODAyMjkzMzgzMTk4LnBuZ3xlMzdhOTVjMWE5YjdiOGJlNjgxMTk5M2RlMDcwM2FhMGEyYzVmYmZjNGI0MTgzMjllZmMwMzE1MzZmNmVhZjg3	1564125995305	1564125995386	OK	 
REQUEST	1		instagram.png?context=bWFzdGVyfHJvb3R8MzQwN3xpbWFnZS9wbmd8aDUzL2hkZC84ODAyMjkzNDE1OTY2LnBuZ3xmOTYxNzkzNGE4NzQwYjQ0MmVkMTRiYjExY2VkZWEwZjM1MDNkZmJjYzMwNTM5NWI0MWJmYWM5MWUzMzgxMjBk	1564125995342	1564125995399	OK	 
REQUEST	1		Smallwares.jpg?context=bWFzdGVyfGltYWdlc3wxMDg4NDN8aW1hZ2UvanBlZ3xpbWFnZXMvaDc5L2g3NS84ODAyODU0NzMxODA2LmpwZ3wxM2VkNTQwZmQwNTg4M2QzNjZhYzAxMzk2YTIxMTY2M2ZlMzNiMzM5NjUxNDcwZTc5MjFhY2ZhMDk0MDA4ZmNi	1564125994972	1564125995416	OK	 
REQUEST	1		generatedVariables.js	1564125995355	1564125995425	OK	 
REQUEST	1		enquire.min.js	1564125995382	1564125995432	OK	 
REQUEST	1		Imager.min.js	1564125995388	1564125995438	OK	 
REQUEST	1		purify.min.js	1564125995401	1564125995464	OK	 
REQUEST	1		jquery.form.min.js	1564125995433	1564125995487	OK	 
REQUEST	1		jquery.blockUI-2.66.js	1564125995418	1564125995492	OK	 
REQUEST	1		jquery.hoverIntent.js	1564125995439	1564125995497	OK	 
REQUEST	1		jquery.colorbox-min.js	1564125995427	1564125995504	OK	 
REQUEST	1		jquery.pstrength.custom-1.2.0.js	1564125995466	1564125995514	OK	 
REQUEST	1		jquery.syncheight.custom.js	1564125995489	1564125995540	OK	 
REQUEST	1		jquery.tabs.custom.js	1564125995494	1564125995585	OK	 
REQUEST	1		jquery.zoom.custom.js	1564125995506	1564125995595	OK	 
REQUEST	1		jquery.tmpl-1.0.0pre.min.js	1564125995541	1564125995606	OK	 
REQUEST	1		jquery-3.2.1.min.js	1564125995375	1564125995648	OK	 
REQUEST	1		owl.carousel.custom.js	1564125995516	1564125995651	OK	 
REQUEST	1		jquery.currencies.min.js	1564125995587	1564125995679	OK	 
REQUEST	1		jquery.waitforimages.min.js	1564125995596	1564125995685	OK	 
REQUEST	1		jquery.slideviewer.custom.1.2.js	1564125995607	1564125995688	OK	 
REQUEST	1		jquery.validate.min.js	1564125995653	1564125995732	OK	 
REQUEST	1		acc.carousel.js	1564125995690	1564125995752	OK	 
REQUEST	1		acc.autocomplete.js	1564125995687	1564125995770	OK	 
REQUEST	1		acc.address.js	1564125995680	1564125995780	OK	 
REQUEST	1		owl.carousel.min.js	1564125995650	1564125995807	OK	 
REQUEST	1		jquery-ui-1.12.1.min.js	1564125995499	1564125995821	OK	 
REQUEST	1		acc.cart.js	1564125995733	1564125995824	OK	 
REQUEST	1		acc.cartitem.js	1564125995754	1564125995828	OK	 
REQUEST	1		acc.checkout.js	1564125995772	1564125995836	OK	 
REQUEST	1		acc.checkoutsteps.js	1564125995781	1564125995851	OK	 
REQUEST	1		acc.checkoutaddress.js	1564125995809	1564125995875	OK	 
REQUEST	1		acc.cms.js	1564125995823	1564125995878	OK	 
REQUEST	1		acc.colorbox.js	1564125995826	1564125995880	OK	 
REQUEST	1		acc.common.js	1564125995829	1564125995882	OK	 
REQUEST	1		acc.forgottenpassword.js	1564125995838	1564125995894	OK	 
REQUEST	1		acc.global.js	1564125995853	1564125995920	OK	 
REQUEST	1		acc.imagegallery.js	1564125995879	1564125995928	OK	 
REQUEST	1		acc.langcurrencyselector.js	1564125995881	1564125995929	OK	 
REQUEST	1		acc.hopdebug.js	1564125995877	1564125995931	OK	 
REQUEST	1		acc.minicart.js	1564125995883	1564125995932	OK	 
REQUEST	1		acc.navigation.js	1564125995895	1564125995959	OK	 
REQUEST	1		acc.paginationsort.js	1564125995928	1564125995975	OK	 
REQUEST	1		acc.order.js	1564125995921	1564125995977	OK	 
REQUEST	1		acc.payment.js	1564125995929	1564125995978	OK	 
REQUEST	1		acc.pickupinstore.js	1564125995932	1564125995985	OK	 
REQUEST	1		acc.paymentDetails.js	1564125995931	1564125995988	OK	 
REQUEST	1		acc.productDetail.js	1564125995976	1564125996024	OK	 
REQUEST	1		acc.product.js	1564125995959	1564125996028	OK	 
REQUEST	1		acc.ratingstars.js	1564125995979	1564125996029	OK	 
REQUEST	1		acc.refinements.js	1564125995987	1564125996038	OK	 
REQUEST	1		acc.quickview.js	1564125995978	1564125996046	OK	 
REQUEST	1		acc.sanitizer.js	1564125995989	1564125996046	OK	 
REQUEST	1		acc.silentorderpost.js	1564125996025	1564125996075	OK	 
REQUEST	1		acc.termsandconditions.js	1564125996030	1564125996077	OK	 
REQUEST	1		acc.track.js	1564125996038	1564125996086	OK	 
REQUEST	1		acc.tabs.js	1564125996029	1564125996092	OK	 
REQUEST	1		acc.futurelink.js	1564125996047	1564125996110	OK	 
REQUEST	1		acc.storefinder.js	1564125996046	1564125996113	OK	 
REQUEST	1		acc.savedcarts.js	1564125996078	1564125996139	OK	 
REQUEST	1		acc.productorderform.js	1564125996075	1564125996142	OK	 
REQUEST	1		acc.multidgrid.js	1564125996087	1564125996145	OK	 
REQUEST	1		acc.cookienotification.js	1564125996141	1564125996193	OK	 
REQUEST	1		acc.closeaccount.js	1564125996144	1564125996194	OK	 
REQUEST	1		acc.csv-import.js	1564125996147	1564125996196	OK	 
REQUEST	1		acc.quote.js	1564125996112	1564125996198	OK	 
REQUEST	1		acc.consent.js	1564125996114	1564125996205	OK	 
REQUEST	1		acc.quickorder.js	1564125996094	1564125996217	OK	 
REQUEST	1		_autoload.js	1564125996193	1564125996243	OK	 
REQUEST	1		fsxwishlistaddon.js	1564125996195	1564125996245	OK	 
REQUEST	1		miraklratingstars.js	1564125996196	1564125996247	OK	 
REQUEST	1		mirakltabs.js	1564125996198	1564125996261	OK	 
REQUEST	1		miraklpopups.js	1564125996206	1564125996269	OK	 
REQUEST	1		miraklexpandable.js	1564125996218	1564125996281	OK	 
REQUEST	1		miraklorderconditions.js	1564125996244	1564125996292	OK	 
REQUEST	1		fsxmirakladdon.js	1564125996246	1564125996296	OK	 
REQUEST	1		acc.checkoutsummary.js	1564125996248	1564125996298	OK	 
REQUEST	1		acc.paymentType.js	1564125996262	1564125996325	OK	 
REQUEST	1		acc.replenishment.js	1564125996270	1564125996330	OK	 
REQUEST	1		acc.approval.js	1564125996293	1564125996342	OK	 
REQUEST	1		webApplicationInjector.js	1564125996297	1564125996346	OK	 
REQUEST	1		reprocessPage.js	1564125996299	1564125996349	OK	 
REQUEST	1		acc.orderform.js	1564125996282	1564125996360	OK	 
REQUEST	1		adjustComponentRenderingToSE.js	1564125996327	1564125996389	OK	 
REQUEST	1		smarteditaddon.js	1564125996331	1564125996392	OK	 
REQUEST	1		setup.js	1564125996362	1564125996436	OK	 
REQUEST	1		acc.main-dev.js	1564125996348	1564125996484	OK	 
REQUEST	1		acc.plp-list-view.js	1564125996393	1564125996513	OK	 
REQUEST	1		xzoom.js	1564125996391	1564125996533	OK	 
REQUEST	1		acc.main.js	1564125996343	1564125996539	OK	 
REQUEST	1		combined.min.js	1564125996350	1564125996825	OK	 
REQUEST	1		request_1	1564125998846	1564125999346	OK	 
REQUEST	1		favicon.ico	1564125999502	1564125999551	OK	 
REQUEST	1		fsxmirakladdon.css	1564125999503	1564125999559	OK	 
REQUEST	1		mirakladdon.css	1564125999503	1564125999560	OK	 
REQUEST	1		fsxwishlistaddon.css	1564125999503	1564125999560	OK	 
REQUEST	1		smarteditaddon.css	1564125999504	1564125999560	OK	 
REQUEST	1		style.css	1564125999502	1564125999604	OK	 
REQUEST	1		jquery.min.js	1564125999403	1564125999759	OK	 
REQUEST	1		request_2	1564126075783	1564126076251	OK	 
REQUEST	1		request_2 Redirect 1	1564126076267	1564126076645	OK	 
REQUEST	1		favicon.ico	1564126076707	1564126076782	OK	 
REQUEST	1		owl.carousel.min.css	1564126076783	1564126076872	OK	 
REQUEST	1		owl.theme.default.min.css	1564126076874	1564126076963	OK	 
REQUEST	1		mirakladdon.css	1564126076708	1564126077062	OK	 
REQUEST	1		intlTelInput.css	1564126076965	1564126077073	OK	 
REQUEST	1		fsxmirakladdon.css	1564126076708	1564126077076	OK	 
REQUEST	1		xzoom.css	1564126077078	1564126077132	OK	 
REQUEST	1		easydropdown.flat.css	1564126077075	1564126077136	OK	 
REQUEST	1		jquery.mCustomScrollbar.min.css	1564126077063	1564126077192	OK	 
REQUEST	1		smarteditaddon.css	1564126076709	1564126077232	OK	 
REQUEST	1		fsxwishlistaddon.css	1564126076707	1564126077239	OK	 
REQUEST	1		application-custom.css	1564126077194	1564126077267	OK	 
REQUEST	1		analyticsmediator.js	1564126077233	1564126077339	OK	 
REQUEST	1		bootstrap-3.3.7.min.css	1564126077134	1564126077413	OK	 
REQUEST	1		FSX-logo.png?context=bWFzdGVyfGltYWdlc3wyNTcyNHxpbWFnZS9wbmd8aW1hZ2VzL2gyMy9oYTYvODc5ODgyODg4ODA5NC5wbmd8ZjM4YTNkMDcwYTFjODM4NDI0YzlmMjE4MTVhOWI0N2VmZWQ1ZTE0YWJjMzdkMzUyMGYzZGZjOTlmNzA1N2ZjYg	1564126077240	1564126077419	OK	 
REQUEST	1		Home-Page-Carousel-1-shutterstock-792066871.jpg?context=bWFzdGVyfHJvb3R8OTQ4MDZ8aW1hZ2UvanBlZ3xoYzYvaDkxLzg3OTg5MTEzOTc5MTguanBnfGYwNGJiZDVhZTFjMDgwMzhiYmNlNTdlMWI0MjNlNWVhYjNhMzkxYzI3OTY0ODBhOWQ2MmI0ZjUzNjEwYWU3MjY	1564126077269	1564126077576	OK	 
REQUEST	1		style.css	1564126076707	1564126077935	OK	 
REQUEST	1		Home-Page-Carousel-2-shutterstock-687081655.jpg?context=bWFzdGVyfHJvb3R8MTc4NzA1fGltYWdlL2pwZWd8aDVmL2g5YS84Nzk4OTExNDYzNDU0LmpwZ3w2MWM1YjFiMmMyZjZmMzQ2OTM3MWFiNmNmYzQ3NjM3ZDMzMTgzYmRiOTQxMjkwYTc4ZTI4OGVmZjBmNWYwOTgx	1564126077340	1564126078068	OK	 
REQUEST	1		Home-Page-Carousel-5-shutterstock-121103542.jpg?context=bWFzdGVyfHJvb3R8MjEzMjk0fGltYWdlL2pwZWd8aDNkL2g1OC84Nzk4OTExNjYwMDYyLmpwZ3xjYmQ0MGVmM2I4NTRlNjIwNGI1ZTI2ZjI0OWZjYjk1NjNiOTNlYWJlNjYyOWEyMTIwYTgxMGVmOTcxYWZjZjM5	1564126077577	1564126078153	OK	 
REQUEST	1		Light-Counter-Equipment.jpg?context=bWFzdGVyfHJvb3R8MzAyNzJ8aW1hZ2UvanBlZ3xoNzAvaDg3Lzg3OTg2Njc4OTg5MTAuanBnfDU4ODhmN2ZlYTk2OTYwYzg0YTY0OGI0ZjMwMWQ5ZmFiYjM1ZDJjODg5N2M1ZWEyZmJlOGI1MjFjNjY0ODc3ZWQ	1564126078069	1564126078232	OK	 
REQUEST	1		Home-Page-Carousel-4-shutterstock-273567461.jpg?context=bWFzdGVyfHJvb3R8MjEwNTczfGltYWdlL2pwZWd8aGU4L2hkMy84Nzk4OTExNTk0NTI2LmpwZ3xlY2YyMjU0ZjQyMmY0Y2Y1YmE4NmU3NDA1NTJmMGRhNDk1NzU1YTc2ZWMyYWQ3ODhjZmY2ZDViYzZmMzBiMjhl	1564126077420	1564126078280	OK	 
REQUEST	1		KitchenEquipment.jpg?context=bWFzdGVyfGltYWdlc3wxNTI4MTZ8aW1hZ2UvanBlZ3xpbWFnZXMvaDE2L2g1Ni84ODAyODUzODE0MzAyLmpwZ3xlMDlmZWM5ODBmOWMxYzBmM2I2ZGUzNTk2NWU1YTk1ODJlMTZiOTFkYmRhNjY1ODAxNzBkODEzZjhkZDhhNDBi	1564126077941	1564126078285	OK	 
REQUEST	1		Home-Page-Carousel-3-shutterstock-1119898184.jpg?context=bWFzdGVyfHJvb3R8MTgzNjE2fGltYWdlL2pwZWd8aGNmL2gwZC84Nzk4OTExNTI4OTkwLmpwZ3xmYTc4YWNlYWRkNGE3ZjI4MWJlYWJhNGU2ZGZiZjQyNTk1ZTBhOTQxOWFkMjBhMjUzNDA5NGRkZTdhYzk3YWNl	1564126077414	1564126078331	OK	 
REQUEST	1		Bar-Equipment.jpg?context=bWFzdGVyfHJvb3R8NzEwMjl8aW1hZ2UvanBlZ3xoNjUvaGEyLzg3OTg2Njc5NjQ0NDYuanBnfGZiNjQ3MGI3ZDlmMTIwZWRhYTY2ZTFlZjIxMGY5NjUyZDU4NmU3MTI1OTFmMjZkNzY1NGUxYjc0ZDBlNGFkZmE	1564126078154	1564126078337	OK	 
REQUEST	1		Furniture.jpg?context=bWFzdGVyfHJvb3R8NTU3MzZ8aW1hZ2UvanBlZ3xoZjcvaGY5Lzg3OTg2NjgyOTIxMjYuanBnfDYyMmI0N2MwYmM4NzFmYTJiZTQzZTIyNTk0OWIyOWFlYTVlMDA3YWFjMzVjN2ExOTYyZGQ3YjViN2U0NzEzMTM	1564126078285	1564126078407	OK	 
REQUEST	1		application.min.css	1564126077139	1564126078468	OK	 
REQUEST	1		Lodging.jpg?context=bWFzdGVyfHJvb3R8MzIxMzZ8aW1hZ2UvanBlZ3xoZWUvaDQ1Lzg3OTg2NzMyMDczMjYuanBnfGFkYWY1MjYwMmUyYmVjM2U2ZTlmZmQwMmY2NTM2NmEwYTRkMzNhZGI2Yzk4ZjNjOTg5NTUzMmI3MTVjODc3MzI	1564126078332	1564126078475	OK	 
REQUEST	1		Janitorial.jpg?context=bWFzdGVyfHJvb3R8NzA4Mjl8aW1hZ2UvanBlZ3xoMjkvaGNhLzg3OTg2NzM0MDM5MzQuanBnfDEzNDkwZjhhYjY5MWRhMzJhYWRlMzEzMWVkYjYxMDJiYzFlYzMwZmU4ZmQzZjU2MTk2YzAyZjRiZGJhYjMwNzc	1564126078338	1564126078483	OK	 
REQUEST	1		FSX-footer-logo.png?context=bWFzdGVyfGltYWdlc3w2MDI5fGltYWdlL3BuZ3xpbWFnZXMvaDBhL2g1My84Nzk5NTY4MjY1MjQ2LnBuZ3w0ZjgwZjgwZWM5Nzc2ODIwZmRjYjc1NmRkNjJkODk1NjFhMDU5YTBiZWI2Y2MwNTI4NzQ5N2RmYmExOTUyNmJj	1564126078408	1564126078487	OK	 
REQUEST	1		linkedin.png?context=bWFzdGVyfHJvb3R8MTkwOHxpbWFnZS9wbmd8aDY0L2g3Mi84ODAyMjkzMzgzMTk4LnBuZ3xlMzdhOTVjMWE5YjdiOGJlNjgxMTk5M2RlMDcwM2FhMGEyYzVmYmZjNGI0MTgzMjllZmMwMzE1MzZmNmVhZjg3	1564126078476	1564126078539	OK	 
REQUEST	1		instagram.png?context=bWFzdGVyfHJvb3R8MzQwN3xpbWFnZS9wbmd8aDUzL2hkZC84ODAyMjkzNDE1OTY2LnBuZ3xmOTYxNzkzNGE4NzQwYjQ0MmVkMTRiYjExY2VkZWEwZjM1MDNkZmJjYzMwNTM5NWI0MWJmYWM5MWUzMzgxMjBk	1564126078484	1564126078543	OK	 
REQUEST	1		generatedVariables.js	1564126078488	1564126078545	OK	 
REQUEST	1		facebook.png?context=bWFzdGVyfHJvb3R8MTcxNXxpbWFnZS9wbmd8aDczL2g0ZS84ODAyMjkzMzUwNDMwLnBuZ3wxZjA1YTQwMzQ4ZWQxNzZiNDZjNDUyMzE1YTY1MWM5NmYzM2RlMGVkZjZmMWM3Yzc4YmQwYzdiNTAzMWRjMDcy	1564126078474	1564126078547	OK	 
REQUEST	1		enquire.min.js	1564126078544	1564126078601	OK	 
REQUEST	1		Imager.min.js	1564126078546	1564126078603	OK	 
REQUEST	1		purify.min.js	1564126078548	1564126078661	OK	 
REQUEST	1		jquery-3.2.1.min.js	1564126078540	1564126078670	OK	 
REQUEST	1		jquery.colorbox-min.js	1564126078604	1564126078694	OK	 
REQUEST	1		jquery.blockUI-2.66.js	1564126078602	1564126078697	OK	 
REQUEST	1		Smallwares.jpg?context=bWFzdGVyfGltYWdlc3wxMDg4NDN8aW1hZ2UvanBlZ3xpbWFnZXMvaDc5L2g3NS84ODAyODU0NzMxODA2LmpwZ3wxM2VkNTQwZmQwNTg4M2QzNjZhYzAxMzk2YTIxMTY2M2ZlMzNiMzM5NjUxNDcwZTc5MjFhY2ZhMDk0MDA4ZmNi	1564126078281	1564126078731	OK	 
REQUEST	1		jquery.hoverIntent.js	1564126078671	1564126078740	OK	 
REQUEST	1		jquery.pstrength.custom-1.2.0.js	1564126078694	1564126078743	OK	 
REQUEST	1		jquery.syncheight.custom.js	1564126078698	1564126078747	OK	 
REQUEST	1		jquery.form.min.js	1564126078662	1564126078759	OK	 
REQUEST	1		TableTop.jpg?context=bWFzdGVyfGltYWdlc3wxNjIyODJ8aW1hZ2UvanBlZ3xpbWFnZXMvaGFlL2g0ZC84ODAyODU0NzY0NTc0LmpwZ3w1ZDFmNzRjZmM3NWRiMDA1Yjk2ZjkyNjJhN2YwZDE5MTczYTc4ZTM5MDk5ZTIzMGYxZTljOWU3MmZiOWQyYjM3	1564126078233	1564126078766	OK	 
REQUEST	1		jquery.tabs.custom.js	1564126078731	1564126078805	OK	 
REQUEST	1		jquery.zoom.custom.js	1564126078743	1564126078810	OK	 
REQUEST	1		jquery.tmpl-1.0.0pre.min.js	1564126078759	1564126078830	OK	 
REQUEST	1		jquery.currencies.min.js	1564126078766	1564126078846	OK	 
REQUEST	1		jquery.slideviewer.custom.1.2.js	1564126078810	1564126078884	OK	 
REQUEST	1		owl.carousel.custom.js	1564126078747	1564126078893	OK	 
REQUEST	1		jquery.waitforimages.min.js	1564126078805	1564126078895	OK	 
REQUEST	1		jquery.validate.min.js	1564126078847	1564126078964	OK	 
REQUEST	1		acc.autocomplete.js	1564126078893	1564126078966	OK	 
REQUEST	1		acc.carousel.js	1564126078896	1564126078967	OK	 
REQUEST	1		owl.carousel.min.js	1564126078830	1564126079005	OK	 
REQUEST	1		acc.address.js	1564126078884	1564126079016	OK	 
REQUEST	1		jquery-ui-1.12.1.min.js	1564126078740	1564126079025	OK	 
REQUEST	1		acc.cartitem.js	1564126078966	1564126079027	OK	 
REQUEST	1		acc.cart.js	1564126078964	1564126079045	OK	 
REQUEST	1		acc.checkout.js	1564126078967	1564126079049	OK	 
REQUEST	1		acc.checkoutsteps.js	1564126079005	1564126079068	OK	 
REQUEST	1		acc.checkoutaddress.js	1564126079016	1564126079069	OK	 
REQUEST	1		acc.cms.js	1564126079026	1564126079074	OK	 
REQUEST	1		acc.colorbox.js	1564126079027	1564126079074	OK	 
REQUEST	1		acc.hopdebug.js	1564126079070	1564126079116	OK	 
REQUEST	1		acc.imagegallery.js	1564126079074	1564126079122	OK	 
REQUEST	1		acc.langcurrencyselector.js	1564126079075	1564126079123	OK	 
REQUEST	1		acc.common.js	1564126079045	1564126079126	OK	 
REQUEST	1		acc.forgottenpassword.js	1564126079050	1564126079128	OK	 
REQUEST	1		acc.global.js	1564126079069	1564126079136	OK	 
REQUEST	1		acc.minicart.js	1564126079117	1564126079165	OK	 
REQUEST	1		acc.navigation.js	1564126079123	1564126079172	OK	 
REQUEST	1		acc.order.js	1564126079124	1564126079173	OK	 
REQUEST	1		acc.paginationsort.js	1564126079127	1564126079180	OK	 
REQUEST	1		acc.payment.js	1564126079128	1564126079187	OK	 
REQUEST	1		acc.paymentDetails.js	1564126079137	1564126079195	OK	 
REQUEST	1		acc.pickupinstore.js	1564126079165	1564126079216	OK	 
REQUEST	1		acc.product.js	1564126079173	1564126079221	OK	 
REQUEST	1		acc.productDetail.js	1564126079173	1564126079228	OK	 
REQUEST	1		acc.quickview.js	1564126079181	1564126079253	OK	 
REQUEST	1		acc.ratingstars.js	1564126079188	1564126079257	OK	 
REQUEST	1		acc.refinements.js	1564126079195	1564126079259	OK	 
REQUEST	1		acc.sanitizer.js	1564126079217	1564126079264	OK	 
REQUEST	1		acc.tabs.js	1564126079229	1564126079277	OK	 
REQUEST	1		acc.silentorderpost.js	1564126079221	1564126079279	OK	 
REQUEST	1		acc.futurelink.js	1564126079265	1564126079313	OK	 
REQUEST	1		acc.termsandconditions.js	1564126079254	1564126079315	OK	 
REQUEST	1		acc.track.js	1564126079258	1564126079317	OK	 
REQUEST	1		acc.storefinder.js	1564126079260	1564126079325	OK	 
REQUEST	1		acc.productorderform.js	1564126079278	1564126079344	OK	 
REQUEST	1		acc.savedcarts.js	1564126079280	1564126079346	OK	 
REQUEST	1		acc.multidgrid.js	1564126079314	1564126079363	OK	 
REQUEST	1		acc.quickorder.js	1564126079316	1564126079392	OK	 
REQUEST	1		acc.closeaccount.js	1564126079347	1564126079397	OK	 
REQUEST	1		acc.cookienotification.js	1564126079345	1564126079399	OK	 
REQUEST	1		acc.csv-import.js	1564126079363	1564126079411	OK	 
REQUEST	1		acc.consent.js	1564126079326	1564126079432	OK	 
REQUEST	1		miraklratingstars.js	1564126079399	1564126079451	OK	 
REQUEST	1		acc.quote.js	1564126079317	1564126079453	OK	 
REQUEST	1		fsxwishlistaddon.js	1564126079398	1564126079455	OK	 
REQUEST	1		_autoload.js	1564126079393	1564126079456	OK	 
REQUEST	1		mirakltabs.js	1564126079412	1564126079461	OK	 
REQUEST	1		miraklpopups.js	1564126079433	1564126079492	OK	 
REQUEST	1		miraklexpandable.js	1564126079452	1564126079501	OK	 
REQUEST	1		fsxmirakladdon.js	1564126079456	1564126079503	OK	 
REQUEST	1		acc.paymentType.js	1564126079462	1564126079509	OK	 
REQUEST	1		miraklorderconditions.js	1564126079454	1564126079512	OK	 
REQUEST	1		acc.checkoutsummary.js	1564126079457	1564126079517	OK	 
REQUEST	1		acc.orderform.js	1564126079502	1564126079557	OK	 
REQUEST	1		acc.approval.js	1564126079503	1564126079559	OK	 
REQUEST	1		acc.replenishment.js	1564126079493	1564126079561	OK	 
REQUEST	1		webApplicationInjector.js	1564126079510	1564126079562	OK	 
REQUEST	1		reprocessPage.js	1564126079513	1564126079566	OK	 
REQUEST	1		adjustComponentRenderingToSE.js	1564126079518	1564126079571	OK	 
REQUEST	1		smarteditaddon.js	1564126079558	1564126079608	OK	 
REQUEST	1		setup.js	1564126079567	1564126079664	OK	 
REQUEST	1		acc.plp-list-view.js	1564126079609	1564126079707	OK	 
REQUEST	1		xzoom.js	1564126079572	1564126079735	OK	 
REQUEST	1		acc.main-dev.js	1564126079561	1564126079745	OK	 
REQUEST	1		acc.main.js	1564126079560	1564126079758	OK	 
REQUEST	1		combined.min.js	1564126079563	1564126079968	OK	 
USER	UserLogin_PragitiDev	1	END	1564125992386	1564126079985
