RUN	LPS.UserLogin_PragitiDev	userlogin-pragitidev	1564125269058	 	3.1.2
USER	UserLogin_PragitiDev	1	START	1564125270579	1564125270579
REQUEST	1		request_0	1564125270612	1564125271273	OK	 
REQUEST	1		favicon.ico	1564125271474	1564125271592	OK	 
REQUEST	1		owl.carousel.min.css	1564125271618	1564125271676	OK	 
REQUEST	1		owl.theme.default.min.css	1564125271712	1564125271770	OK	 
REQUEST	1		intlTelInput.css	1564125271773	1564125271849	OK	 
REQUEST	1		fsxmirakladdon.css	1564125271476	1564125271969	OK	 
REQUEST	1		mirakladdon.css	1564125271476	1564125271978	OK	 
REQUEST	1		jquery.mCustomScrollbar.min.css	1564125271856	1564125271996	OK	 
REQUEST	1		smarteditaddon.css	1564125271476	1564125272028	OK	 
REQUEST	1		easydropdown.flat.css	1564125271973	1564125272030	OK	 
REQUEST	1		xzoom.css	1564125271982	1564125272033	OK	 
REQUEST	1		analyticsmediator.js	1564125272034	1564125272096	OK	 
REQUEST	1		application-custom.css	1564125272032	1564125272101	OK	 
REQUEST	1		FSX-logo.png?context=bWFzdGVyfGltYWdlc3wyNTcyNHxpbWFnZS9wbmd8aW1hZ2VzL2gyMy9oYTYvODc5ODgyODg4ODA5NC5wbmd8ZjM4YTNkMDcwYTFjODM4NDI0YzlmMjE4MTVhOWI0N2VmZWQ1ZTE0YWJjMzdkMzUyMGYzZGZjOTlmNzA1N2ZjYg	1564125272098	1564125272215	OK	 
REQUEST	1		fsxwishlistaddon.css	1564125271475	1564125272226	OK	 
REQUEST	1		css?family=Open+Sans:400,300,300italic,400italic,600,600italic,700,700italic,800,800italic	1564125271579	1564125272262	OK	 
REQUEST	1		css?family=Open+Sans:300,400,600,700,800	1564125271477	1564125272296	OK	 
REQUEST	1		Home-Page-Carousel-1-shutterstock-792066871.jpg?context=bWFzdGVyfHJvb3R8OTQ4MDZ8aW1hZ2UvanBlZ3xoYzYvaDkxLzg3OTg5MTEzOTc5MTguanBnfGYwNGJiZDVhZTFjMDgwMzhiYmNlNTdlMWI0MjNlNWVhYjNhMzkxYzI3OTY0ODBhOWQ2MmI0ZjUzNjEwYWU3MjY	1564125272105	1564125272418	OK	 
REQUEST	1		bootstrap-3.3.7.min.css	1564125272006	1564125272476	OK	 
REQUEST	1		Home-Page-Carousel-2-shutterstock-687081655.jpg?context=bWFzdGVyfHJvb3R8MTc4NzA1fGltYWdlL2pwZWd8aDVmL2g5YS84Nzk4OTExNDYzNDU0LmpwZ3w2MWM1YjFiMmMyZjZmMzQ2OTM3MWFiNmNmYzQ3NjM3ZDMzMTgzYmRiOTQxMjkwYTc4ZTI4OGVmZjBmNWYwOTgx	1564125272221	1564125272753	OK	 
REQUEST	1		style.css	1564125271475	1564125272803	OK	 
REQUEST	1		Light-Counter-Equipment.jpg?context=bWFzdGVyfHJvb3R8MzAyNzJ8aW1hZ2UvanBlZ3xoNzAvaDg3Lzg3OTg2Njc4OTg5MTAuanBnfDU4ODhmN2ZlYTk2OTYwYzg0YTY0OGI0ZjMwMWQ5ZmFiYjM1ZDJjODg5N2M1ZWEyZmJlOGI1MjFjNjY0ODc3ZWQ	1564125272827	1564125272976	OK	 
REQUEST	1		Home-Page-Carousel-4-shutterstock-273567461.jpg?context=bWFzdGVyfHJvb3R8MjEwNTczfGltYWdlL2pwZWd8aGU4L2hkMy84Nzk4OTExNTk0NTI2LmpwZ3xlY2YyMjU0ZjQyMmY0Y2Y1YmE4NmU3NDA1NTJmMGRhNDk1NzU1YTc2ZWMyYWQ3ODhjZmY2ZDViYzZmMzBiMjhl	1564125272419	1564125273030	OK	 
REQUEST	1		application.min.css	1564125272029	1564125273122	OK	 
REQUEST	1		KitchenEquipment.jpg?context=bWFzdGVyfGltYWdlc3wxNTI4MTZ8aW1hZ2UvanBlZ3xpbWFnZXMvaDE2L2g1Ni84ODAyODUzODE0MzAyLmpwZ3xlMDlmZWM5ODBmOWMxYzBmM2I2ZGUzNTk2NWU1YTk1ODJlMTZiOTFkYmRhNjY1ODAxNzBkODEzZjhkZDhhNDBi	1564125272755	1564125273190	OK	 
REQUEST	1		Home-Page-Carousel-5-shutterstock-121103542.jpg?context=bWFzdGVyfHJvb3R8MjEzMjk0fGltYWdlL2pwZWd8aDNkL2g1OC84Nzk4OTExNjYwMDYyLmpwZ3xjYmQ0MGVmM2I4NTRlNjIwNGI1ZTI2ZjI0OWZjYjk1NjNiOTNlYWJlNjYyOWEyMTIwYTgxMGVmOTcxYWZjZjM5	1564125272478	1564125273203	OK	 
REQUEST	1		Bar-Equipment.jpg?context=bWFzdGVyfHJvb3R8NzEwMjl8aW1hZ2UvanBlZ3xoNjUvaGEyLzg3OTg2Njc5NjQ0NDYuanBnfGZiNjQ3MGI3ZDlmMTIwZWRhYTY2ZTFlZjIxMGY5NjUyZDU4NmU3MTI1OTFmMjZkNzY1NGUxYjc0ZDBlNGFkZmE	1564125272978	1564125273223	OK	 
REQUEST	1		Furniture.jpg?context=bWFzdGVyfHJvb3R8NTU3MzZ8aW1hZ2UvanBlZ3xoZjcvaGY5Lzg3OTg2NjgyOTIxMjYuanBnfDYyMmI0N2MwYmM4NzFmYTJiZTQzZTIyNTk0OWIyOWFlYTVlMDA3YWFjMzVjN2ExOTYyZGQ3YjViN2U0NzEzMTM	1564125273191	1564125273371	OK	 
REQUEST	1		TableTop.jpg?context=bWFzdGVyfGltYWdlc3wxNjIyODJ8aW1hZ2UvanBlZ3xpbWFnZXMvaGFlL2g0ZC84ODAyODU0NzY0NTc0LmpwZ3w1ZDFmNzRjZmM3NWRiMDA1Yjk2ZjkyNjJhN2YwZDE5MTczYTc4ZTM5MDk5ZTIzMGYxZTljOWU3MmZiOWQyYjM3	1564125273032	1564125273399	OK	 
REQUEST	1		Janitorial.jpg?context=bWFzdGVyfHJvb3R8NzA4Mjl8aW1hZ2UvanBlZ3xoMjkvaGNhLzg3OTg2NzM0MDM5MzQuanBnfDEzNDkwZjhhYjY5MWRhMzJhYWRlMzEzMWVkYjYxMDJiYzFlYzMwZmU4ZmQzZjU2MTk2YzAyZjRiZGJhYjMwNzc	1564125273225	1564125273425	OK	 
REQUEST	1		FSX-footer-logo.png?context=bWFzdGVyfGltYWdlc3w2MDI5fGltYWdlL3BuZ3xpbWFnZXMvaDBhL2g1My84Nzk5NTY4MjY1MjQ2LnBuZ3w0ZjgwZjgwZWM5Nzc2ODIwZmRjYjc1NmRkNjJkODk1NjFhMDU5YTBiZWI2Y2MwNTI4NzQ5N2RmYmExOTUyNmJj	1564125273373	1564125273445	OK	 
REQUEST	1		facebook.png?context=bWFzdGVyfHJvb3R8MTcxNXxpbWFnZS9wbmd8aDczL2g0ZS84ODAyMjkzMzUwNDMwLnBuZ3wxZjA1YTQwMzQ4ZWQxNzZiNDZjNDUyMzE1YTY1MWM5NmYzM2RlMGVkZjZmMWM3Yzc4YmQwYzdiNTAzMWRjMDcy	1564125273401	1564125273469	OK	 
REQUEST	1		linkedin.png?context=bWFzdGVyfHJvb3R8MTkwOHxpbWFnZS9wbmd8aDY0L2g3Mi84ODAyMjkzMzgzMTk4LnBuZ3xlMzdhOTVjMWE5YjdiOGJlNjgxMTk5M2RlMDcwM2FhMGEyYzVmYmZjNGI0MTgzMjllZmMwMzE1MzZmNmVhZjg3	1564125273427	1564125273476	OK	 
REQUEST	1		instagram.png?context=bWFzdGVyfHJvb3R8MzQwN3xpbWFnZS9wbmd8aDUzL2hkZC84ODAyMjkzNDE1OTY2LnBuZ3xmOTYxNzkzNGE4NzQwYjQ0MmVkMTRiYjExY2VkZWEwZjM1MDNkZmJjYzMwNTM5NWI0MWJmYWM5MWUzMzgxMjBk	1564125273447	1564125273501	OK	 
REQUEST	1		Home-Page-Carousel-3-shutterstock-1119898184.jpg?context=bWFzdGVyfHJvb3R8MTgzNjE2fGltYWdlL2pwZWd8aGNmL2gwZC84Nzk4OTExNTI4OTkwLmpwZ3xmYTc4YWNlYWRkNGE3ZjI4MWJlYWJhNGU2ZGZiZjQyNTk1ZTBhOTQxOWFkMjBhMjUzNDA5NGRkZTdhYzk3YWNl	1564125272227	1564125273516	OK	 
REQUEST	1		generatedVariables.js	1564125273470	1564125273521	OK	 
REQUEST	1		enquire.min.js	1564125273503	1564125273569	OK	 
REQUEST	1		Smallwares.jpg?context=bWFzdGVyfGltYWdlc3wxMDg4NDN8aW1hZ2UvanBlZ3xpbWFnZXMvaDc5L2g3NS84ODAyODU0NzMxODA2LmpwZ3wxM2VkNTQwZmQwNTg4M2QzNjZhYzAxMzk2YTIxMTY2M2ZlMzNiMzM5NjUxNDcwZTc5MjFhY2ZhMDk0MDA4ZmNi	1564125273152	1564125273572	OK	 
REQUEST	1		purify.min.js	1564125273522	1564125273578	OK	 
REQUEST	1		jquery-3.2.1.min.js	1564125273478	1564125273586	OK	 
REQUEST	1		Imager.min.js	1564125273517	1564125273589	OK	 
REQUEST	1		jquery.blockUI-2.66.js	1564125273571	1564125273641	OK	 
REQUEST	1		jquery.hoverIntent.js	1564125273588	1564125273648	OK	 
REQUEST	1		jquery.colorbox-min.js	1564125273573	1564125273654	OK	 
REQUEST	1		jquery.form.min.js	1564125273579	1564125273657	OK	 
REQUEST	1		jquery.pstrength.custom-1.2.0.js	1564125273591	1564125273660	OK	 
REQUEST	1		Lodging.jpg?context=bWFzdGVyfHJvb3R8MzIxMzZ8aW1hZ2UvanBlZ3xoZWUvaDQ1Lzg3OTg2NzMyMDczMjYuanBnfGFkYWY1MjYwMmUyYmVjM2U2ZTlmZmQwMmY2NTM2NmEwYTRkMzNhZGI2Yzk4ZjNjOTg5NTUzMmI3MTVjODc3MzI	1564125273204	1564125273691	OK	 
REQUEST	1		jquery.syncheight.custom.js	1564125273643	1564125273702	OK	 
REQUEST	1		jquery.tabs.custom.js	1564125273650	1564125273709	OK	 
REQUEST	1		jquery.zoom.custom.js	1564125273658	1564125273713	OK	 
REQUEST	1		jquery.tmpl-1.0.0pre.min.js	1564125273693	1564125273753	OK	 
REQUEST	1		jquery.currencies.min.js	1564125273704	1564125273756	OK	 
REQUEST	1		jquery.waitforimages.min.js	1564125273710	1564125273760	OK	 
REQUEST	1		jquery.slideviewer.custom.1.2.js	1564125273714	1564125273762	OK	 
REQUEST	1		jquery.validate.min.js	1564125273757	1564125273813	OK	 
REQUEST	1		acc.autocomplete.js	1564125273764	1564125273826	OK	 
REQUEST	1		acc.address.js	1564125273761	1564125273834	OK	 
REQUEST	1		acc.carousel.js	1564125273815	1564125273879	OK	 
REQUEST	1		acc.cart.js	1564125273827	1564125273884	OK	 
REQUEST	1		acc.cartitem.js	1564125273836	1564125273894	OK	 
REQUEST	1		acc.checkout.js	1564125273880	1564125273937	OK	 
REQUEST	1		acc.checkoutsteps.js	1564125273886	1564125273940	OK	 
REQUEST	1		acc.checkoutaddress.js	1564125273896	1564125273944	OK	 
REQUEST	1		owl.carousel.min.js	1564125273755	1564125273953	OK	 
REQUEST	1		acc.cms.js	1564125273939	1564125273987	OK	 
REQUEST	1		acc.colorbox.js	1564125273942	1564125273991	OK	 
REQUEST	1		owl.carousel.custom.js	1564125273661	1564125273993	OK	 
REQUEST	1		acc.common.js	1564125273946	1564125273996	OK	 
REQUEST	1		acc.forgottenpassword.js	1564125273955	1564125274009	OK	 
REQUEST	1		acc.global.js	1564125273989	1564125274037	OK	 
REQUEST	1		acc.hopdebug.js	1564125273992	1564125274040	OK	 
REQUEST	1		acc.langcurrencyselector.js	1564125273997	1564125274045	OK	 
REQUEST	1		acc.imagegallery.js	1564125273995	1564125274052	OK	 
REQUEST	1		acc.minicart.js	1564125274011	1564125274071	OK	 
REQUEST	1		acc.navigation.js	1564125274039	1564125274087	OK	 
REQUEST	1		acc.order.js	1564125274042	1564125274089	OK	 
REQUEST	1		acc.paginationsort.js	1564125274046	1564125274093	OK	 
REQUEST	1		acc.payment.js	1564125274053	1564125274117	OK	 
REQUEST	1		acc.paymentDetails.js	1564125274072	1564125274127	OK	 
REQUEST	1		acc.pickupinstore.js	1564125274088	1564125274139	OK	 
REQUEST	1		acc.product.js	1564125274090	1564125274143	OK	 
REQUEST	1		acc.productDetail.js	1564125274094	1564125274147	OK	 
REQUEST	1		acc.refinements.js	1564125274140	1564125274193	OK	 
REQUEST	1		acc.quickview.js	1564125274118	1564125274195	OK	 
REQUEST	1		acc.ratingstars.js	1564125274127	1564125274200	OK	 
REQUEST	1		acc.silentorderpost.js	1564125274148	1564125274201	OK	 
REQUEST	1		acc.sanitizer.js	1564125274143	1564125274202	OK	 
REQUEST	1		acc.tabs.js	1564125274194	1564125274242	OK	 
REQUEST	1		acc.futurelink.js	1564125274203	1564125274250	OK	 
REQUEST	1		acc.storefinder.js	1564125274202	1564125274252	OK	 
REQUEST	1		acc.termsandconditions.js	1564125274195	1564125274255	OK	 
REQUEST	1		acc.track.js	1564125274200	1564125274257	OK	 
REQUEST	1		acc.multidgrid.js	1564125274254	1564125274308	OK	 
REQUEST	1		acc.productorderform.js	1564125274243	1564125274310	OK	 
REQUEST	1		acc.savedcarts.js	1564125274251	1564125274311	OK	 
REQUEST	1		jquery-ui-1.12.1.min.js	1564125273656	1564125274343	OK	 
REQUEST	1		acc.consent.js	1564125274309	1564125274361	OK	 
REQUEST	1		acc.cookienotification.js	1564125274311	1564125274363	OK	 
REQUEST	1		acc.closeaccount.js	1564125274311	1564125274365	OK	 
REQUEST	1		acc.quote.js	1564125274258	1564125274372	OK	 
REQUEST	1		acc.csv-import.js	1564125274344	1564125274406	OK	 
REQUEST	1		acc.quickorder.js	1564125274256	1564125274410	OK	 
REQUEST	1		_autoload.js	1564125274362	1564125274412	OK	 
REQUEST	1		fsxwishlistaddon.js	1564125274364	1564125274414	OK	 
REQUEST	1		miraklratingstars.js	1564125274366	1564125274417	OK	 
REQUEST	1		mirakltabs.js	1564125274373	1564125274429	OK	 
REQUEST	1		miraklorderconditions.js	1564125274413	1564125274461	OK	 
REQUEST	1		miraklpopups.js	1564125274407	1564125274464	OK	 
REQUEST	1		fsxmirakladdon.js	1564125274415	1564125274467	OK	 
REQUEST	1		acc.checkoutsummary.js	1564125274418	1564125274469	OK	 
REQUEST	1		miraklexpandable.js	1564125274411	1564125274472	OK	 
REQUEST	1		acc.paymentType.js	1564125274431	1564125274485	OK	 
REQUEST	1		acc.replenishment.js	1564125274462	1564125274511	OK	 
REQUEST	1		acc.approval.js	1564125274468	1564125274516	OK	 
REQUEST	1		webApplicationInjector.js	1564125274470	1564125274520	OK	 
REQUEST	1		acc.orderform.js	1564125274466	1564125274538	OK	 
REQUEST	1		reprocessPage.js	1564125274473	1564125274541	OK	 
REQUEST	1		adjustComponentRenderingToSE.js	1564125274486	1564125274554	OK	 
REQUEST	1		smarteditaddon.js	1564125274512	1564125274562	OK	 
REQUEST	1		acc.plp-list-view.js	1564125274564	1564125274641	OK	 
REQUEST	1		setup.js	1564125274542	1564125274644	OK	 
REQUEST	1		acc.main-dev.js	1564125274521	1564125274673	OK	 
REQUEST	1		acc.main.js	1564125274517	1564125274675	OK	 
REQUEST	1		xzoom.js	1564125274555	1564125274695	OK	 
REQUEST	1		combined.min.js	1564125274540	1564125275573	OK	 
REQUEST	1		request_1	1564125277596	1564125277824	OK	 
REQUEST	1		style.css	1564125278002	1564125278050	OK	 
REQUEST	1		fsxwishlistaddon.css	1564125278003	1564125278064	OK	 
REQUEST	1		smarteditaddon.css	1564125278005	1564125278065	OK	 
REQUEST	1		favicon.ico	1564125278000	1564125278066	OK	 
REQUEST	1		mirakladdon.css	1564125278003	1564125278067	OK	 
REQUEST	1		fsxmirakladdon.css	1564125278004	1564125278068	OK	 
REQUEST	1		jquery.min.js	1564125277900	1564125278552	OK	 
REQUEST	1		request_2	1564125354574	1564125355085	OK	 
REQUEST	1		request_2 Redirect 1	1564125355100	1564125355569	OK	 
REQUEST	1		favicon.ico	1564125355632	1564125355722	OK	 
REQUEST	1		owl.carousel.min.css	1564125355723	1564125355791	OK	 
REQUEST	1		owl.theme.default.min.css	1564125355793	1564125355859	OK	 
REQUEST	1		intlTelInput.css	1564125355861	1564125355943	OK	 
REQUEST	1		smarteditaddon.css	1564125355634	1564125356033	OK	 
REQUEST	1		fsxmirakladdon.css	1564125355634	1564125356035	OK	 
REQUEST	1		fsxwishlistaddon.css	1564125355633	1564125356043	OK	 
REQUEST	1		xzoom.css	1564125356036	1564125356123	OK	 
REQUEST	1		easydropdown.flat.css	1564125356035	1564125356126	OK	 
REQUEST	1		mirakladdon.css	1564125355633	1564125356130	OK	 
REQUEST	1		jquery.mCustomScrollbar.min.css	1564125355945	1564125356165	OK	 
REQUEST	1		application-custom.css	1564125356128	1564125356253	OK	 
REQUEST	1		analyticsmediator.js	1564125356131	1564125356262	OK	 
REQUEST	1		FSX-logo.png?context=bWFzdGVyfGltYWdlc3wyNTcyNHxpbWFnZS9wbmd8aW1hZ2VzL2gyMy9oYTYvODc5ODgyODg4ODA5NC5wbmd8ZjM4YTNkMDcwYTFjODM4NDI0YzlmMjE4MTVhOWI0N2VmZWQ1ZTE0YWJjMzdkMzUyMGYzZGZjOTlmNzA1N2ZjYg	1564125356167	1564125356330	OK	 
REQUEST	1		bootstrap-3.3.7.min.css	1564125356045	1564125356432	OK	 
REQUEST	1		Home-Page-Carousel-1-shutterstock-792066871.jpg?context=bWFzdGVyfHJvb3R8OTQ4MDZ8aW1hZ2UvanBlZ3xoYzYvaDkxLzg3OTg5MTEzOTc5MTguanBnfGYwNGJiZDVhZTFjMDgwMzhiYmNlNTdlMWI0MjNlNWVhYjNhMzkxYzI3OTY0ODBhOWQ2MmI0ZjUzNjEwYWU3MjY	1564125356254	1564125356705	OK	 
REQUEST	1		Home-Page-Carousel-2-shutterstock-687081655.jpg?context=bWFzdGVyfHJvb3R8MTc4NzA1fGltYWdlL2pwZWd8aDVmL2g5YS84Nzk4OTExNDYzNDU0LmpwZ3w2MWM1YjFiMmMyZjZmMzQ2OTM3MWFiNmNmYzQ3NjM3ZDMzMTgzYmRiOTQxMjkwYTc4ZTI4OGVmZjBmNWYwOTgx	1564125356263	1564125356998	OK	 
REQUEST	1		Home-Page-Carousel-3-shutterstock-1119898184.jpg?context=bWFzdGVyfHJvb3R8MTgzNjE2fGltYWdlL2pwZWd8aGNmL2gwZC84Nzk4OTExNTI4OTkwLmpwZ3xmYTc4YWNlYWRkNGE3ZjI4MWJlYWJhNGU2ZGZiZjQyNTk1ZTBhOTQxOWFkMjBhMjUzNDA5NGRkZTdhYzk3YWNl	1564125356330	1564125357062	OK	 
REQUEST	1		Home-Page-Carousel-4-shutterstock-273567461.jpg?context=bWFzdGVyfHJvb3R8MjEwNTczfGltYWdlL2pwZWd8aGU4L2hkMy84Nzk4OTExNTk0NTI2LmpwZ3xlY2YyMjU0ZjQyMmY0Y2Y1YmE4NmU3NDA1NTJmMGRhNDk1NzU1YTc2ZWMyYWQ3ODhjZmY2ZDViYzZmMzBiMjhl	1564125356434	1564125357289	OK	 
REQUEST	1		Light-Counter-Equipment.jpg?context=bWFzdGVyfHJvb3R8MzAyNzJ8aW1hZ2UvanBlZ3xoNzAvaDg3Lzg3OTg2Njc4OTg5MTAuanBnfDU4ODhmN2ZlYTk2OTYwYzg0YTY0OGI0ZjMwMWQ5ZmFiYjM1ZDJjODg5N2M1ZWEyZmJlOGI1MjFjNjY0ODc3ZWQ	1564125357063	1564125357335	OK	 
REQUEST	1		style.css	1564125355633	1564125357354	OK	 
REQUEST	1		Home-Page-Carousel-5-shutterstock-121103542.jpg?context=bWFzdGVyfHJvb3R8MjEzMjk0fGltYWdlL2pwZWd8aDNkL2g1OC84Nzk4OTExNjYwMDYyLmpwZ3xjYmQ0MGVmM2I4NTRlNjIwNGI1ZTI2ZjI0OWZjYjk1NjNiOTNlYWJlNjYyOWEyMTIwYTgxMGVmOTcxYWZjZjM5	1564125356707	1564125357514	OK	 
REQUEST	1		KitchenEquipment.jpg?context=bWFzdGVyfGltYWdlc3wxNTI4MTZ8aW1hZ2UvanBlZ3xpbWFnZXMvaDE2L2g1Ni84ODAyODUzODE0MzAyLmpwZ3xlMDlmZWM5ODBmOWMxYzBmM2I2ZGUzNTk2NWU1YTk1ODJlMTZiOTFkYmRhNjY1ODAxNzBkODEzZjhkZDhhNDBi	1564125356999	1564125357595	OK	 
REQUEST	1		application.min.css	1564125356125	1564125357608	OK	 
REQUEST	1		Bar-Equipment.jpg?context=bWFzdGVyfHJvb3R8NzEwMjl8aW1hZ2UvanBlZ3xoNjUvaGEyLzg3OTg2Njc5NjQ0NDYuanBnfGZiNjQ3MGI3ZDlmMTIwZWRhYTY2ZTFlZjIxMGY5NjUyZDU4NmU3MTI1OTFmMjZkNzY1NGUxYjc0ZDBlNGFkZmE	1564125357290	1564125357616	OK	 
REQUEST	1		FSX-footer-logo.png?context=bWFzdGVyfGltYWdlc3w2MDI5fGltYWdlL3BuZ3xpbWFnZXMvaDBhL2g1My84Nzk5NTY4MjY1MjQ2LnBuZ3w0ZjgwZjgwZWM5Nzc2ODIwZmRjYjc1NmRkNjJkODk1NjFhMDU5YTBiZWI2Y2MwNTI4NzQ5N2RmYmExOTUyNmJj	1564125357616	1564125357746	OK	 
REQUEST	1		Furniture.jpg?context=bWFzdGVyfHJvb3R8NTU3MzZ8aW1hZ2UvanBlZ3xoZjcvaGY5Lzg3OTg2NjgyOTIxMjYuanBnfDYyMmI0N2MwYmM4NzFmYTJiZTQzZTIyNTk0OWIyOWFlYTVlMDA3YWFjMzVjN2ExOTYyZGQ3YjViN2U0NzEzMTM	1564125357515	1564125357769	OK	 
REQUEST	1		Smallwares.jpg?context=bWFzdGVyfGltYWdlc3wxMDg4NDN8aW1hZ2UvanBlZ3xpbWFnZXMvaDc5L2g3NS84ODAyODU0NzMxODA2LmpwZ3wxM2VkNTQwZmQwNTg4M2QzNjZhYzAxMzk2YTIxMTY2M2ZlMzNiMzM5NjUxNDcwZTc5MjFhY2ZhMDk0MDA4ZmNi	1564125357359	1564125357804	OK	 
REQUEST	1		Lodging.jpg?context=bWFzdGVyfHJvb3R8MzIxMzZ8aW1hZ2UvanBlZ3xoZWUvaDQ1Lzg3OTg2NzMyMDczMjYuanBnfGFkYWY1MjYwMmUyYmVjM2U2ZTlmZmQwMmY2NTM2NmEwYTRkMzNhZGI2Yzk4ZjNjOTg5NTUzMmI3MTVjODc3MzI	1564125357596	1564125357822	OK	 
REQUEST	1		facebook.png?context=bWFzdGVyfHJvb3R8MTcxNXxpbWFnZS9wbmd8aDczL2g0ZS84ODAyMjkzMzUwNDMwLnBuZ3wxZjA1YTQwMzQ4ZWQxNzZiNDZjNDUyMzE1YTY1MWM5NmYzM2RlMGVkZjZmMWM3Yzc4YmQwYzdiNTAzMWRjMDcy	1564125357746	1564125357866	OK	 
REQUEST	1		Janitorial.jpg?context=bWFzdGVyfHJvb3R8NzA4Mjl8aW1hZ2UvanBlZ3xoMjkvaGNhLzg3OTg2NzM0MDM5MzQuanBnfDEzNDkwZjhhYjY5MWRhMzJhYWRlMzEzMWVkYjYxMDJiYzFlYzMwZmU4ZmQzZjU2MTk2YzAyZjRiZGJhYjMwNzc	1564125357612	1564125357869	OK	 
REQUEST	1		linkedin.png?context=bWFzdGVyfHJvb3R8MTkwOHxpbWFnZS9wbmd8aDY0L2g3Mi84ODAyMjkzMzgzMTk4LnBuZ3xlMzdhOTVjMWE5YjdiOGJlNjgxMTk5M2RlMDcwM2FhMGEyYzVmYmZjNGI0MTgzMjllZmMwMzE1MzZmNmVhZjg3	1564125357770	1564125357871	OK	 
REQUEST	1		TableTop.jpg?context=bWFzdGVyfGltYWdlc3wxNjIyODJ8aW1hZ2UvanBlZ3xpbWFnZXMvaGFlL2g0ZC84ODAyODU0NzY0NTc0LmpwZ3w1ZDFmNzRjZmM3NWRiMDA1Yjk2ZjkyNjJhN2YwZDE5MTczYTc4ZTM5MDk5ZTIzMGYxZTljOWU3MmZiOWQyYjM3	1564125357336	1564125357877	OK	 
REQUEST	1		instagram.png?context=bWFzdGVyfHJvb3R8MzQwN3xpbWFnZS9wbmd8aDUzL2hkZC84ODAyMjkzNDE1OTY2LnBuZ3xmOTYxNzkzNGE4NzQwYjQ0MmVkMTRiYjExY2VkZWEwZjM1MDNkZmJjYzMwNTM5NWI0MWJmYWM5MWUzMzgxMjBk	1564125357805	1564125357886	OK	 
REQUEST	1		generatedVariables.js	1564125357823	1564125357905	OK	 
REQUEST	1		enquire.min.js	1564125357870	1564125357951	OK	 
REQUEST	1		Imager.min.js	1564125357872	1564125357953	OK	 
REQUEST	1		purify.min.js	1564125357878	1564125357960	OK	 
REQUEST	1		jquery.colorbox-min.js	1564125357906	1564125357996	OK	 
REQUEST	1		jquery.blockUI-2.66.js	1564125357887	1564125358015	OK	 
REQUEST	1		jquery.hoverIntent.js	1564125357953	1564125358049	OK	 
REQUEST	1		jquery.pstrength.custom-1.2.0.js	1564125357960	1564125358061	OK	 
REQUEST	1		jquery-3.2.1.min.js	1564125357867	1564125358075	OK	 
REQUEST	1		jquery.form.min.js	1564125357952	1564125358077	OK	 
REQUEST	1		jquery.syncheight.custom.js	1564125357997	1564125358079	OK	 
REQUEST	1		jquery.tabs.custom.js	1564125358016	1564125358103	OK	 
REQUEST	1		jquery.zoom.custom.js	1564125358062	1564125358141	OK	 
REQUEST	1		jquery.tmpl-1.0.0pre.min.js	1564125358078	1564125358170	OK	 
REQUEST	1		jquery.waitforimages.min.js	1564125358104	1564125358173	OK	 
REQUEST	1		jquery.currencies.min.js	1564125358080	1564125358183	OK	 
REQUEST	1		owl.carousel.custom.js	1564125358076	1564125358232	OK	 
REQUEST	1		jquery.slideviewer.custom.1.2.js	1564125358142	1564125358242	OK	 
REQUEST	1		jquery.validate.min.js	1564125358173	1564125358302	OK	 
REQUEST	1		acc.address.js	1564125358183	1564125358318	OK	 
REQUEST	1		acc.autocomplete.js	1564125358233	1564125358321	OK	 
REQUEST	1		owl.carousel.min.js	1564125358170	1564125358335	OK	 
REQUEST	1		acc.carousel.js	1564125358243	1564125358355	OK	 
REQUEST	1		acc.checkout.js	1564125358322	1564125358416	OK	 
REQUEST	1		acc.cart.js	1564125358304	1564125358417	OK	 
REQUEST	1		acc.checkoutsteps.js	1564125358336	1564125358417	OK	 
REQUEST	1		acc.cartitem.js	1564125358319	1564125358437	OK	 
REQUEST	1		acc.checkoutaddress.js	1564125358355	1564125358445	OK	 
REQUEST	1		acc.common.js	1564125358418	1564125358490	OK	 
REQUEST	1		acc.colorbox.js	1564125358417	1564125358491	OK	 
REQUEST	1		acc.cms.js	1564125358416	1564125358492	OK	 
REQUEST	1		jquery-ui-1.12.1.min.js	1564125358050	1564125358504	OK	 
REQUEST	1		acc.forgottenpassword.js	1564125358437	1564125358513	OK	 
REQUEST	1		acc.global.js	1564125358446	1564125358534	OK	 
REQUEST	1		acc.imagegallery.js	1564125358492	1564125358553	OK	 
REQUEST	1		acc.langcurrencyselector.js	1564125358492	1564125358554	OK	 
REQUEST	1		acc.hopdebug.js	1564125358491	1564125358555	OK	 
REQUEST	1		acc.minicart.js	1564125358505	1564125358564	OK	 
REQUEST	1		acc.order.js	1564125358535	1564125358593	OK	 
REQUEST	1		acc.payment.js	1564125358555	1564125358612	OK	 
REQUEST	1		acc.paymentDetails.js	1564125358555	1564125358613	OK	 
REQUEST	1		acc.paginationsort.js	1564125358554	1564125358614	OK	 
REQUEST	1		acc.pickupinstore.js	1564125358564	1564125358630	OK	 
REQUEST	1		acc.navigation.js	1564125358514	1564125358639	OK	 
REQUEST	1		acc.productDetail.js	1564125358612	1564125358673	OK	 
REQUEST	1		acc.product.js	1564125358593	1564125358688	OK	 
REQUEST	1		acc.ratingstars.js	1564125358614	1564125358689	OK	 
REQUEST	1		acc.refinements.js	1564125358631	1564125358701	OK	 
REQUEST	1		acc.quickview.js	1564125358613	1564125358702	OK	 
REQUEST	1		acc.sanitizer.js	1564125358640	1564125358710	OK	 
REQUEST	1		acc.silentorderpost.js	1564125358674	1564125358741	OK	 
REQUEST	1		acc.termsandconditions.js	1564125358689	1564125358751	OK	 
REQUEST	1		acc.track.js	1564125358701	1564125358760	OK	 
REQUEST	1		acc.storefinder.js	1564125358702	1564125358766	OK	 
REQUEST	1		acc.tabs.js	1564125358688	1564125358768	OK	 
REQUEST	1		acc.futurelink.js	1564125358711	1564125358776	OK	 
REQUEST	1		acc.productorderform.js	1564125358742	1564125358831	OK	 
REQUEST	1		acc.multidgrid.js	1564125358761	1564125358850	OK	 
REQUEST	1		acc.savedcarts.js	1564125358751	1564125358852	OK	 
REQUEST	1		acc.consent.js	1564125358777	1564125358873	OK	 
REQUEST	1		acc.quote.js	1564125358769	1564125358877	OK	 
REQUEST	1		acc.quickorder.js	1564125358767	1564125358889	OK	 
REQUEST	1		acc.cookienotification.js	1564125358832	1564125358915	OK	 
REQUEST	1		acc.closeaccount.js	1564125358851	1564125358926	OK	 
REQUEST	1		_autoload.js	1564125358874	1564125358946	OK	 
REQUEST	1		fsxwishlistaddon.js	1564125358878	1564125358947	OK	 
REQUEST	1		miraklratingstars.js	1564125358890	1564125358949	OK	 
REQUEST	1		mirakltabs.js	1564125358916	1564125358975	OK	 
REQUEST	1		acc.csv-import.js	1564125358853	1564125358985	OK	 
REQUEST	1		miraklpopups.js	1564125358927	1564125358987	OK	 
REQUEST	1		fsxmirakladdon.js	1564125358950	1564125359012	OK	 
REQUEST	1		miraklexpandable.js	1564125358946	1564125359023	OK	 
REQUEST	1		miraklorderconditions.js	1564125358948	1564125359025	OK	 
REQUEST	1		acc.checkoutsummary.js	1564125358976	1564125359041	OK	 
REQUEST	1		acc.paymentType.js	1564125358986	1564125359048	OK	 
REQUEST	1		acc.replenishment.js	1564125358988	1564125359050	OK	 
REQUEST	1		acc.orderform.js	1564125359013	1564125359094	OK	 
REQUEST	1		acc.approval.js	1564125359024	1564125359102	OK	 
REQUEST	1		reprocessPage.js	1564125359042	1564125359104	OK	 
REQUEST	1		webApplicationInjector.js	1564125359026	1564125359106	OK	 
REQUEST	1		adjustComponentRenderingToSE.js	1564125359049	1564125359116	OK	 
REQUEST	1		smarteditaddon.js	1564125359050	1564125359118	OK	 
REQUEST	1		acc.plp-list-view.js	1564125359119	1564125359223	OK	 
REQUEST	1		setup.js	1564125359107	1564125359239	OK	 
REQUEST	1		xzoom.js	1564125359117	1564125359265	OK	 
REQUEST	1		acc.main-dev.js	1564125359103	1564125359345	OK	 
REQUEST	1		acc.main.js	1564125359095	1564125359372	OK	 
REQUEST	1		combined.min.js	1564125359105	1564125359753	OK	 
USER	UserLogin_PragitiDev	1	END	1564125270579	1564125359770
