RUN	LPS.Registration	registration	1564126571213	 	3.1.2
USER	Registration	1	START	1564126572823	1564126572823
REQUEST	1		request_0	1564126572855	1564126590382	OK	 
REQUEST	1		css?family=Open+Sans:300,400,600,700,800	1564126590619	1564126590942	OK	 
REQUEST	1		css?family=Open+Sans:400,300,300italic,400italic,600,600italic,700,700italic,800,800italic	1564126590625	1564126590994	OK	 
REQUEST	1		favicon.ico	1564126590616	1564126591760	OK	 
REQUEST	1		owl.theme.default.min.css	1564126591765	1564126592045	OK	 
REQUEST	1		intlTelInput.css	1564126592056	1564126592335	OK	 
REQUEST	1		fsxmirakladdon.css	1564126590618	1564126592533	OK	 
REQUEST	1		easydropdown.flat.css	1564126592536	1564126592769	OK	 
REQUEST	1		mirakladdon.css	1564126590618	1564126592879	OK	 
REQUEST	1		owl.carousel.min.css	1564126590619	1564126592892	OK	 
REQUEST	1		style.css	1564126590617	1564126592934	OK	 
REQUEST	1		xzoom.css	1564126592773	1564126593004	OK	 
REQUEST	1		application-custom.css	1564126592953	1564126593185	OK	 
REQUEST	1		jquery.mCustomScrollbar.min.css	1564126592337	1564126593195	OK	 
REQUEST	1		analyticsmediator.js	1564126593008	1564126593239	OK	 
REQUEST	1		bootstrap-3.3.7.min.css	1564126592883	1564126593456	OK	 
REQUEST	1		FSX-logo.png?context=bWFzdGVyfGltYWdlc3wyNTcyNHxpbWFnZS9wbmd8aDEyL2hmZS84Nzk2MTYyNjU0MjM4L0ZTWC1sb2dvLnBuZ3xjMjYxYTEwZDkyMWMzYWU3ODk4MDAwYmYxYTExMmY2MjkwNWIzNzdjZjIyNjE2MGExZGY2ZWRlZTU4YjQzYjky	1564126593189	1564126593637	OK	 
REQUEST	1		application.min.css	1564126592896	1564126593741	OK	 
REQUEST	1		fsxwishlistaddon.css	1564126590618	1564126594074	OK	 
REQUEST	1		Home-Page-Carousel-1-shutterstock-792066871.jpg?context=bWFzdGVyfHJvb3R8OTQ4MDZ8aW1hZ2UvanBlZ3xoNDIvaGY3Lzg3OTYxNjI4NTA4NDYvSG9tZS1QYWdlLUNhcm91c2VsLTEtc2h1dHRlcnN0b2NrXzc5MjA2Njg3MS5qcGd8NTQ4NjMyNmE4YmMwOTJhNzEwOWVhZDYyMWE3MjBjY2EzZDA2NzBhNGIzOGExMTY5ODI0NDZmZGE5NjE1MmJhZQ	1564126593199	1564126594183	OK	 
REQUEST	1		Home-Page-Carousel-5-shutterstock-121103542.jpg?context=bWFzdGVyfHJvb3R8MjEzMjk0fGltYWdlL2pwZWd8aDgzL2hmMy84Nzk2MTYyOTgxOTE4L0hvbWUtUGFnZS1DYXJvdXNlbC01LXNodXR0ZXJzdG9ja18xMjExMDM1NDIuanBnfDVjNmRjNTU3N2NlNjZkMjRkZWRmYjA4NjA1MDViMTcxZDAzMzEwZjdkNTA1YzYxNWQ0ODUyNGRkMTEyMWUxNjU	1564126593753	1564126594477	OK	 
REQUEST	1		Home-Page-Carousel-3-shutterstock-1119898184.jpg?context=bWFzdGVyfHJvb3R8MTgzNjE2fGltYWdlL2pwZWd8aGViL2hmNi84Nzk2MTYyODgzNjE0L0hvbWUtUGFnZS1DYXJvdXNlbC0zLXNodXR0ZXJzdG9ja18xMTE5ODk4MTg0LmpwZ3w4MzFlM2UyNDMyM2JiN2EwOTM5ZjRmZWJiZTA4OGQ1OTcwMWQ5M2RjODYxM2JiNTQ1Y2E1NTFjNjdiOTk2N2Vm	1564126593462	1564126594519	OK	 
REQUEST	1		Light-Counter-Equipment.jpg?context=bWFzdGVyfGltYWdlc3wzMDI3MnxpbWFnZS9qcGVnfGgzOC9oOWIvODc5NjE2MzQ0MDY3MC9MaWdodC1Db3VudGVyLUVxdWlwbWVudC5qcGd8ZmQ3MWMzMzQ0Y2I2OWZiZTJlMjE3MWViOGZkNTczNjg3ZTI5ZjkxNTc2Yzc1Y2Q3NzZhNjMzNjFiYmVjMzIzMw	1564126594185	1564126594535	OK	 
REQUEST	1		Home-Page-Carousel-2-shutterstock-687081655.jpg?context=bWFzdGVyfHJvb3R8MTc4NzA1fGltYWdlL2pwZWd8aDQ0L2hmNC84Nzk2MTYyOTE2MzgyL0hvbWUgUGFnZSBDYXJvdXNlbCAyIHNodXR0ZXJzdG9ja182ODcwODE2NTUuanBnfDlhMDk0Mjg2MWIzNGMyMDU3ZGNkYzRkY2U5MDY0OWUyYzkwZGIwYTIyZDVmYzZjMDU0NDk5MmE0OTJkOGFkYjY	1564126593241	1564126594604	OK	 
REQUEST	1		Home-Page-Carousel-4-shutterstock-273567461.jpg?context=bWFzdGVyfHJvb3R8MjEwNTczfGltYWdlL2pwZWd8aGVjL2hmMy84Nzk2MTYyOTQ5MTUwL0hvbWUtUGFnZS1DYXJvdXNlbC00LXNodXR0ZXJzdG9ja18yNzM1Njc0NjEuanBnfDQyMDUzZGIzOTM1ZDgxMzM2YzJhYTk0MjlhZjMwOTRiYjc4NTc2NmJlM2FhNWU0ZjQwYzk3ZDgxZDc4YjQ5ZWI	1564126593643	1564126594666	OK	 
REQUEST	1		Kitchen-Equipment.jpg?context=bWFzdGVyfGltYWdlc3w2MDcyMnxpbWFnZS9qcGVnfGgzYS9oOTgvODc5NjE2MzUwNjIwNi9LaXRjaGVuLUVxdWlwbWVudC5qcGd8ZDczNWNlM2YyZTlkZmNkNjI1NzE2NmRiZGVkY2JjNGNhZGEwMTk4NWM5ZGMzZmUxMzg5YmFmNzhjYjA2ZmZiYQ	1564126594077	1564126594897	OK	 
REQUEST	1		Table-Top.jpg?context=bWFzdGVyfGltYWdlc3w3MzkwMXxpbWFnZS9qcGVnfGhiMi9oYTEvODc5NjE2MzI3NjgzMC9UYWJsZS1Ub3AuanBnfGQ1ZTMwN2M2Mjk1ZGJkYzBiOWJmNmJlY2NmNjM0YTkzMGRiYzZiNDU0MDgxMzI3MGQ2NTAwNzUzYmRkZmViNzk	1564126594521	1564126594945	OK	 
REQUEST	1		Bar-Equipment.jpg?context=bWFzdGVyfGltYWdlc3w3MTAyOXxpbWFnZS9qcGVnfGhlMS9oOWEvODc5NjE2MzQ3MzQzOC9CYXItRXF1aXBtZW50LmpwZ3w3NjE0M2I0Yjg2MTgzMWViOTRmNzA0ZDUwZjQxOTBkYTY3ZTkyZWZkY2IxZjQ3NDUxYjAzMWFmMzI0ZjMzYzdl	1564126594478	1564126594980	OK	 
REQUEST	1		Smallwares.jpg?context=bWFzdGVyfGltYWdlc3w0NDk0M3xpbWFnZS9qcGVnfGgwYi9oOWYvODc5NjE2MzMwOTU5OC9TbWFsbHdhcmVzLmpwZ3xiNmQzOWE0NTM2N2ZjMGM4ZDdmOGYyMzY5NTE0ODEwMjc4NTczOTQzM2JiOWQ2ZTgzNzVhYzAzNmRkOTBiZjY3	1564126594536	1564126595104	OK	 
REQUEST	1		Lodging.jpg?context=bWFzdGVyfGltYWdlc3wzMjEzNnxpbWFnZS9qcGVnfGhhMy9oOWIvODc5NjE2MzQwNzkwMi9Mb2RnaW5nLmpwZ3w5ZjMyMWE2NDQ1NmE3N2Q5N2ZiZTJmNmZlOTc1YjI1ZjJhMjYzMTEyZDRjZGViYzUxMmZjYTY3ZGE4NGQ1YjNj	1564126594668	1564126595187	OK	 
REQUEST	1		FSX-footer-logo.png?context=bWFzdGVyfGltYWdlc3w2MDI5fGltYWdlL3BuZ3xoMjQvaGU2Lzg3OTYxNjc4NjQzNTAvRlNYLWZvb3Rlci1sb2dvLnBuZ3xmNWU4MTRiZjFhYWViNGE0NmU3NmE1MmFjMDE4MTcyMjk0NGU0Yzk2NmVlYmMzOGE3NDkxOWFkZDc3OTM3OWQy	1564126594947	1564126595260	OK	 
REQUEST	1		facebook.png?context=bWFzdGVyfHJvb3R8MTcxNXxpbWFnZS9wbmd8aGE4L2g5Ny84Nzk2MTY4MDYwOTU4L2ZhY2Vib29rLnBuZ3wyYTkxNDRlYWZhOTc0YmIwMjRlZDgwNjEyYTM4NTVlYWIzMDNiZDg3Y2Y2NmJhODc4NTc1OTFjNTcwMzkxMGM2	1564126594982	1564126595265	OK	 
REQUEST	1		Furniture.jpg?context=bWFzdGVyfGltYWdlc3w1NTczNnxpbWFnZS9qcGVnfGhhMC9oOWUvODc5NjE2MzM0MjM2Ni9GdXJuaXR1cmUuanBnfDFkMjZiNzIyZTU1MTJkNjY4ZWIzMzFlMjQzYzAxNzVlZjYyYWMzMGY2NDQ5OGEyMzhmMWEzZTc1MTQ3Njk4NDM	1564126594606	1564126595366	OK	 
REQUEST	1		linkedin.png?context=bWFzdGVyfHJvb3R8MTkwOHxpbWFnZS9wbmd8aDY1L2hlMi84Nzk2MTY3OTk1NDIyL2xpbmtlZGluLnBuZ3w2NTZkMWJhYjI1MzA1NzJkZTc3NTQ2ZDhjMDBlNmY5ZDhmM2I5ZDdhYTU1YzQ3YzlhZjk1NTM0YTA1ZTkzMGRh	1564126595106	1564126595387	OK	 
REQUEST	1		instagram.png?context=bWFzdGVyfHJvb3R8MzQwN3xpbWFnZS9wbmd8aDEyL2g5OC84Nzk2MTY4MDI4MTkwL2luc3RhZ3JhbS5wbmd8NDU4ZjQ5YjFjODQxNjQ5MjIwMzg0NzkwNWRiZTMxMDFkZDRkMmEzMzQxYzZhNGJhZTRhZGUwYjUyZDhiNWQwMQ	1564126595188	1564126595439	OK	 
REQUEST	1		Janitorial.jpg?context=bWFzdGVyfGltYWdlc3w3MDgyOXxpbWFnZS9qcGVnfGg0OS9oOWUvODc5NjE2MzM3NTEzNC9KYW5pdG9yaWFsLmpwZ3w1MTJjOTk2MmRmZjk1NjUwMmRiNzBjNTBhNjE5NzIzZTZiYThjNzI3ODYxMmQ4NjMwOTMzNDhiNTk2OWEyMzBm	1564126594900	1564126595467	OK	 
REQUEST	1		generatedVariables.js	1564126595262	1564126595523	OK	 
REQUEST	1		jquery-3.2.1.min.js	1564126595267	1564126595541	OK	 
REQUEST	1		enquire.min.js	1564126595367	1564126595596	OK	 
REQUEST	1		Imager.min.js	1564126595388	1564126595645	OK	 
REQUEST	1		purify.min.js	1564126595441	1564126595672	OK	 
REQUEST	1		jquery.blockUI-2.66.js	1564126595469	1564126595733	OK	 
REQUEST	1		jquery.colorbox-min.js	1564126595525	1564126595787	OK	 
REQUEST	1		jquery.form.min.js	1564126595543	1564126595805	OK	 
REQUEST	1		jquery.hoverIntent.js	1564126595598	1564126595831	OK	 
REQUEST	1		jquery.syncheight.custom.js	1564126595674	1564126595903	OK	 
REQUEST	1		jquery.pstrength.custom-1.2.0.js	1564126595647	1564126595907	OK	 
REQUEST	1		jquery.tabs.custom.js	1564126595735	1564126595996	OK	 
REQUEST	1		jquery.zoom.custom.js	1564126595807	1564126596078	OK	 
REQUEST	1		owl.carousel.custom.js	1564126595833	1564126596084	OK	 
REQUEST	1		jquery-ui-1.12.1.min.js	1564126595789	1564126596102	OK	 
REQUEST	1		jquery.tmpl-1.0.0pre.min.js	1564126595905	1564126596132	OK	 
REQUEST	1		jquery.currencies.min.js	1564126595909	1564126596166	OK	 
REQUEST	1		jquery.waitforimages.min.js	1564126595998	1564126596259	OK	 
REQUEST	1		owl.carousel.min.js	1564126596085	1564126596332	OK	 
REQUEST	1		jquery.slideviewer.custom.1.2.js	1564126596079	1564126596342	OK	 
REQUEST	1		acc.address.js	1564126596133	1564126596360	OK	 
REQUEST	1		jquery.validate.min.js	1564126596104	1564126596367	OK	 
REQUEST	1		acc.autocomplete.js	1564126596167	1564126596424	OK	 
REQUEST	1		acc.carousel.js	1564126596260	1564126596521	OK	 
REQUEST	1		acc.cart.js	1564126596333	1564126596565	OK	 
REQUEST	1		acc.checkout.js	1564126596361	1564126596588	OK	 
REQUEST	1		acc.cartitem.js	1564126596343	1564126596603	OK	 
REQUEST	1		acc.checkoutsteps.js	1564126596368	1564126596627	OK	 
REQUEST	1		acc.checkoutaddress.js	1564126596425	1564126596682	OK	 
REQUEST	1		acc.cms.js	1564126596522	1564126596785	OK	 
REQUEST	1		acc.colorbox.js	1564126596566	1564126596795	OK	 
REQUEST	1		acc.common.js	1564126596589	1564126596817	OK	 
REQUEST	1		acc.forgottenpassword.js	1564126596604	1564126596864	OK	 
REQUEST	1		acc.global.js	1564126596629	1564126596894	OK	 
REQUEST	1		acc.hopdebug.js	1564126596684	1564126596942	OK	 
REQUEST	1		acc.langcurrencyselector.js	1564126596797	1564126597041	OK	 
REQUEST	1		acc.imagegallery.js	1564126596786	1564126597049	OK	 
REQUEST	1		acc.minicart.js	1564126596818	1564126597052	OK	 
REQUEST	1		acc.navigation.js	1564126596866	1564126597128	OK	 
REQUEST	1		acc.order.js	1564126596895	1564126597156	OK	 
REQUEST	1		acc.paginationsort.js	1564126596943	1564126597200	OK	 
REQUEST	1		acc.payment.js	1564126597043	1564126597272	OK	 
REQUEST	1		acc.paymentDetails.js	1564126597050	1564126597315	OK	 
REQUEST	1		acc.pickupinstore.js	1564126597054	1564126597323	OK	 
REQUEST	1		acc.product.js	1564126597130	1564126597391	OK	 
REQUEST	1		acc.productDetail.js	1564126597158	1564126597418	OK	 
REQUEST	1		acc.quickview.js	1564126597202	1564126597459	OK	 
REQUEST	1		acc.ratingstars.js	1564126597273	1564126597502	OK	 
REQUEST	1		acc.sanitizer.js	1564126597325	1564126597552	OK	 
REQUEST	1		acc.refinements.js	1564126597316	1564126597581	OK	 
REQUEST	1		acc.silentorderpost.js	1564126597392	1564126597657	OK	 
REQUEST	1		acc.tabs.js	1564126597420	1564126597681	OK	 
REQUEST	1		acc.termsandconditions.js	1564126597461	1564126597719	OK	 
REQUEST	1		acc.track.js	1564126597503	1564126597733	OK	 
REQUEST	1		acc.storefinder.js	1564126597554	1564126597785	OK	 
REQUEST	1		acc.futurelink.js	1564126597582	1564126597844	OK	 
REQUEST	1		acc.productorderform.js	1564126597659	1564126597920	OK	 
REQUEST	1		acc.savedcarts.js	1564126597682	1564126597943	OK	 
REQUEST	1		acc.quickorder.js	1564126597734	1564126597967	OK	 
REQUEST	1		acc.multidgrid.js	1564126597721	1564126597978	OK	 
REQUEST	1		acc.quote.js	1564126597786	1564126598015	OK	 
REQUEST	1		acc.consent.js	1564126597846	1564126598111	OK	 
REQUEST	1		acc.cookienotification.js	1564126597921	1564126598185	OK	 
REQUEST	1		acc.csv-import.js	1564126597968	1564126598197	OK	 
REQUEST	1		acc.closeaccount.js	1564126597944	1564126598204	OK	 
REQUEST	1		_autoload.js	1564126597979	1564126598237	OK	 
REQUEST	1		fsxwishlistaddon.js	1564126598017	1564126598242	OK	 
REQUEST	1		miraklratingstars.js	1564126598113	1564126598372	OK	 
REQUEST	1		miraklpopups.js	1564126598198	1564126598427	OK	 
REQUEST	1		mirakltabs.js	1564126598187	1564126598446	OK	 
REQUEST	1		miraklexpandable.js	1564126598205	1564126598470	OK	 
REQUEST	1		fsxmirakladdon.js	1564126598243	1564126598474	OK	 
REQUEST	1		miraklorderconditions.js	1564126598238	1564126598495	OK	 
REQUEST	1		acc.checkoutsummary.js	1564126598373	1564126598672	OK	 
REQUEST	1		acc.paymentType.js	1564126598429	1564126598675	OK	 
REQUEST	1		acc.approval.js	1564126598474	1564126598701	OK	 
REQUEST	1		acc.replenishment.js	1564126598447	1564126598706	OK	 
REQUEST	1		acc.orderform.js	1564126598472	1564126598732	OK	 
REQUEST	1		acc.main.js	1564126598496	1564126598762	OK	 
REQUEST	1		acc.main-dev.js	1564126598673	1564126598937	OK	 
REQUEST	1		setup.js	1564126598702	1564126598944	OK	 
REQUEST	1		xzoom.js	1564126598707	1564126598969	OK	 
REQUEST	1		acc.plp-list-view.js	1564126598734	1564126598993	OK	 
REQUEST	1		combined.min.js	1564126598677	1564126599390	OK	 
REQUEST	1		request_1	1564126601408	1564126601744	OK	 
REQUEST	1		request_2	1564126601751	1564126602828	OK	 
REQUEST	1		request_3	1564126603838	1564126603968	KO	j.i.IOException: Premature close
REQUEST	1		request_5	1564126612968	1564126617895	OK	 
REQUEST	1		request_7	1564126617961	1564126618230	OK	 
REQUEST	1		jquery.min.js	1564126617962	1564126618446	OK	 
REQUEST	1		request_8	1564126617961	1564126619831	OK	 
REQUEST	1		request_9	1564126617962	1564126620024	OK	 
REQUEST	1		request_10	1564126696026	1564126700891	OK	 
REQUEST	1		request_10 Redirect 1	1564126700906	1564126701486	OK	 
REQUEST	1		favicon.ico	1564126701543	1564126701795	OK	 
REQUEST	1		owl.theme.default.min.css	1564126701796	1564126702024	OK	 
REQUEST	1		intlTelInput.css	1564126702026	1564126702304	OK	 
REQUEST	1		jquery.mCustomScrollbar.min.css	1564126702306	1564126702538	OK	 
REQUEST	1		easydropdown.flat.css	1564126702539	1564126702817	OK	 
REQUEST	1		xzoom.css	1564126702818	1564126703049	OK	 
REQUEST	1		bootstrap-3.3.7.min.css	1564126703050	1564126703331	OK	 
REQUEST	1		owl.carousel.min.css	1564126701545	1564126703366	OK	 
REQUEST	1		fsxwishlistaddon.css	1564126701544	1564126703375	OK	 
REQUEST	1		fsxmirakladdon.css	1564126701544	1564126703592	OK	 
REQUEST	1		mirakladdon.css	1564126701544	1564126703598	OK	 
REQUEST	1		application-custom.css	1564126703367	1564126703605	OK	 
REQUEST	1		analyticsmediator.js	1564126703375	1564126703608	OK	 
REQUEST	1		application.min.css	1564126703333	1564126703852	OK	 
REQUEST	1		style.css	1564126701543	1564126704129	OK	 
REQUEST	1		FSX-logo.png?context=bWFzdGVyfGltYWdlc3wyNTcyNHxpbWFnZS9wbmd8aDEyL2hmZS84Nzk2MTYyNjU0MjM4L0ZTWC1sb2dvLnBuZ3xjMjYxYTEwZDkyMWMzYWU3ODk4MDAwYmYxYTExMmY2MjkwNWIzNzdjZjIyNjE2MGExZGY2ZWRlZTU4YjQzYjky	1564126703593	1564126704157	OK	 
REQUEST	1		Home-Page-Carousel-1-shutterstock-792066871.jpg?context=bWFzdGVyfHJvb3R8OTQ4MDZ8aW1hZ2UvanBlZ3xoNDIvaGY3Lzg3OTYxNjI4NTA4NDYvSG9tZS1QYWdlLUNhcm91c2VsLTEtc2h1dHRlcnN0b2NrXzc5MjA2Njg3MS5qcGd8NTQ4NjMyNmE4YmMwOTJhNzEwOWVhZDYyMWE3MjBjY2EzZDA2NzBhNGIzOGExMTY5ODI0NDZmZGE5NjE1MmJhZQ	1564126703599	1564126704548	OK	 
REQUEST	1		Kitchen-Equipment.jpg?context=bWFzdGVyfGltYWdlc3w2MDcyMnxpbWFnZS9qcGVnfGgzYS9oOTgvODc5NjE2MzUwNjIwNi9LaXRjaGVuLUVxdWlwbWVudC5qcGd8ZDczNWNlM2YyZTlkZmNkNjI1NzE2NmRiZGVkY2JjNGNhZGEwMTk4NWM5ZGMzZmUxMzg5YmFmNzhjYjA2ZmZiYQ	1564126704158	1564126704750	OK	 
REQUEST	1		Home-Page-Carousel-5-shutterstock-121103542.jpg?context=bWFzdGVyfHJvb3R8MjEzMjk0fGltYWdlL2pwZWd8aDgzL2hmMy84Nzk2MTYyOTgxOTE4L0hvbWUtUGFnZS1DYXJvdXNlbC01LXNodXR0ZXJzdG9ja18xMjExMDM1NDIuanBnfDVjNmRjNTU3N2NlNjZkMjRkZWRmYjA4NjA1MDViMTcxZDAzMzEwZjdkNTA1YzYxNWQ0ODUyNGRkMTEyMWUxNjU	1564126704132	1564126704826	OK	 
REQUEST	1		Light-Counter-Equipment.jpg?context=bWFzdGVyfGltYWdlc3wzMDI3MnxpbWFnZS9qcGVnfGgzOC9oOWIvODc5NjE2MzQ0MDY3MC9MaWdodC1Db3VudGVyLUVxdWlwbWVudC5qcGd8ZmQ3MWMzMzQ0Y2I2OWZiZTJlMjE3MWViOGZkNTczNjg3ZTI5ZjkxNTc2Yzc1Y2Q3NzZhNjMzNjFiYmVjMzIzMw	1564126704549	1564126704842	OK	 
REQUEST	1		Home-Page-Carousel-3-shutterstock-1119898184.jpg?context=bWFzdGVyfHJvb3R8MTgzNjE2fGltYWdlL2pwZWd8aGViL2hmNi84Nzk2MTYyODgzNjE0L0hvbWUtUGFnZS1DYXJvdXNlbC0zLXNodXR0ZXJzdG9ja18xMTE5ODk4MTg0LmpwZ3w4MzFlM2UyNDMyM2JiN2EwOTM5ZjRmZWJiZTA4OGQ1OTcwMWQ5M2RjODYxM2JiNTQ1Y2E1NTFjNjdiOTk2N2Vm	1564126703609	1564126704881	OK	 
REQUEST	1		Bar-Equipment.jpg?context=bWFzdGVyfGltYWdlc3w3MTAyOXxpbWFnZS9qcGVnfGhlMS9oOWEvODc5NjE2MzQ3MzQzOC9CYXItRXF1aXBtZW50LmpwZ3w3NjE0M2I0Yjg2MTgzMWViOTRmNzA0ZDUwZjQxOTBkYTY3ZTkyZWZkY2IxZjQ3NDUxYjAzMWFmMzI0ZjMzYzdl	1564126704751	1564126705066	OK	 
REQUEST	1		Smallwares.jpg?context=bWFzdGVyfGltYWdlc3w0NDk0M3xpbWFnZS9qcGVnfGgwYi9oOWYvODc5NjE2MzMwOTU5OC9TbWFsbHdhcmVzLmpwZ3xiNmQzOWE0NTM2N2ZjMGM4ZDdmOGYyMzY5NTE0ODEwMjc4NTczOTQzM2JiOWQ2ZTgzNzVhYzAzNmRkOTBiZjY3	1564126704842	1564126705177	OK	 
REQUEST	1		Home-Page-Carousel-2-shutterstock-687081655.jpg?context=bWFzdGVyfHJvb3R8MTc4NzA1fGltYWdlL2pwZWd8aDQ0L2hmNC84Nzk2MTYyOTE2MzgyL0hvbWUgUGFnZSBDYXJvdXNlbCAyIHNodXR0ZXJzdG9ja182ODcwODE2NTUuanBnfDlhMDk0Mjg2MWIzNGMyMDU3ZGNkYzRkY2U5MDY0OWUyYzkwZGIwYTIyZDVmYzZjMDU0NDk5MmE0OTJkOGFkYjY	1564126703606	1564126705200	OK	 
REQUEST	1		Table-Top.jpg?context=bWFzdGVyfGltYWdlc3w3MzkwMXxpbWFnZS9qcGVnfGhiMi9oYTEvODc5NjE2MzI3NjgzMC9UYWJsZS1Ub3AuanBnfGQ1ZTMwN2M2Mjk1ZGJkYzBiOWJmNmJlY2NmNjM0YTkzMGRiYzZiNDU0MDgxMzI3MGQ2NTAwNzUzYmRkZmViNzk	1564126704827	1564126705202	OK	 
REQUEST	1		Lodging.jpg?context=bWFzdGVyfGltYWdlc3wzMjEzNnxpbWFnZS9qcGVnfGhhMy9oOWIvODc5NjE2MzQwNzkwMi9Mb2RnaW5nLmpwZ3w5ZjMyMWE2NDQ1NmE3N2Q5N2ZiZTJmNmZlOTc1YjI1ZjJhMjYzMTEyZDRjZGViYzUxMmZjYTY3ZGE4NGQ1YjNj	1564126705067	1564126705346	OK	 
REQUEST	1		FSX-footer-logo.png?context=bWFzdGVyfGltYWdlc3w2MDI5fGltYWdlL3BuZ3xoMjQvaGU2Lzg3OTYxNjc4NjQzNTAvRlNYLWZvb3Rlci1sb2dvLnBuZ3xmNWU4MTRiZjFhYWViNGE0NmU3NmE1MmFjMDE4MTcyMjk0NGU0Yzk2NmVlYmMzOGE3NDkxOWFkZDc3OTM3OWQy	1564126705201	1564126705446	OK	 
REQUEST	1		Home-Page-Carousel-4-shutterstock-273567461.jpg?context=bWFzdGVyfHJvb3R8MjEwNTczfGltYWdlL2pwZWd8aGVjL2hmMy84Nzk2MTYyOTQ5MTUwL0hvbWUtUGFnZS1DYXJvdXNlbC00LXNodXR0ZXJzdG9ja18yNzM1Njc0NjEuanBnfDQyMDUzZGIzOTM1ZDgxMzM2YzJhYTk0MjlhZjMwOTRiYjc4NTc2NmJlM2FhNWU0ZjQwYzk3ZDgxZDc4YjQ5ZWI	1564126703876	1564126705472	OK	 
REQUEST	1		facebook.png?context=bWFzdGVyfHJvb3R8MTcxNXxpbWFnZS9wbmd8aGE4L2g5Ny84Nzk2MTY4MDYwOTU4L2ZhY2Vib29rLnBuZ3wyYTkxNDRlYWZhOTc0YmIwMjRlZDgwNjEyYTM4NTVlYWIzMDNiZDg3Y2Y2NmJhODc4NTc1OTFjNTcwMzkxMGM2	1564126705203	1564126705474	OK	 
REQUEST	1		Janitorial.jpg?context=bWFzdGVyfGltYWdlc3w3MDgyOXxpbWFnZS9qcGVnfGg0OS9oOWUvODc5NjE2MzM3NTEzNC9KYW5pdG9yaWFsLmpwZ3w1MTJjOTk2MmRmZjk1NjUwMmRiNzBjNTBhNjE5NzIzZTZiYThjNzI3ODYxMmQ4NjMwOTMzNDhiNTk2OWEyMzBm	1564126705178	1564126705500	OK	 
REQUEST	1		linkedin.png?context=bWFzdGVyfHJvb3R8MTkwOHxpbWFnZS9wbmd8aDY1L2hlMi84Nzk2MTY3OTk1NDIyL2xpbmtlZGluLnBuZ3w2NTZkMWJhYjI1MzA1NzJkZTc3NTQ2ZDhjMDBlNmY5ZDhmM2I5ZDdhYTU1YzQ3YzlhZjk1NTM0YTA1ZTkzMGRh	1564126705347	1564126705682	OK	 
REQUEST	1		instagram.png?context=bWFzdGVyfHJvb3R8MzQwN3xpbWFnZS9wbmd8aDEyL2g5OC84Nzk2MTY4MDI4MTkwL2luc3RhZ3JhbS5wbmd8NDU4ZjQ5YjFjODQxNjQ5MjIwMzg0NzkwNWRiZTMxMDFkZDRkMmEzMzQxYzZhNGJhZTRhZGUwYjUyZDhiNWQwMQ	1564126705447	1564126705686	OK	 
REQUEST	1		generatedVariables.js	1564126705473	1564126705708	OK	 
REQUEST	1		jquery-3.2.1.min.js	1564126705475	1564126705760	OK	 
REQUEST	1		enquire.min.js	1564126705501	1564126705763	OK	 
REQUEST	1		Imager.min.js	1564126705683	1564126705941	OK	 
REQUEST	1		jquery.blockUI-2.66.js	1564126705709	1564126705944	OK	 
REQUEST	1		purify.min.js	1564126705687	1564126705967	OK	 
REQUEST	1		jquery.colorbox-min.js	1564126705761	1564126706024	OK	 
REQUEST	1		jquery.form.min.js	1564126705763	1564126706027	OK	 
REQUEST	1		Furniture.jpg?context=bWFzdGVyfGltYWdlc3w1NTczNnxpbWFnZS9qcGVnfGhhMC9oOWUvODc5NjE2MzM0MjM2Ni9GdXJuaXR1cmUuanBnfDFkMjZiNzIyZTU1MTJkNjY4ZWIzMzFlMjQzYzAxNzVlZjYyYWMzMGY2NDQ5OGEyMzhmMWEzZTc1MTQ3Njk4NDM	1564126704882	1564126706060	OK	 
REQUEST	1		jquery.pstrength.custom-1.2.0.js	1564126705944	1564126706195	OK	 
REQUEST	1		jquery.syncheight.custom.js	1564126705968	1564126706200	OK	 
REQUEST	1		jquery.hoverIntent.js	1564126705942	1564126706202	OK	 
REQUEST	1		jquery.tabs.custom.js	1564126706024	1564126706284	OK	 
REQUEST	1		jquery.zoom.custom.js	1564126706061	1564126706290	OK	 
REQUEST	1		jquery-ui-1.12.1.min.js	1564126706027	1564126706328	OK	 
REQUEST	1		owl.carousel.custom.js	1564126706196	1564126706433	OK	 
REQUEST	1		jquery.tmpl-1.0.0pre.min.js	1564126706201	1564126706436	OK	 
REQUEST	1		jquery.currencies.min.js	1564126706203	1564126706459	OK	 
REQUEST	1		jquery.slideviewer.custom.1.2.js	1564126706291	1564126706533	OK	 
REQUEST	1		jquery.waitforimages.min.js	1564126706285	1564126706545	OK	 
REQUEST	1		owl.carousel.min.js	1564126706329	1564126706598	OK	 
REQUEST	1		jquery.validate.min.js	1564126706434	1564126706670	OK	 
REQUEST	1		acc.address.js	1564126706438	1564126706672	OK	 
REQUEST	1		acc.autocomplete.js	1564126706460	1564126706718	OK	 
REQUEST	1		acc.carousel.js	1564126706534	1564126706764	OK	 
REQUEST	1		acc.cart.js	1564126706545	1564126706809	OK	 
REQUEST	1		acc.cartitem.js	1564126706599	1564126706859	OK	 
REQUEST	1		acc.checkout.js	1564126706671	1564126706900	OK	 
REQUEST	1		acc.checkoutsteps.js	1564126706673	1564126706903	OK	 
REQUEST	1		acc.checkoutaddress.js	1564126706719	1564126706975	OK	 
REQUEST	1		acc.cms.js	1564126706765	1564126706992	OK	 
REQUEST	1		acc.colorbox.js	1564126706810	1564126707070	OK	 
REQUEST	1		acc.common.js	1564126706860	1564126707118	OK	 
REQUEST	1		acc.forgottenpassword.js	1564126706902	1564126707129	OK	 
REQUEST	1		acc.global.js	1564126706904	1564126707133	OK	 
REQUEST	1		acc.imagegallery.js	1564126706993	1564126707223	OK	 
REQUEST	1		acc.hopdebug.js	1564126706975	1564126707231	OK	 
REQUEST	1		acc.langcurrencyselector.js	1564126707071	1564126707330	OK	 
REQUEST	1		acc.navigation.js	1564126707129	1564126707366	OK	 
REQUEST	1		acc.order.js	1564126707134	1564126707369	OK	 
REQUEST	1		acc.minicart.js	1564126707119	1564126707377	OK	 
REQUEST	1		acc.paginationsort.js	1564126707223	1564126707453	OK	 
REQUEST	1		acc.payment.js	1564126707231	1564126707488	OK	 
REQUEST	1		acc.paymentDetails.js	1564126707331	1564126707591	OK	 
REQUEST	1		acc.pickupinstore.js	1564126707367	1564126707599	OK	 
REQUEST	1		acc.product.js	1564126707370	1564126707601	OK	 
REQUEST	1		acc.productDetail.js	1564126707378	1564126707636	OK	 
REQUEST	1		acc.quickview.js	1564126707453	1564126707686	OK	 
REQUEST	1		acc.ratingstars.js	1564126707489	1564126707747	OK	 
REQUEST	1		acc.sanitizer.js	1564126707600	1564126707827	OK	 
REQUEST	1		acc.silentorderpost.js	1564126707602	1564126707831	OK	 
REQUEST	1		acc.refinements.js	1564126707592	1564126707855	OK	 
REQUEST	1		acc.tabs.js	1564126707637	1564126707896	OK	 
REQUEST	1		acc.termsandconditions.js	1564126707688	1564126707916	OK	 
REQUEST	1		acc.track.js	1564126707748	1564126708005	OK	 
REQUEST	1		acc.storefinder.js	1564126707828	1564126708058	OK	 
REQUEST	1		acc.futurelink.js	1564126707832	1564126708061	OK	 
REQUEST	1		acc.productorderform.js	1564126707856	1564126708117	OK	 
REQUEST	1		acc.multidgrid.js	1564126707918	1564126708147	OK	 
REQUEST	1		acc.savedcarts.js	1564126707897	1564126708156	OK	 
REQUEST	1		acc.quickorder.js	1564126708006	1564126708346	OK	 
REQUEST	1		acc.quote.js	1564126708059	1564126708349	OK	 
REQUEST	1		acc.consent.js	1564126708062	1564126708351	OK	 
REQUEST	1		acc.cookienotification.js	1564126708118	1564126708377	OK	 
REQUEST	1		acc.closeaccount.js	1564126708148	1564126708380	OK	 
REQUEST	1		acc.csv-import.js	1564126708157	1564126708415	OK	 
REQUEST	1		fsxwishlistaddon.js	1564126708350	1564126708577	OK	 
REQUEST	1		miraklratingstars.js	1564126708352	1564126708580	OK	 
REQUEST	1		_autoload.js	1564126708347	1564126708604	OK	 
REQUEST	1		miraklpopups.js	1564126708381	1564126708609	OK	 
REQUEST	1		mirakltabs.js	1564126708378	1564126708638	OK	 
REQUEST	1		miraklexpandable.js	1564126708416	1564126708673	OK	 
REQUEST	1		miraklorderconditions.js	1564126708578	1564126708807	OK	 
REQUEST	1		fsxmirakladdon.js	1564126708581	1564126708811	OK	 
REQUEST	1		acc.paymentType.js	1564126708610	1564126708839	OK	 
REQUEST	1		acc.checkoutsummary.js	1564126708604	1564126708861	OK	 
REQUEST	1		acc.replenishment.js	1564126708639	1564126708898	OK	 
REQUEST	1		acc.orderform.js	1564126708674	1564126708934	OK	 
REQUEST	1		acc.approval.js	1564126708808	1564126709036	OK	 
REQUEST	1		acc.main.js	1564126708812	1564126709057	OK	 
REQUEST	1		acc.main-dev.js	1564126708840	1564126709078	OK	 
REQUEST	1		setup.js	1564126708899	1564126709164	OK	 
REQUEST	1		combined.min.js	1564126708862	1564126709188	OK	 
REQUEST	1		xzoom.js	1564126708935	1564126709194	OK	 
REQUEST	1		acc.plp-list-view.js	1564126709037	1564126709269	OK	 
REQUEST	1		request_11	1564126709059	1564126709285	OK	 
REQUEST	1		request_12	1564126709079	1564126709348	OK	 
REQUEST	1		request_14	1564126709189	1564126709447	OK	 
REQUEST	1		request_15	1564126709195	1564126709453	OK	 
REQUEST	1		request_13	1564126709165	1564126709881	OK	 
USER	Registration	1	END	1564126572823	1564126709897
