RUN	LPS.UserLogin_PragitiDev	userlogin-pragitidev	1564125724062	 	3.1.2
USER	UserLogin_PragitiDev	1	START	1564125725633	1564125725633
REQUEST	1		request_0	1564125725668	1564125726512	OK	 
REQUEST	1		favicon.ico	1564125726732	1564125726843	OK	 
REQUEST	1		owl.carousel.min.css	1564125726869	1564125726931	OK	 
REQUEST	1		owl.theme.default.min.css	1564125726976	1564125727031	OK	 
REQUEST	1		smarteditaddon.css	1564125726735	1564125727095	OK	 
REQUEST	1		fsxwishlistaddon.css	1564125726734	1564125727101	OK	 
REQUEST	1		fsxmirakladdon.css	1564125726735	1564125727108	OK	 
REQUEST	1		intlTelInput.css	1564125727033	1564125727113	OK	 
REQUEST	1		mirakladdon.css	1564125726734	1564125727152	OK	 
REQUEST	1		easydropdown.flat.css	1564125727106	1564125727160	OK	 
REQUEST	1		xzoom.css	1564125727111	1564125727163	OK	 
REQUEST	1		analyticsmediator.js	1564125727164	1564125727218	OK	 
REQUEST	1		application-custom.css	1564125727162	1564125727222	OK	 
REQUEST	1		css?family=Open+Sans:300,400,600,700,800	1564125726735	1564125727304	OK	 
REQUEST	1		FSX-logo.png?context=bWFzdGVyfGltYWdlc3wyNTcyNHxpbWFnZS9wbmd8aW1hZ2VzL2gyMy9oYTYvODc5ODgyODg4ODA5NC5wbmd8ZjM4YTNkMDcwYTFjODM4NDI0YzlmMjE4MTVhOWI0N2VmZWQ1ZTE0YWJjMzdkMzUyMGYzZGZjOTlmNzA1N2ZjYg	1564125727220	1564125727346	OK	 
REQUEST	1		jquery.mCustomScrollbar.min.css	1564125727098	1564125727378	OK	 
REQUEST	1		css?family=Open+Sans:400,300,300italic,400italic,600,600italic,700,700italic,800,800italic	1564125726742	1564125727406	OK	 
REQUEST	1		bootstrap-3.3.7.min.css	1564125727118	1564125727484	OK	 
REQUEST	1		Home-Page-Carousel-1-shutterstock-792066871.jpg?context=bWFzdGVyfHJvb3R8OTQ4MDZ8aW1hZ2UvanBlZ3xoYzYvaDkxLzg3OTg5MTEzOTc5MTguanBnfGYwNGJiZDVhZTFjMDgwMzhiYmNlNTdlMWI0MjNlNWVhYjNhMzkxYzI3OTY0ODBhOWQ2MmI0ZjUzNjEwYWU3MjY	1564125727227	1564125727504	OK	 
REQUEST	1		Home-Page-Carousel-2-shutterstock-687081655.jpg?context=bWFzdGVyfHJvb3R8MTc4NzA1fGltYWdlL2pwZWd8aDVmL2g5YS84Nzk4OTExNDYzNDU0LmpwZ3w2MWM1YjFiMmMyZjZmMzQ2OTM3MWFiNmNmYzQ3NjM3ZDMzMTgzYmRiOTQxMjkwYTc4ZTI4OGVmZjBmNWYwOTgx	1564125727347	1564125727926	OK	 
REQUEST	1		Home-Page-Carousel-3-shutterstock-1119898184.jpg?context=bWFzdGVyfHJvb3R8MTgzNjE2fGltYWdlL2pwZWd8aGNmL2gwZC84Nzk4OTExNTI4OTkwLmpwZ3xmYTc4YWNlYWRkNGE3ZjI4MWJlYWJhNGU2ZGZiZjQyNTk1ZTBhOTQxOWFkMjBhMjUzNDA5NGRkZTdhYzk3YWNl	1564125727381	1564125728048	OK	 
REQUEST	1		Home-Page-Carousel-5-shutterstock-121103542.jpg?context=bWFzdGVyfHJvb3R8MjEzMjk0fGltYWdlL2pwZWd8aDNkL2g1OC84Nzk4OTExNjYwMDYyLmpwZ3xjYmQ0MGVmM2I4NTRlNjIwNGI1ZTI2ZjI0OWZjYjk1NjNiOTNlYWJlNjYyOWEyMTIwYTgxMGVmOTcxYWZjZjM5	1564125727506	1564125728201	OK	 
REQUEST	1		style.css	1564125726733	1564125728209	OK	 
REQUEST	1		Light-Counter-Equipment.jpg?context=bWFzdGVyfHJvb3R8MzAyNzJ8aW1hZ2UvanBlZ3xoNzAvaDg3Lzg3OTg2Njc4OTg5MTAuanBnfDU4ODhmN2ZlYTk2OTYwYzg0YTY0OGI0ZjMwMWQ5ZmFiYjM1ZDJjODg5N2M1ZWEyZmJlOGI1MjFjNjY0ODc3ZWQ	1564125728050	1564125728225	OK	 
REQUEST	1		Home-Page-Carousel-4-shutterstock-273567461.jpg?context=bWFzdGVyfHJvb3R8MjEwNTczfGltYWdlL2pwZWd8aGU4L2hkMy84Nzk4OTExNTk0NTI2LmpwZ3xlY2YyMjU0ZjQyMmY0Y2Y1YmE4NmU3NDA1NTJmMGRhNDk1NzU1YTc2ZWMyYWQ3ODhjZmY2ZDViYzZmMzBiMjhl	1564125727492	1564125728298	OK	 
REQUEST	1		KitchenEquipment.jpg?context=bWFzdGVyfGltYWdlc3wxNTI4MTZ8aW1hZ2UvanBlZ3xpbWFnZXMvaDE2L2g1Ni84ODAyODUzODE0MzAyLmpwZ3xlMDlmZWM5ODBmOWMxYzBmM2I2ZGUzNTk2NWU1YTk1ODJlMTZiOTFkYmRhNjY1ODAxNzBkODEzZjhkZDhhNDBi	1564125727929	1564125728401	OK	 
REQUEST	1		application.min.css	1564125727154	1564125728405	OK	 
REQUEST	1		Bar-Equipment.jpg?context=bWFzdGVyfHJvb3R8NzEwMjl8aW1hZ2UvanBlZ3xoNjUvaGEyLzg3OTg2Njc5NjQ0NDYuanBnfGZiNjQ3MGI3ZDlmMTIwZWRhYTY2ZTFlZjIxMGY5NjUyZDU4NmU3MTI1OTFmMjZkNzY1NGUxYjc0ZDBlNGFkZmE	1564125728203	1564125728455	OK	 
REQUEST	1		Furniture.jpg?context=bWFzdGVyfHJvb3R8NTU3MzZ8aW1hZ2UvanBlZ3xoZjcvaGY5Lzg3OTg2NjgyOTIxMjYuanBnfDYyMmI0N2MwYmM4NzFmYTJiZTQzZTIyNTk0OWIyOWFlYTVlMDA3YWFjMzVjN2ExOTYyZGQ3YjViN2U0NzEzMTM	1564125728300	1564125728533	OK	 
REQUEST	1		FSX-footer-logo.png?context=bWFzdGVyfGltYWdlc3w2MDI5fGltYWdlL3BuZ3xpbWFnZXMvaDBhL2g1My84Nzk5NTY4MjY1MjQ2LnBuZ3w0ZjgwZjgwZWM5Nzc2ODIwZmRjYjc1NmRkNjJkODk1NjFhMDU5YTBiZWI2Y2MwNTI4NzQ5N2RmYmExOTUyNmJj	1564125728456	1564125728568	OK	 
REQUEST	1		Smallwares.jpg?context=bWFzdGVyfGltYWdlc3wxMDg4NDN8aW1hZ2UvanBlZ3xpbWFnZXMvaDc5L2g3NS84ODAyODU0NzMxODA2LmpwZ3wxM2VkNTQwZmQwNTg4M2QzNjZhYzAxMzk2YTIxMTY2M2ZlMzNiMzM5NjUxNDcwZTc5MjFhY2ZhMDk0MDA4ZmNi	1564125728227	1564125728571	OK	 
REQUEST	1		Lodging.jpg?context=bWFzdGVyfHJvb3R8MzIxMzZ8aW1hZ2UvanBlZ3xoZWUvaDQ1Lzg3OTg2NzMyMDczMjYuanBnfGFkYWY1MjYwMmUyYmVjM2U2ZTlmZmQwMmY2NTM2NmEwYTRkMzNhZGI2Yzk4ZjNjOTg5NTUzMmI3MTVjODc3MzI	1564125728404	1564125728574	OK	 
REQUEST	1		TableTop.jpg?context=bWFzdGVyfGltYWdlc3wxNjIyODJ8aW1hZ2UvanBlZ3xpbWFnZXMvaGFlL2g0ZC84ODAyODU0NzY0NTc0LmpwZ3w1ZDFmNzRjZmM3NWRiMDA1Yjk2ZjkyNjJhN2YwZDE5MTczYTc4ZTM5MDk5ZTIzMGYxZTljOWU3MmZiOWQyYjM3	1564125728223	1564125728597	OK	 
REQUEST	1		linkedin.png?context=bWFzdGVyfHJvb3R8MTkwOHxpbWFnZS9wbmd8aDY0L2g3Mi84ODAyMjkzMzgzMTk4LnBuZ3xlMzdhOTVjMWE5YjdiOGJlNjgxMTk5M2RlMDcwM2FhMGEyYzVmYmZjNGI0MTgzMjllZmMwMzE1MzZmNmVhZjg3	1564125728569	1564125728621	OK	 
REQUEST	1		facebook.png?context=bWFzdGVyfHJvb3R8MTcxNXxpbWFnZS9wbmd8aDczL2g0ZS84ODAyMjkzMzUwNDMwLnBuZ3wxZjA1YTQwMzQ4ZWQxNzZiNDZjNDUyMzE1YTY1MWM5NmYzM2RlMGVkZjZmMWM3Yzc4YmQwYzdiNTAzMWRjMDcy	1564125728535	1564125728627	OK	 
REQUEST	1		instagram.png?context=bWFzdGVyfHJvb3R8MzQwN3xpbWFnZS9wbmd8aDUzL2hkZC84ODAyMjkzNDE1OTY2LnBuZ3xmOTYxNzkzNGE4NzQwYjQ0MmVkMTRiYjExY2VkZWEwZjM1MDNkZmJjYzMwNTM5NWI0MWJmYWM5MWUzMzgxMjBk	1564125728572	1564125728630	OK	 
REQUEST	1		generatedVariables.js	1564125728575	1564125728639	OK	 
REQUEST	1		enquire.min.js	1564125728623	1564125728678	OK	 
REQUEST	1		purify.min.js	1564125728632	1564125728683	OK	 
REQUEST	1		Imager.min.js	1564125728629	1564125728686	OK	 
REQUEST	1		jquery.blockUI-2.66.js	1564125728641	1564125728697	OK	 
REQUEST	1		Janitorial.jpg?context=bWFzdGVyfHJvb3R8NzA4Mjl8aW1hZ2UvanBlZ3xoMjkvaGNhLzg3OTg2NzM0MDM5MzQuanBnfDEzNDkwZjhhYjY5MWRhMzJhYWRlMzEzMWVkYjYxMDJiYzFlYzMwZmU4ZmQzZjU2MTk2YzAyZjRiZGJhYjMwNzc	1564125728434	1564125728700	OK	 
REQUEST	1		jquery.colorbox-min.js	1564125728680	1564125728729	OK	 
REQUEST	1		jquery.form.min.js	1564125728684	1564125728740	OK	 
REQUEST	1		jquery-3.2.1.min.js	1564125728600	1564125728745	OK	 
REQUEST	1		jquery.hoverIntent.js	1564125728687	1564125728749	OK	 
REQUEST	1		jquery.pstrength.custom-1.2.0.js	1564125728698	1564125728754	OK	 
REQUEST	1		jquery.syncheight.custom.js	1564125728701	1564125728767	OK	 
REQUEST	1		jquery.tabs.custom.js	1564125728730	1564125728789	OK	 
REQUEST	1		jquery.zoom.custom.js	1564125728747	1564125728807	OK	 
REQUEST	1		jquery.tmpl-1.0.0pre.min.js	1564125728756	1564125728815	OK	 
REQUEST	1		jquery.currencies.min.js	1564125728769	1564125728832	OK	 
REQUEST	1		jquery.waitforimages.min.js	1564125728791	1564125728838	OK	 
REQUEST	1		jquery.slideviewer.custom.1.2.js	1564125728809	1564125728867	OK	 
REQUEST	1		jquery.validate.min.js	1564125728833	1564125728929	OK	 
REQUEST	1		owl.carousel.custom.js	1564125728750	1564125728937	OK	 
REQUEST	1		owl.carousel.min.js	1564125728817	1564125728942	OK	 
REQUEST	1		acc.address.js	1564125728840	1564125728945	OK	 
REQUEST	1		acc.autocomplete.js	1564125728869	1564125728954	OK	 
REQUEST	1		acc.checkout.js	1564125728947	1564125729000	OK	 
REQUEST	1		acc.cartitem.js	1564125728944	1564125729002	OK	 
REQUEST	1		acc.checkoutsteps.js	1564125728955	1564125729009	OK	 
REQUEST	1		acc.cart.js	1564125728939	1564125729020	OK	 
REQUEST	1		acc.carousel.js	1564125728930	1564125729023	OK	 
REQUEST	1		acc.checkoutaddress.js	1564125729001	1564125729049	OK	 
REQUEST	1		acc.cms.js	1564125729002	1564125729052	OK	 
REQUEST	1		acc.colorbox.js	1564125729009	1564125729057	OK	 
REQUEST	1		acc.common.js	1564125729021	1564125729097	OK	 
REQUEST	1		acc.global.js	1564125729050	1564125729100	OK	 
REQUEST	1		acc.hopdebug.js	1564125729053	1564125729102	OK	 
REQUEST	1		acc.forgottenpassword.js	1564125729023	1564125729105	OK	 
REQUEST	1		acc.imagegallery.js	1564125729058	1564125729109	OK	 
REQUEST	1		acc.minicart.js	1564125729101	1564125729153	OK	 
REQUEST	1		acc.langcurrencyselector.js	1564125729098	1564125729154	OK	 
REQUEST	1		acc.navigation.js	1564125729104	1564125729161	OK	 
REQUEST	1		acc.paginationsort.js	1564125729111	1564125729166	OK	 
REQUEST	1		acc.order.js	1564125729106	1564125729173	OK	 
REQUEST	1		jquery-ui-1.12.1.min.js	1564125728742	1564125729194	OK	 
REQUEST	1		acc.payment.js	1564125729154	1564125729211	OK	 
REQUEST	1		acc.pickupinstore.js	1564125729161	1564125729216	OK	 
REQUEST	1		acc.product.js	1564125729167	1564125729221	OK	 
REQUEST	1		acc.paymentDetails.js	1564125729155	1564125729222	OK	 
REQUEST	1		acc.productDetail.js	1564125729174	1564125729238	OK	 
REQUEST	1		acc.quickview.js	1564125729194	1564125729244	OK	 
REQUEST	1		acc.ratingstars.js	1564125729212	1564125729263	OK	 
REQUEST	1		acc.refinements.js	1564125729217	1564125729268	OK	 
REQUEST	1		acc.sanitizer.js	1564125729221	1564125729270	OK	 
REQUEST	1		acc.silentorderpost.js	1564125729222	1564125729282	OK	 
REQUEST	1		acc.termsandconditions.js	1564125729245	1564125729292	OK	 
REQUEST	1		acc.track.js	1564125729264	1564125729311	OK	 
REQUEST	1		acc.tabs.js	1564125729239	1564125729314	OK	 
REQUEST	1		acc.futurelink.js	1564125729271	1564125729319	OK	 
REQUEST	1		acc.storefinder.js	1564125729269	1564125729320	OK	 
REQUEST	1		acc.multidgrid.js	1564125729312	1564125729359	OK	 
REQUEST	1		acc.quote.js	1564125729319	1564125729374	OK	 
REQUEST	1		acc.consent.js	1564125729321	1564125729378	OK	 
REQUEST	1		acc.savedcarts.js	1564125729293	1564125729387	OK	 
REQUEST	1		acc.quickorder.js	1564125729315	1564125729393	OK	 
REQUEST	1		acc.productorderform.js	1564125729283	1564125729403	OK	 
REQUEST	1		acc.cookienotification.js	1564125729360	1564125729409	OK	 
REQUEST	1		acc.closeaccount.js	1564125729376	1564125729432	OK	 
REQUEST	1		acc.csv-import.js	1564125729380	1564125729435	OK	 
REQUEST	1		_autoload.js	1564125729388	1564125729437	OK	 
REQUEST	1		fsxwishlistaddon.js	1564125729394	1564125729451	OK	 
REQUEST	1		mirakltabs.js	1564125729410	1564125729459	OK	 
REQUEST	1		miraklratingstars.js	1564125729404	1564125729461	OK	 
REQUEST	1		miraklpopups.js	1564125729433	1564125729482	OK	 
REQUEST	1		miraklexpandable.js	1564125729436	1564125729485	OK	 
REQUEST	1		miraklorderconditions.js	1564125729438	1564125729487	OK	 
REQUEST	1		acc.checkoutsummary.js	1564125729460	1564125729509	OK	 
REQUEST	1		fsxmirakladdon.js	1564125729452	1564125729511	OK	 
REQUEST	1		acc.paymentType.js	1564125729462	1564125729515	OK	 
REQUEST	1		acc.replenishment.js	1564125729484	1564125729532	OK	 
REQUEST	1		acc.orderform.js	1564125729486	1564125729541	OK	 
REQUEST	1		acc.approval.js	1564125729488	1564125729543	OK	 
REQUEST	1		webApplicationInjector.js	1564125729510	1564125729558	OK	 
REQUEST	1		adjustComponentRenderingToSE.js	1564125729516	1564125729570	OK	 
REQUEST	1		reprocessPage.js	1564125729512	1564125729572	OK	 
REQUEST	1		smarteditaddon.js	1564125729533	1564125729587	OK	 
REQUEST	1		setup.js	1564125729571	1564125729633	OK	 
REQUEST	1		acc.plp-list-view.js	1564125729588	1564125729680	OK	 
REQUEST	1		acc.main-dev.js	1564125729544	1564125729685	OK	 
REQUEST	1		acc.main.js	1564125729542	1564125729734	OK	 
REQUEST	1		xzoom.js	1564125729573	1564125729736	OK	 
REQUEST	1		combined.min.js	1564125729559	1564125730098	OK	 
REQUEST	1		request_1	1564125732128	1564125732587	OK	 
REQUEST	1		style.css	1564125732652	1564125732700	OK	 
REQUEST	1		favicon.ico	1564125732652	1564125732707	OK	 
REQUEST	1		fsxwishlistaddon.css	1564125732653	1564125732708	OK	 
REQUEST	1		fsxmirakladdon.css	1564125732653	1564125732708	OK	 
REQUEST	1		smarteditaddon.css	1564125732654	1564125732709	OK	 
REQUEST	1		mirakladdon.css	1564125732653	1564125732718	OK	 
REQUEST	1		jquery.min.js	1564125732645	1564125733232	OK	 
REQUEST	1		request_2	1564125809245	1564125809696	OK	 
REQUEST	1		request_2 Redirect 1	1564125809702	1564125810054	OK	 
REQUEST	1		favicon.ico	1564125810097	1564125810148	OK	 
REQUEST	1		owl.carousel.min.css	1564125810149	1564125810202	OK	 
REQUEST	1		owl.theme.default.min.css	1564125810204	1564125810256	OK	 
REQUEST	1		intlTelInput.css	1564125810258	1564125810312	OK	 
REQUEST	1		jquery.mCustomScrollbar.min.css	1564125810313	1564125810409	OK	 
REQUEST	1		smarteditaddon.css	1564125810099	1564125810447	OK	 
REQUEST	1		fsxmirakladdon.css	1564125810099	1564125810453	OK	 
REQUEST	1		fsxwishlistaddon.css	1564125810098	1564125810454	OK	 
REQUEST	1		easydropdown.flat.css	1564125810411	1564125810459	OK	 
REQUEST	1		xzoom.css	1564125810448	1564125810508	OK	 
REQUEST	1		application-custom.css	1564125810460	1564125810530	OK	 
REQUEST	1		mirakladdon.css	1564125810098	1564125810532	OK	 
REQUEST	1		analyticsmediator.js	1564125810510	1564125810579	OK	 
REQUEST	1		FSX-logo.png?context=bWFzdGVyfGltYWdlc3wyNTcyNHxpbWFnZS9wbmd8aW1hZ2VzL2gyMy9oYTYvODc5ODgyODg4ODA5NC5wbmd8ZjM4YTNkMDcwYTFjODM4NDI0YzlmMjE4MTVhOWI0N2VmZWQ1ZTE0YWJjMzdkMzUyMGYzZGZjOTlmNzA1N2ZjYg	1564125810531	1564125810599	OK	 
REQUEST	1		bootstrap-3.3.7.min.css	1564125810453	1564125810805	OK	 
REQUEST	1		Home-Page-Carousel-1-shutterstock-792066871.jpg?context=bWFzdGVyfHJvb3R8OTQ4MDZ8aW1hZ2UvanBlZ3xoYzYvaDkxLzg3OTg5MTEzOTc5MTguanBnfGYwNGJiZDVhZTFjMDgwMzhiYmNlNTdlMWI0MjNlNWVhYjNhMzkxYzI3OTY0ODBhOWQ2MmI0ZjUzNjEwYWU3MjY	1564125810533	1564125810879	OK	 
REQUEST	1		Home-Page-Carousel-2-shutterstock-687081655.jpg?context=bWFzdGVyfHJvb3R8MTc4NzA1fGltYWdlL2pwZWd8aDVmL2g5YS84Nzk4OTExNDYzNDU0LmpwZ3w2MWM1YjFiMmMyZjZmMzQ2OTM3MWFiNmNmYzQ3NjM3ZDMzMTgzYmRiOTQxMjkwYTc4ZTI4OGVmZjBmNWYwOTgx	1564125810580	1564125811197	OK	 
REQUEST	1		Home-Page-Carousel-3-shutterstock-1119898184.jpg?context=bWFzdGVyfHJvb3R8MTgzNjE2fGltYWdlL2pwZWd8aGNmL2gwZC84Nzk4OTExNTI4OTkwLmpwZ3xmYTc4YWNlYWRkNGE3ZjI4MWJlYWJhNGU2ZGZiZjQyNTk1ZTBhOTQxOWFkMjBhMjUzNDA5NGRkZTdhYzk3YWNl	1564125810600	1564125811230	OK	 
REQUEST	1		Light-Counter-Equipment.jpg?context=bWFzdGVyfHJvb3R8MzAyNzJ8aW1hZ2UvanBlZ3xoNzAvaDg3Lzg3OTg2Njc4OTg5MTAuanBnfDU4ODhmN2ZlYTk2OTYwYzg0YTY0OGI0ZjMwMWQ5ZmFiYjM1ZDJjODg5N2M1ZWEyZmJlOGI1MjFjNjY0ODc3ZWQ	1564125811231	1564125811411	OK	 
REQUEST	1		Home-Page-Carousel-4-shutterstock-273567461.jpg?context=bWFzdGVyfHJvb3R8MjEwNTczfGltYWdlL2pwZWd8aGU4L2hkMy84Nzk4OTExNTk0NTI2LmpwZ3xlY2YyMjU0ZjQyMmY0Y2Y1YmE4NmU3NDA1NTJmMGRhNDk1NzU1YTc2ZWMyYWQ3ODhjZmY2ZDViYzZmMzBiMjhl	1564125810807	1564125811522	OK	 
REQUEST	1		Home-Page-Carousel-5-shutterstock-121103542.jpg?context=bWFzdGVyfHJvb3R8MjEzMjk0fGltYWdlL2pwZWd8aDNkL2g1OC84Nzk4OTExNjYwMDYyLmpwZ3xjYmQ0MGVmM2I4NTRlNjIwNGI1ZTI2ZjI0OWZjYjk1NjNiOTNlYWJlNjYyOWEyMTIwYTgxMGVmOTcxYWZjZjM5	1564125810880	1564125811607	OK	 
REQUEST	1		style.css	1564125810097	1564125811629	OK	 
REQUEST	1		application.min.css	1564125810455	1564125811688	OK	 
REQUEST	1		KitchenEquipment.jpg?context=bWFzdGVyfGltYWdlc3wxNTI4MTZ8aW1hZ2UvanBlZ3xpbWFnZXMvaDE2L2g1Ni84ODAyODUzODE0MzAyLmpwZ3xlMDlmZWM5ODBmOWMxYzBmM2I2ZGUzNTk2NWU1YTk1ODJlMTZiOTFkYmRhNjY1ODAxNzBkODEzZjhkZDhhNDBi	1564125811198	1564125811699	OK	 
REQUEST	1		Bar-Equipment.jpg?context=bWFzdGVyfHJvb3R8NzEwMjl8aW1hZ2UvanBlZ3xoNjUvaGEyLzg3OTg2Njc5NjQ0NDYuanBnfGZiNjQ3MGI3ZDlmMTIwZWRhYTY2ZTFlZjIxMGY5NjUyZDU4NmU3MTI1OTFmMjZkNzY1NGUxYjc0ZDBlNGFkZmE	1564125811413	1564125811708	OK	 
REQUEST	1		FSX-footer-logo.png?context=bWFzdGVyfGltYWdlc3w2MDI5fGltYWdlL3BuZ3xpbWFnZXMvaDBhL2g1My84Nzk5NTY4MjY1MjQ2LnBuZ3w0ZjgwZjgwZWM5Nzc2ODIwZmRjYjc1NmRkNjJkODk1NjFhMDU5YTBiZWI2Y2MwNTI4NzQ5N2RmYmExOTUyNmJj	1564125811709	1564125811813	OK	 
REQUEST	1		Lodging.jpg?context=bWFzdGVyfHJvb3R8MzIxMzZ8aW1hZ2UvanBlZ3xoZWUvaDQ1Lzg3OTg2NzMyMDczMjYuanBnfGFkYWY1MjYwMmUyYmVjM2U2ZTlmZmQwMmY2NTM2NmEwYTRkMzNhZGI2Yzk4ZjNjOTg5NTUzMmI3MTVjODc3MzI	1564125811694	1564125811846	OK	 
REQUEST	1		Furniture.jpg?context=bWFzdGVyfHJvb3R8NTU3MzZ8aW1hZ2UvanBlZ3xoZjcvaGY5Lzg3OTg2NjgyOTIxMjYuanBnfDYyMmI0N2MwYmM4NzFmYTJiZTQzZTIyNTk0OWIyOWFlYTVlMDA3YWFjMzVjN2ExOTYyZGQ3YjViN2U0NzEzMTM	1564125811633	1564125811851	OK	 
REQUEST	1		facebook.png?context=bWFzdGVyfHJvb3R8MTcxNXxpbWFnZS9wbmd8aDczL2g0ZS84ODAyMjkzMzUwNDMwLnBuZ3wxZjA1YTQwMzQ4ZWQxNzZiNDZjNDUyMzE1YTY1MWM5NmYzM2RlMGVkZjZmMWM3Yzc4YmQwYzdiNTAzMWRjMDcy	1564125811814	1564125811915	OK	 
REQUEST	1		Smallwares.jpg?context=bWFzdGVyfGltYWdlc3wxMDg4NDN8aW1hZ2UvanBlZ3xpbWFnZXMvaDc5L2g3NS84ODAyODU0NzMxODA2LmpwZ3wxM2VkNTQwZmQwNTg4M2QzNjZhYzAxMzk2YTIxMTY2M2ZlMzNiMzM5NjUxNDcwZTc5MjFhY2ZhMDk0MDA4ZmNi	1564125811608	1564125811923	OK	 
REQUEST	1		TableTop.jpg?context=bWFzdGVyfGltYWdlc3wxNjIyODJ8aW1hZ2UvanBlZ3xpbWFnZXMvaGFlL2g0ZC84ODAyODU0NzY0NTc0LmpwZ3w1ZDFmNzRjZmM3NWRiMDA1Yjk2ZjkyNjJhN2YwZDE5MTczYTc4ZTM5MDk5ZTIzMGYxZTljOWU3MmZiOWQyYjM3	1564125811523	1564125811925	OK	 
REQUEST	1		Janitorial.jpg?context=bWFzdGVyfHJvb3R8NzA4Mjl8aW1hZ2UvanBlZ3xoMjkvaGNhLzg3OTg2NzM0MDM5MzQuanBnfDEzNDkwZjhhYjY5MWRhMzJhYWRlMzEzMWVkYjYxMDJiYzFlYzMwZmU4ZmQzZjU2MTk2YzAyZjRiZGJhYjMwNzc	1564125811700	1564125811927	OK	 
REQUEST	1		linkedin.png?context=bWFzdGVyfHJvb3R8MTkwOHxpbWFnZS9wbmd8aDY0L2g3Mi84ODAyMjkzMzgzMTk4LnBuZ3xlMzdhOTVjMWE5YjdiOGJlNjgxMTk5M2RlMDcwM2FhMGEyYzVmYmZjNGI0MTgzMjllZmMwMzE1MzZmNmVhZjg3	1564125811847	1564125811929	OK	 
REQUEST	1		instagram.png?context=bWFzdGVyfHJvb3R8MzQwN3xpbWFnZS9wbmd8aDUzL2hkZC84ODAyMjkzNDE1OTY2LnBuZ3xmOTYxNzkzNGE4NzQwYjQ0MmVkMTRiYjExY2VkZWEwZjM1MDNkZmJjYzMwNTM5NWI0MWJmYWM5MWUzMzgxMjBk	1564125811852	1564125811931	OK	 
REQUEST	1		generatedVariables.js	1564125811916	1564125811969	OK	 
REQUEST	1		enquire.min.js	1564125811926	1564125811975	OK	 
REQUEST	1		Imager.min.js	1564125811928	1564125811977	OK	 
REQUEST	1		purify.min.js	1564125811930	1564125811982	OK	 
REQUEST	1		jquery.blockUI-2.66.js	1564125811932	1564125812000	OK	 
REQUEST	1		jquery.colorbox-min.js	1564125811970	1564125812023	OK	 
REQUEST	1		jquery.form.min.js	1564125811976	1564125812035	OK	 
REQUEST	1		jquery.pstrength.custom-1.2.0.js	1564125811982	1564125812044	OK	 
REQUEST	1		jquery.syncheight.custom.js	1564125812001	1564125812050	OK	 
REQUEST	1		jquery.hoverIntent.js	1564125811978	1564125812074	OK	 
REQUEST	1		jquery.tabs.custom.js	1564125812024	1564125812082	OK	 
REQUEST	1		jquery.zoom.custom.js	1564125812045	1564125812099	OK	 
REQUEST	1		jquery.tmpl-1.0.0pre.min.js	1564125812075	1564125812139	OK	 
REQUEST	1		jquery.currencies.min.js	1564125812082	1564125812161	OK	 
REQUEST	1		owl.carousel.custom.js	1564125812051	1564125812177	OK	 
REQUEST	1		jquery-3.2.1.min.js	1564125811924	1564125812178	OK	 
REQUEST	1		jquery.waitforimages.min.js	1564125812100	1564125812179	OK	 
REQUEST	1		jquery.slideviewer.custom.1.2.js	1564125812140	1564125812206	OK	 
REQUEST	1		acc.autocomplete.js	1564125812180	1564125812262	OK	 
REQUEST	1		acc.carousel.js	1564125812207	1564125812275	OK	 
REQUEST	1		jquery.validate.min.js	1564125812177	1564125812278	OK	 
REQUEST	1		owl.carousel.min.js	1564125812162	1564125812291	OK	 
REQUEST	1		acc.address.js	1564125812178	1564125812292	OK	 
REQUEST	1		acc.cart.js	1564125812262	1564125812342	OK	 
REQUEST	1		acc.cartitem.js	1564125812276	1564125812343	OK	 
REQUEST	1		acc.checkout.js	1564125812278	1564125812344	OK	 
REQUEST	1		acc.checkoutsteps.js	1564125812291	1564125812349	OK	 
REQUEST	1		acc.checkoutaddress.js	1564125812293	1564125812355	OK	 
REQUEST	1		jquery-ui-1.12.1.min.js	1564125812036	1564125812361	OK	 
REQUEST	1		acc.cms.js	1564125812342	1564125812390	OK	 
REQUEST	1		acc.colorbox.js	1564125812343	1564125812391	OK	 
REQUEST	1		acc.common.js	1564125812344	1564125812391	OK	 
REQUEST	1		acc.forgottenpassword.js	1564125812349	1564125812395	OK	 
REQUEST	1		acc.hopdebug.js	1564125812362	1564125812408	OK	 
REQUEST	1		acc.global.js	1564125812356	1564125812417	OK	 
REQUEST	1		acc.langcurrencyselector.js	1564125812391	1564125812447	OK	 
REQUEST	1		acc.minicart.js	1564125812392	1564125812448	OK	 
REQUEST	1		acc.imagegallery.js	1564125812390	1564125812449	OK	 
REQUEST	1		acc.navigation.js	1564125812396	1564125812452	OK	 
REQUEST	1		acc.order.js	1564125812409	1564125812457	OK	 
REQUEST	1		acc.paginationsort.js	1564125812417	1564125812472	OK	 
REQUEST	1		acc.paymentDetails.js	1564125812448	1564125812497	OK	 
REQUEST	1		acc.payment.js	1564125812447	1564125812499	OK	 
REQUEST	1		acc.product.js	1564125812452	1564125812504	OK	 
REQUEST	1		acc.pickupinstore.js	1564125812449	1564125812506	OK	 
REQUEST	1		acc.productDetail.js	1564125812457	1564125812510	OK	 
REQUEST	1		acc.quickview.js	1564125812472	1564125812537	OK	 
REQUEST	1		acc.ratingstars.js	1564125812499	1564125812552	OK	 
REQUEST	1		acc.refinements.js	1564125812500	1564125812556	OK	 
REQUEST	1		acc.sanitizer.js	1564125812505	1564125812557	OK	 
REQUEST	1		acc.tabs.js	1564125812511	1564125812568	OK	 
REQUEST	1		acc.silentorderpost.js	1564125812507	1564125812569	OK	 
REQUEST	1		acc.termsandconditions.js	1564125812538	1564125812593	OK	 
REQUEST	1		acc.track.js	1564125812553	1564125812600	OK	 
REQUEST	1		acc.storefinder.js	1564125812557	1564125812604	OK	 
REQUEST	1		acc.futurelink.js	1564125812558	1564125812606	OK	 
REQUEST	1		acc.productorderform.js	1564125812569	1564125812636	OK	 
REQUEST	1		acc.savedcarts.js	1564125812569	1564125812639	OK	 
REQUEST	1		acc.quickorder.js	1564125812601	1564125812658	OK	 
REQUEST	1		acc.multidgrid.js	1564125812593	1564125812667	OK	 
REQUEST	1		acc.consent.js	1564125812606	1564125812673	OK	 
REQUEST	1		acc.quote.js	1564125812604	1564125812676	OK	 
REQUEST	1		acc.cookienotification.js	1564125812637	1564125812685	OK	 
REQUEST	1		acc.closeaccount.js	1564125812640	1564125812687	OK	 
REQUEST	1		acc.csv-import.js	1564125812658	1564125812719	OK	 
REQUEST	1		fsxwishlistaddon.js	1564125812674	1564125812721	OK	 
REQUEST	1		miraklratingstars.js	1564125812676	1564125812725	OK	 
REQUEST	1		_autoload.js	1564125812667	1564125812728	OK	 
REQUEST	1		mirakltabs.js	1564125812686	1564125812736	OK	 
REQUEST	1		miraklpopups.js	1564125812688	1564125812738	OK	 
REQUEST	1		miraklexpandable.js	1564125812720	1564125812769	OK	 
REQUEST	1		miraklorderconditions.js	1564125812722	1564125812773	OK	 
REQUEST	1		fsxmirakladdon.js	1564125812725	1564125812775	OK	 
REQUEST	1		acc.paymentType.js	1564125812737	1564125812786	OK	 
REQUEST	1		acc.replenishment.js	1564125812739	1564125812790	OK	 
REQUEST	1		acc.checkoutsummary.js	1564125812729	1564125812792	OK	 
REQUEST	1		acc.orderform.js	1564125812770	1564125812823	OK	 
REQUEST	1		acc.approval.js	1564125812774	1564125812825	OK	 
REQUEST	1		webApplicationInjector.js	1564125812776	1564125812827	OK	 
REQUEST	1		reprocessPage.js	1564125812787	1564125812835	OK	 
REQUEST	1		adjustComponentRenderingToSE.js	1564125812791	1564125812838	OK	 
REQUEST	1		smarteditaddon.js	1564125812792	1564125812847	OK	 
REQUEST	1		setup.js	1564125812836	1564125812909	OK	 
REQUEST	1		acc.plp-list-view.js	1564125812847	1564125812936	OK	 
REQUEST	1		xzoom.js	1564125812840	1564125812963	OK	 
REQUEST	1		acc.main-dev.js	1564125812826	1564125812993	OK	 
REQUEST	1		acc.main.js	1564125812824	1564125813021	OK	 
REQUEST	1		combined.min.js	1564125812828	1564125813361	OK	 
USER	UserLogin_PragitiDev	1	END	1564125725633	1564125813377
